2022-12-29 16:16:04 [백엔드 맛보기] info : 3000 포트에서 서버가 가동되었습니다. 
2022-12-29 16:18:04 [백엔드 맛보기] info : GET /login 200 "로그인 화면으로 이동" 
2022-12-29 16:18:04 [백엔드 맛보기] info : GET /login 200 "로그인 화면으로 이동" 
2022-12-29 16:18:04 [백엔드 맛보기] info : GET /login 200 "로그인 화면으로 이동" 
2022-12-29 16:18:04 [백엔드 맛보기] info : GET /login 200 "로그인 화면으로 이동" 
2022-12-29 16:20:04 [백엔드 맛보기] info : GET /login 200 "로그인 화면으로 이동" 
2022-12-29 16:21:04 [백엔드 맛보기] info : GET /login 200 "로그인 화면으로 이동" 
2022-12-29 16:22:04 [백엔드 맛보기] info : 3000 포트에서 서버가 가동되었습니다. 
2022-12-29 16:23:04 [백엔드 맛보기] info : 3000 포트에서 서버가 가동되었습니다. 
2022-12-29 16:23:04 [백엔드 맛보기] info : 3000 포트에서 서버가 가동되었습니다. 
2022-12-29 16:25:04 [백엔드 맛보기] info : 3000 포트에서 서버가 가동되었습니다. 
2022-12-29 16:27:04 [백엔드 맛보기] info : 3000 포트에서 서버가 가동되었습니다. 
2022-12-29 16:27:04 [백엔드 맛보기] info : GET /login 200 "로그인 화면으로 이동" 
2022-12-29 16:27:04 [백엔드 맛보기] error : POST /login  Response: false TypeError: Cannot destructure property 'id' of '(intermediate value)' as it is undefined." 
2022-12-29 16:28:04 [백엔드 맛보기] info : GET /register 200 "회원가입 화면으로 이동" 
2022-12-29 16:28:04 [백엔드 맛보기] info : GET /register 200 "회원가입 화면으로 이동" 
2022-12-29 16:28:04 [백엔드 맛보기] info : GET /login 200 "로그인 화면으로 이동" 
2022-12-29 16:29:04 [백엔드 맛보기] info : 3000 포트에서 서버가 가동되었습니다. 
2022-12-29 16:30:04 [백엔드 맛보기] info : POST /login  Response: true undefined" 
2022-12-29 16:30:04 [백엔드 맛보기] info : GET / 200 "홈 화면으로 이동" 
2022-12-29 16:30:04 [백엔드 맛보기] info : GET /login 200 "로그인 화면으로 이동" 
2022-12-29 16:31:04 [백엔드 맛보기] info : 3000 포트에서 서버가 가동되었습니다. 
2022-12-29 16:31:04 [백엔드 맛보기] info : POST /login  Response: true " 
2022-12-29 16:31:04 [백엔드 맛보기] info : GET / 200 "홈 화면으로 이동" 
2022-12-29 16:32:04 [백엔드 맛보기] info : 3000 포트에서 서버가 가동되었습니다. 
2022-12-29 16:32:04 [백엔드 맛보기] info : GET /login 200 "로그인 화면으로 이동" 
2022-12-29 16:32:04 [백엔드 맛보기] info : POST /login  Response: true  
2022-12-29 16:32:04 [백엔드 맛보기] info : GET / 200 "홈 화면으로 이동" 
2022-12-29 16:32:04 [백엔드 맛보기] info : GET /login 200 "로그인 화면으로 이동" 
2022-12-29 16:34:04 [백엔드 맛보기] info : 3000 포트에서 서버가 가동되었습니다. 
2022-12-29 16:34:04 [백엔드 맛보기] info : POST /login 200 Response: true  
2022-12-29 16:34:04 [백엔드 맛보기] info : GET / 200 "홈 화면으로 이동" 
2022-12-29 16:34:04 [백엔드 맛보기] info : POST /login 200 Response: false 비밀번호가 틀렸습니다. 
2022-12-29 16:35:04 [백엔드 맛보기] info : POST /login 200 Response: false 비밀번호가 틀렸습니다. 
2022-12-29 16:35:04 [백엔드 맛보기] info : POST /login 200 Response: true  
2022-12-29 16:35:04 [백엔드 맛보기] info : GET / 200 "홈 화면으로 이동" 
2022-12-29 16:35:04 [백엔드 맛보기] info : GET /login 200 "로그인 화면으로 이동" 
2022-12-29 16:35:04 [백엔드 맛보기] info : POST /login 200 Response: false 비밀번호가 틀렸습니다. 
2022-12-29 16:36:04 [백엔드 맛보기] info : GET /login 200 "로그인 화면으로 이동" 
2022-12-29 16:39:04 [백엔드 맛보기] info : 3000 포트에서 서버가 가동되었습니다. 
2022-12-29 16:39:04 [백엔드 맛보기] info : 3000 포트에서 서버가 가동되었습니다. 
2022-12-29 16:39:04 [백엔드 맛보기] error : POST /login 400 Response: false Error: ER_NO_SUCH_TABLE: Table 'login_lecture.useras' doesn't exist" 
2022-12-29 16:40:04 [백엔드 맛보기] info : 3000 포트에서 서버가 가동되었습니다. 
2022-12-29 16:40:04 [백엔드 맛보기] info : 3000 포트에서 서버가 가동되었습니다. 
2022-12-29 16:41:04 [백엔드 맛보기] info : 3000 포트에서 서버가 가동되었습니다. 
2022-12-29 16:44:04 [백엔드 맛보기] error : POST /login 400 Response: false TypeError: Cannot destructure property 'id' of '(intermediate value)' as it is undefined." 
2022-12-29 16:44:04 [백엔드 맛보기] info : 3000 포트에서 서버가 가동되었습니다. 
2022-12-29 16:45:04 [백엔드 맛보기] info : 3000 포트에서 서버가 가동되었습니다. 
2022-12-29 16:45:04 [백엔드 맛보기] info : POST /login 200 Response: false 존재하지 않는 아이디입니다. 
2022-12-29 16:46:04 [백엔드 맛보기] info : POST /login 200 Response: false 비밀번호가 틀렸습니다. 
2022-12-29 16:46:04 [백엔드 맛보기] info : 3000 포트에서 서버가 가동되었습니다. 
