2023-05-22 20:05:01 [Project-01] info : GET /user/login 200 95.803 ms - 1368

2023-05-22 20:05:89 [Project-01] info : GET /user/login 304 5.085 ms - -

2023-05-22 20:05:41 [Project-01] info : POST /user/login 200 726.171 ms - 16

2023-05-22 20:05:45 [Project-01] info : GET /user/login 200 8.833 ms - 1368

2023-05-22 20:05:73 [Project-01] info : GET /user/login 304 3.018 ms - -

2023-05-22 20:05:70 [Project-01] info : GET /user/login 304 22.914 ms - -

2023-05-22 20:05:06 [Project-01] info : GET /user/login 304 3.578 ms - -

2023-05-22 20:05:83 [Project-01] info : GET /user/login 304 44.040 ms - -

2023-05-22 20:05:05 [Project-01] info : GET /user/login 304 10.999 ms - -

2023-05-22 20:05:05 [Project-01] info : GET /user/login 304 40.330 ms - -

2023-05-22 20:05:24 [Project-01] info : GET /user/login 304 11.613 ms - -

2023-05-22 20:05:62 [Project-01] info : POST /user/login 200 415.879 ms - 16

2023-05-22 20:05:66 [Project-01] info : GET /user/login 200 8.963 ms - 1368

2023-05-22 20:05:83 [Project-01] info : GET /user/login 304 8.371 ms - -

2023-05-22 20:05:04 [Project-01] info : GET /user/login 304 46.025 ms - -

2023-05-22 20:05:24 [Project-01] info : GET /user/login 304 8.479 ms - -

2023-05-22 20:05:09 [Project-01] info : GET /user/login 304 40.585 ms - -

2023-05-22 20:05:27 [Project-01] info : GET /user/login 304 11.769 ms - -

2023-05-22 20:05:15 [Project-01] info : GET /user/login 304 31.674 ms - -

2023-05-22 20:05:30 [Project-01] info : GET /user/login 304 12.950 ms - -

2023-05-22 20:05:58 [Project-01] info : GET /user/login 304 36.517 ms - -

2023-05-22 20:05:75 [Project-01] info : GET /user/login 304 14.091 ms - -

2023-05-22 20:05:20 [Project-01] info : GET /user/login 304 39.121 ms - -

2023-05-22 20:05:40 [Project-01] info : GET /user/login 304 12.447 ms - -

2023-05-22 20:05:13 [Project-01] info : GET /user/register 200 28.753 ms - 1499

2023-05-22 20:05:62 [Project-01] info : GET /user/register 304 5.301 ms - -

2023-05-22 20:05:43 [Project-01] info : GET /user/register 304 4.749 ms - -

2023-05-22 20:05:73 [Project-01] info : GET /user/register 304 3.276 ms - -

2023-05-22 20:05:17 [Project-01] info : GET /user/login 200 31.115 ms - 1368

2023-05-22 20:05:37 [Project-01] info : GET /user/login 304 18.477 ms - -

2023-05-22 20:05:16 [Project-01] info : GET /user/login 304 50.304 ms - -

2023-05-22 20:05:35 [Project-01] info : GET /user/login 304 11.663 ms - -

2023-05-22 20:05:21 [Project-01] info : GET /user/login 200 39.268 ms - 1368

2023-05-22 20:05:62 [Project-01] info : GET /user/login 200 6.568 ms - 1368

2023-05-22 20:05:09 [Project-01] info : GET /user/login 304 30.614 ms - -

2023-05-22 20:05:29 [Project-01] info : GET /user/login 304 8.049 ms - -

2023-05-22 20:05:100 [Project-01] info : GET /user/login 200 51.951 ms - 1130

2023-05-22 20:05:21 [Project-01] info : GET /user/login 304 10.589 ms - -

2023-05-22 20:05:03 [Project-01] info : GET /user/logout 403 10.538 ms - 16

2023-05-22 20:05:54 [Project-01] info : GET /favicon.ico 404 5.381 ms - 150

2023-05-22 20:05:60 [Project-01] info : GET /user/login 304 32.737 ms - -

2023-05-22 20:05:44 [Project-01] info : GET /user/login 304 5.188 ms - -

2023-05-22 20:05:59 [Project-01] info : GET /user/login 304 5.510 ms - -

2023-05-22 20:05:21 [Project-01] info : GET /user/login 304 4.697 ms - -

2023-05-22 20:05:35 [Project-01] info : GET /user/login 304 3.911 ms - -

2023-05-22 20:05:87 [Project-01] info : GET /user/login 304 23.993 ms - -

2023-05-22 20:05:16 [Project-01] info : GET /user/login 304 7.238 ms - -

2023-05-22 20:05:01 [Project-01] info : GET /user/logout 500 4.738 ms - 66

2023-05-22 20:05:03 [Project-01] info : GET /user/login 304 7.443 ms - -

2023-05-22 20:05:19 [Project-01] info : GET /user/login 304 6.069 ms - -

2023-05-22 20:05:90 [Project-01] info : GET /user/login 304 36.423 ms - -

2023-05-22 20:05:21 [Project-01] info : GET /user/login 304 8.415 ms - -

2023-05-22 20:05:16 [Project-01] info : GET /user/logout 500 4.021 ms - 66

2023-05-22 20:05:17 [Project-01] info : GET /user/login 304 4.722 ms - -

2023-05-22 20:05:40 [Project-01] info : GET /user/login 304 5.854 ms - -

2023-05-22 20:05:51 [Project-01] info : GET /user/logout 500 1.046 ms - 66

2023-05-22 20:05:54 [Project-01] info : GET /user/login 304 5.779 ms - -

2023-05-22 20:05:68 [Project-01] info : GET /user/login 304 5.410 ms - -

2023-05-22 20:05:42 [Project-01] info : GET /user/login 304 32.301 ms - -

2023-05-22 20:05:56 [Project-01] info : GET /user/login 304 8.971 ms - -

2023-05-22 20:05:73 [Project-01] info : GET /user/logout 302 3.139 ms - 66

2023-05-22 20:05:76 [Project-01] info : GET /user/login 304 7.560 ms - -

2023-05-22 20:05:92 [Project-01] info : GET /user/login 304 4.339 ms - -

2023-05-22 20:05:50 [Project-01] info : GET /user/logout 302 1.902 ms - 66

2023-05-22 20:05:51 [Project-01] info : GET /user/login 304 6.482 ms - -

2023-05-22 20:05:65 [Project-01] info : GET /user/login 304 5.388 ms - -

2023-05-22 20:05:94 [Project-01] info : GET /user/logout 302 0.981 ms - 66

2023-05-22 20:05:97 [Project-01] info : GET /user/login 304 11.971 ms - -

2023-05-22 20:05:37 [Project-01] info : GET /user/login 304 6.699 ms - -

2023-05-22 20:05:01 [Project-01] info : GET /user/logout 302 0.943 ms - 66

2023-05-22 20:05:06 [Project-01] info : GET /user/login 304 11.420 ms - -

2023-05-22 20:05:45 [Project-01] info : GET /user/login 304 9.848 ms - -

2023-05-22 20:05:48 [Project-01] info : GET /user/logout 302 0.572 ms - 66

2023-05-22 20:05:49 [Project-01] info : GET /user/login 304 6.713 ms - -

2023-05-22 20:05:64 [Project-01] info : GET /user/login 304 5.423 ms - -

2023-05-22 20:05:23 [Project-01] info : GET /user/logout 302 0.815 ms - 66

2023-05-22 20:05:26 [Project-01] info : GET /user/login 304 6.390 ms - -

2023-05-22 20:05:41 [Project-01] info : GET /user/login 304 5.784 ms - -

2023-05-22 20:05:59 [Project-01] info : GET /user/logout 302 0.791 ms - 66

2023-05-22 20:05:60 [Project-01] info : GET /user/login 304 4.312 ms - -

2023-05-22 20:05:79 [Project-01] info : GET /user/login 304 3.997 ms - -

2023-05-22 20:05:93 [Project-01] info : GET /user/logout 302 0.545 ms - 66

2023-05-22 20:05:95 [Project-01] info : GET /user/login 304 8.566 ms - -

2023-05-22 20:05:13 [Project-01] info : GET /user/login 304 8.083 ms - -

2023-05-22 20:05:81 [Project-01] info : GET /user/login - - ms - -

2023-05-22 20:05:83 [Project-01] info : GET /user/login - - ms - -

2023-05-22 20:05:02 [Project-01] info : GET /user/login 200 46.848 ms - 1368

2023-05-22 20:05:80 [Project-01] info : GET /user/login 304 5.837 ms - -

2023-05-22 20:05:19 [Project-01] info : POST /user/login 200 670.851 ms - 16

2023-05-22 20:05:27 [Project-01] info : GET /user/login 200 25.015 ms - 1130

2023-05-22 20:05:54 [Project-01] info : GET /user/login 304 16.858 ms - -

2023-05-22 20:05:55 [Project-01] info : GET /user/logout 302 5.361 ms - 66

2023-05-22 20:05:58 [Project-01] info : GET /user/login 304 7.771 ms - -

2023-05-22 20:05:11 [Project-01] info : GET /user/login 304 6.527 ms - -

2023-05-22 20:05:81 [Project-01] info : GET /user/login 304 4.275 ms - -

2023-05-22 20:05:38 [Project-01] info : GET /user/login 304 9.081 ms - -

2023-05-22 20:05:80 [Project-01] info : GET /user/logout 302 1.414 ms - 66

2023-05-22 20:05:83 [Project-01] info : GET /user/login 304 12.000 ms - -

2023-05-22 20:05:23 [Project-01] info : GET /user/login 304 7.606 ms - -

2023-05-22 21:05:65 [Project-01] info : GET /user/login 304 26.203 ms - -

2023-05-22 21:05:94 [Project-01] info : GET /user/login 304 8.143 ms - -

2023-05-22 21:05:60 [Project-01] info : GET /user/logout 302 3.500 ms - 66

2023-05-22 21:05:63 [Project-01] info : GET /user/login 304 10.233 ms - -

2023-05-22 21:05:79 [Project-01] info : GET /user/login 304 8.152 ms - -

2023-05-22 21:05:27 [Project-01] info : GET /user/login 304 7.732 ms - -

2023-05-22 21:05:68 [Project-01] info : GET /user/login 304 5.055 ms - -

2023-05-22 21:05:01 [Project-01] info : GET /user/login 200 19.134 ms - 1368

2023-05-22 21:05:42 [Project-01] info : GET /user/login 304 4.161 ms - -

2023-05-22 21:05:11 [Project-01] info : GET /user/login 304 4.356 ms - -

2023-05-22 21:05:42 [Project-01] info : GET /user/login 304 3.902 ms - -

2023-05-22 21:05:09 [Project-01] info : POST /user/login 200 445.640 ms - 16

2023-05-22 21:05:12 [Project-01] info : GET /user/login 200 11.257 ms - 1130

2023-05-22 21:05:30 [Project-01] info : GET /user/login 304 8.011 ms - -

2023-05-22 21:05:34 [Project-01] info : GET /user/logout 302 3.799 ms - 66

2023-05-22 21:05:37 [Project-01] info : GET /user/login 304 8.951 ms - -

2023-05-22 21:05:59 [Project-01] info : GET /user/login 304 4.868 ms - -

2023-05-22 21:05:13 [Project-01] info : GET /user/logout 302 1.090 ms - 66

2023-05-22 21:05:14 [Project-01] info : GET /user/login 304 6.344 ms - -

2023-05-22 21:05:50 [Project-01] info : GET /user/login 304 7.686 ms - -

2023-05-22 21:05:87 [Project-01] info : GET /user/logout 302 3.363 ms - 66

2023-05-22 21:05:89 [Project-01] info : GET /user/login 304 7.335 ms - -

2023-05-22 21:05:30 [Project-01] info : GET /user/login 304 6.837 ms - -

2023-05-22 21:05:30 [Project-01] info : GET /user/login 304 24.498 ms - -

2023-05-22 21:05:64 [Project-01] info : GET /user/login 304 8.978 ms - -

2023-05-22 21:05:52 [Project-01] info : GET /user/logout 302 5.951 ms - 66

2023-05-22 21:05:57 [Project-01] info : GET /user/login 304 37.762 ms - -

2023-05-22 21:05:92 [Project-01] info : GET /user/login 304 5.824 ms - -

2023-05-22 21:05:51 [Project-01] info : GET /user/login 200 26.801 ms - 1368

2023-05-22 21:05:90 [Project-01] info : GET /user/login 304 2.644 ms - -

2023-05-22 21:05:19 [Project-01] info : POST /user/login 200 423.628 ms - 16

2023-05-22 21:05:25 [Project-01] info : GET /user/login 200 11.894 ms - 1130

2023-05-22 21:05:66 [Project-01] info : GET /user/login 304 7.777 ms - -

2023-05-22 21:05:51 [Project-01] info : GET /user/logout 302 3.852 ms - 66

2023-05-22 21:05:54 [Project-01] info : GET /user/login 304 7.788 ms - -

2023-05-22 21:05:90 [Project-01] info : GET /user/login 304 9.346 ms - -

2023-05-22 21:05:32 [Project-01] info : GET /user/logout 302 0.984 ms - 66

2023-05-22 21:05:36 [Project-01] info : GET /user/login 304 7.180 ms - -

2023-05-22 21:05:74 [Project-01] info : GET /user/login 304 6.760 ms - -

2023-05-22 21:05:16 [Project-01] info : GET /user/logout 302 1.210 ms - 66

2023-05-22 21:05:18 [Project-01] info : GET /user/login 304 6.637 ms - -

2023-05-22 21:05:56 [Project-01] info : GET /user/login 304 6.154 ms - -

2023-05-22 21:05:64 [Project-01] info : GET /user/logout 302 1.045 ms - 66

2023-05-22 21:05:68 [Project-01] info : GET /user/login 304 8.607 ms - -

2023-05-22 21:05:15 [Project-01] info : GET /user/login 304 5.169 ms - -

2023-05-22 21:05:16 [Project-01] info : GET /user/logout 302 1.171 ms - 66

2023-05-22 21:05:27 [Project-01] info : GET /user/login 304 10.127 ms - -

2023-05-22 21:05:78 [Project-01] info : GET /user/login 304 5.550 ms - -

2023-05-22 21:05:35 [Project-01] info : GET /user/logout 302 0.441 ms - 66

2023-05-22 21:05:36 [Project-01] info : GET /user/login 200 3.030 ms - 1368

2023-05-22 21:05:78 [Project-01] info : GET /user/login 304 3.003 ms - -

2023-05-22 21:05:03 [Project-01] info : GET /user/login 304 41.847 ms - -

2023-05-22 21:05:55 [Project-01] info : GET /user/login 304 4.942 ms - -

2023-05-22 21:05:19 [Project-01] info : POST /user/login 200 413.680 ms - 16

2023-05-22 21:05:23 [Project-01] info : GET /user/login 200 11.703 ms - 1130

2023-05-22 21:05:84 [Project-01] info : GET /user/login 304 7.985 ms - -

2023-05-22 21:05:32 [Project-01] info : GET /user/login 500 6.695 ms - 35

2023-05-22 21:05:70 [Project-01] info : GET /favicon.ico 404 2.353 ms - 150

2023-05-22 21:05:44 [Project-01] info : GET /user/login 200 85.360 ms - 1132

2023-05-22 21:05:27 [Project-01] info : GET /user/login 200 40.085 ms - 1132

2023-05-22 21:05:71 [Project-01] info : GET /user/login 500 5.694 ms - 35

2023-05-22 21:05:00 [Project-01] info : GET /favicon.ico 404 4.438 ms - 150

2023-05-22 21:05:91 [Project-01] info : GET /user/login 200 57.917 ms - 1132

2023-05-22 21:05:40 [Project-01] info : GET /user/login 304 32.275 ms - -

2023-05-22 21:05:53 [Project-01] info : GET /user/logout 302 4.736 ms - 66

2023-05-22 21:05:57 [Project-01] info : GET /user/login 304 30.896 ms - -

2023-05-22 21:05:03 [Project-01] info : GET /user/login 304 27.322 ms - -

2023-05-22 21:05:54 [Project-01] info : GET /user/login 304 48.478 ms - -

2023-05-22 21:05:89 [Project-01] info : GET /user/login 304 29.091 ms - -

2023-05-22 21:05:33 [Project-01] info : GET /user/logout 302 3.940 ms - 66

2023-05-22 21:05:39 [Project-01] info : GET /user/login 304 25.144 ms - -

2023-05-22 21:05:84 [Project-01] info : GET /user/login 304 26.329 ms - -

2023-05-22 21:05:95 [Project-01] info : GET /user/login 200 1.458 ms - 1368

2023-05-22 21:05:29 [Project-01] info : GET /user/login 304 2.240 ms - -

2023-05-22 21:05:66 [Project-01] info : POST /user/login 200 426.781 ms - 16

2023-05-22 21:05:71 [Project-01] info : GET /user/login 200 25.935 ms - 1132

2023-05-22 21:05:06 [Project-01] info : GET /user/login 304 24.404 ms - -

2023-05-22 21:05:01 [Project-01] info : GET /user/logout 302 0.934 ms - 66

2023-05-22 21:05:06 [Project-01] info : GET /user/login 304 22.667 ms - -

2023-05-22 21:05:43 [Project-01] info : GET /user/login 304 22.922 ms - -

2023-05-22 21:05:29 [Project-01] info : GET /user/logout 302 0.830 ms - 66

2023-05-22 21:05:32 [Project-01] info : GET /user/login 304 22.828 ms - -

2023-05-22 21:05:68 [Project-01] info : GET /user/login 304 22.397 ms - -

2023-05-22 21:05:06 [Project-01] info : GET /user/logout 302 0.570 ms - 66

2023-05-22 21:05:09 [Project-01] info : GET /user/login 304 22.295 ms - -

2023-05-22 21:05:52 [Project-01] info : GET /user/login 304 24.407 ms - -

2023-05-22 21:05:58 [Project-01] info : GET /user/logout 302 0.893 ms - 66

2023-05-22 21:05:69 [Project-01] info : GET /user/login 304 20.618 ms - -

2023-05-22 21:05:76 [Project-01] info : GET /user/logout 302 1.955 ms - 66

2023-05-22 21:05:80 [Project-01] info : GET /user/login 304 24.144 ms - -

2023-05-22 21:05:32 [Project-01] info : GET /user/login 304 29.472 ms - -

2023-05-22 21:05:34 [Project-01] info : GET /user/logout 302 0.858 ms - 66

2023-05-22 21:05:45 [Project-01] info : GET /user/login 304 21.857 ms - -

2023-05-22 21:05:93 [Project-01] info : GET /user/login 304 30.741 ms - -

2023-05-22 21:05:04 [Project-01] info : GET /user/logout 302 9.078 ms - 66

2023-05-22 21:05:08 [Project-01] info : GET /user/login 200 29.029 ms - 1368

2023-05-22 21:05:51 [Project-01] info : GET /user/login 304 5.062 ms - -

2023-05-22 21:05:35 [Project-01] info : POST /user/login 200 427.247 ms - 16

2023-05-22 21:05:40 [Project-01] info : GET /user/login 200 30.980 ms - 1132

2023-05-22 21:05:80 [Project-01] info : GET /user/login 304 28.257 ms - -

2023-05-22 21:05:72 [Project-01] info : GET /user/logout 302 0.926 ms - 66

2023-05-22 21:05:78 [Project-01] info : GET /user/login 304 35.442 ms - -

2023-05-22 21:05:18 [Project-01] info : GET /user/login 304 32.123 ms - -

2023-05-22 21:05:35 [Project-01] info : GET /user/login 304 44.727 ms - -

2023-05-22 21:05:71 [Project-01] info : GET /user/login 304 29.850 ms - -

2023-05-22 21:05:84 [Project-01] info : GET /user/login 200 3.640 ms - 1368

2023-05-22 21:05:24 [Project-01] info : GET /user/login 304 2.210 ms - -

2023-05-22 21:05:88 [Project-01] info : POST /user/login 200 416.101 ms - 16

2023-05-22 21:05:92 [Project-01] info : GET /user/login 200 23.717 ms - 1132

2023-05-22 21:05:41 [Project-01] info : GET /user/login 304 26.903 ms - -

2023-05-22 21:05:15 [Project-01] info : GET /user/logout 302 5.058 ms - 66

2023-05-22 21:05:19 [Project-01] info : GET /user/login 304 27.136 ms - -

2023-05-22 21:05:67 [Project-01] info : GET /user/login 304 26.922 ms - -

2023-05-22 21:05:52 [Project-01] info : GET /user/logout 302 1.671 ms - 66

2023-05-22 21:05:56 [Project-01] info : GET /user/login 304 26.002 ms - -

2023-05-22 21:05:10 [Project-01] info : GET /user/login 304 27.515 ms - -

2023-05-22 21:05:60 [Project-01] info : GET /user/logout 302 1.070 ms - 66

2023-05-22 21:05:64 [Project-01] info : GET /user/login 304 28.359 ms - -

2023-05-22 21:05:07 [Project-01] info : GET /user/login 304 27.598 ms - -

2023-05-22 21:05:75 [Project-01] info : GET /user/login 200 6.919 ms - 1368

2023-05-22 21:05:55 [Project-01] info : GET /user/login 304 32.601 ms - -

2023-05-22 21:05:12 [Project-01] info : GET /user/login 304 5.342 ms - -

2023-05-22 21:05:99 [Project-01] info : GET /user/login 304 3.065 ms - -

2023-05-22 21:05:36 [Project-01] info : GET /user/login 304 4.502 ms - -

2023-05-22 21:05:32 [Project-01] info : POST /user/login 200 561.424 ms - 16

2023-05-22 21:05:36 [Project-01] info : GET /user/login 200 26.900 ms - 1132

2023-05-22 21:05:47 [Project-01] info : GET /user/login 304 25.126 ms - -

2023-05-22 21:05:36 [Project-01] info : GET /user/logout 302 1.916 ms - 66

2023-05-22 21:05:40 [Project-01] info : GET /user/login 304 29.960 ms - -

2023-05-22 21:05:51 [Project-01] info : GET /user/login 304 25.325 ms - -

2023-05-22 21:05:62 [Project-01] info : GET /user/logout 302 0.853 ms - 66

2023-05-22 21:05:67 [Project-01] info : GET /user/login 304 28.550 ms - -

2023-05-22 21:05:86 [Project-01] info : GET /user/login 304 22.603 ms - -

2023-05-22 21:05:87 [Project-01] info : GET /user/logout 302 0.765 ms - 66

2023-05-22 21:05:92 [Project-01] info : GET /user/login 304 25.555 ms - -

2023-05-22 21:05:00 [Project-01] info : GET /user/login 304 22.892 ms - -

2023-05-22 21:05:87 [Project-01] info : GET /user/logout 302 9.315 ms - 66

2023-05-22 21:05:90 [Project-01] info : GET /user/login 200 21.093 ms - 1368

2023-05-22 21:05:26 [Project-01] info : GET /user/login 304 4.292 ms - -

2023-05-22 21:05:97 [Project-01] info : POST /user/login 200 374.984 ms - 16

2023-05-22 21:05:04 [Project-01] info : GET /user/login 200 37.922 ms - 1132

2023-05-22 21:05:46 [Project-01] info : GET /user/login 304 40.701 ms - -

2023-05-22 21:05:39 [Project-01] info : GET /user/logout 302 1.650 ms - 66

2023-05-22 21:05:43 [Project-01] info : GET /user/login 304 28.455 ms - -

2023-05-22 21:05:79 [Project-01] info : GET /user/login 304 28.092 ms - -

2023-05-22 21:05:60 [Project-01] info : GET /user/logout 302 6.291 ms - 66

2023-05-22 21:05:70 [Project-01] info : GET /user/login 304 73.387 ms - -

2023-05-22 21:05:22 [Project-01] info : GET /user/login 304 28.620 ms - -

2023-05-22 21:05:08 [Project-01] info : GET /user/logout 302 1.283 ms - 66

2023-05-22 21:05:11 [Project-01] info : GET /user/login 304 27.493 ms - -

2023-05-22 21:05:47 [Project-01] info : GET /user/login 304 27.708 ms - -

2023-05-22 21:05:94 [Project-01] info : GET /user/logout 302 0.984 ms - 66

2023-05-22 21:05:100 [Project-01] info : GET /user/login 304 27.155 ms - -

2023-05-22 21:05:47 [Project-01] info : GET /user/login 304 29.821 ms - -

2023-05-22 21:05:72 [Project-01] info : GET /user/logout 302 0.529 ms - 66

2023-05-22 21:05:76 [Project-01] info : GET /user/login 304 27.058 ms - -

2023-05-22 21:05:12 [Project-01] info : GET /user/login 304 24.209 ms - -

2023-05-22 21:05:57 [Project-01] info : GET /user/login 200 57.017 ms - 1132

2023-05-22 21:05:21 [Project-01] info : GET /user/login 200 27.625 ms - 1132

2023-05-22 21:05:02 [Project-01] info : GET /user/logout 302 4.086 ms - 66

2023-05-22 21:05:06 [Project-01] info : GET /user/login 304 31.386 ms - -

2023-05-22 21:05:55 [Project-01] info : GET /user/login 304 26.852 ms - -

2023-05-22 21:05:40 [Project-01] info : GET /user/logout 302 2.066 ms - 66

2023-05-22 21:05:44 [Project-01] info : GET /user/login 304 28.908 ms - -

2023-05-22 21:05:82 [Project-01] info : GET /user/login 304 29.896 ms - -

2023-05-22 21:05:51 [Project-01] info : GET /user/logout 302 0.768 ms - 66

2023-05-22 21:05:56 [Project-01] info : GET /user/login 304 29.550 ms - -

2023-05-22 21:05:98 [Project-01] info : GET /user/login 304 27.017 ms - -

2023-05-22 21:05:48 [Project-01] info : GET /user/logout 302 0.802 ms - 66

2023-05-22 21:05:53 [Project-01] info : GET /user/login 304 28.945 ms - -

2023-05-22 21:05:99 [Project-01] info : GET /user/login 304 30.827 ms - -

2023-05-22 21:05:87 [Project-01] info : GET /user/logout 302 0.476 ms - 66

2023-05-22 21:05:89 [Project-01] info : GET /user/login 200 3.590 ms - 1368

2023-05-22 21:05:25 [Project-01] info : GET /user/login 304 4.734 ms - -

2023-05-22 21:05:85 [Project-01] info : POST /user/login 200 406.785 ms - 16

2023-05-22 21:05:91 [Project-01] info : GET /user/login 200 29.317 ms - 1132

2023-05-22 21:05:34 [Project-01] info : GET /user/login 304 26.346 ms - -

2023-05-22 21:05:47 [Project-01] info : GET /user/logout 302 0.869 ms - 66

2023-05-22 21:05:52 [Project-01] info : GET /user/login 304 28.366 ms - -

2023-05-22 21:05:89 [Project-01] info : GET /user/login 304 27.555 ms - -

2023-05-22 21:05:99 [Project-01] info : GET /user/logout 302 1.102 ms - 66

2023-05-22 21:05:02 [Project-01] info : GET /user/login 200 2.700 ms - 1368

2023-05-22 21:05:43 [Project-01] info : GET /user/login 304 2.666 ms - -

2023-05-22 21:05:69 [Project-01] info : POST /user/login 200 356.900 ms - 16

2023-05-22 21:05:75 [Project-01] info : GET /user/login 200 26.539 ms - 1132

2023-05-22 21:05:16 [Project-01] info : GET /user/login 304 25.621 ms - -

2023-05-22 21:05:04 [Project-01] info : GET /user/logout 302 0.732 ms - 66

2023-05-22 21:05:08 [Project-01] info : GET /user/login 304 29.119 ms - -

2023-05-22 21:05:45 [Project-01] info : GET /user/login 304 28.457 ms - -

2023-05-22 21:05:89 [Project-01] info : GET /user/logout 302 7.084 ms - 66

2023-05-22 21:05:96 [Project-01] info : GET /user/login 304 50.159 ms - -

2023-05-22 21:05:100 [Project-01] info : GET /user/logout 302 1.872 ms - 66

2023-05-22 21:05:06 [Project-01] info : GET /user/login 304 29.633 ms - -

2023-05-22 21:05:44 [Project-01] info : GET /user/login 304 28.280 ms - -

2023-05-22 21:05:24 [Project-01] info : GET /user/logout 302 1.440 ms - 66

2023-05-22 21:05:29 [Project-01] info : GET /user/login 304 30.232 ms - -

2023-05-22 21:05:62 [Project-01] info : GET /user/login 304 26.539 ms - -

2023-05-22 21:05:10 [Project-01] info : GET /user/logout 302 0.992 ms - 66

2023-05-22 21:05:14 [Project-01] info : GET /user/login 304 32.065 ms - -

2023-05-22 21:05:47 [Project-01] info : GET /user/login 304 26.092 ms - -

2023-05-22 21:05:88 [Project-01] info : GET /user/logout 302 5.353 ms - 66

2023-05-22 21:05:92 [Project-01] info : GET /user/login 200 26.133 ms - 1368

2023-05-22 21:05:39 [Project-01] info : GET /user/login 304 4.400 ms - -

2023-05-22 21:05:94 [Project-01] info : GET /user/login 200 3.372 ms - 1368

2023-05-22 21:05:50 [Project-01] info : GET /user/login 200 2.732 ms - 1368

2023-05-22 21:05:01 [Project-01] info : POST /user/login 200 397.820 ms - 16

2023-05-22 21:05:09 [Project-01] info : GET /user/login 200 25.934 ms - 1132

2023-05-22 21:05:45 [Project-01] info : GET /user/login 304 24.022 ms - -

2023-05-22 21:05:39 [Project-01] info : GET /user/logout 302 0.978 ms - 66

2023-05-22 21:05:43 [Project-01] info : GET /user/login 304 30.869 ms - -

2023-05-22 21:05:80 [Project-01] info : GET /user/login 304 26.840 ms - -

2023-05-22 21:05:78 [Project-01] info : GET /user/logout 302 0.894 ms - 66

2023-05-22 21:05:82 [Project-01] info : GET /user/login 304 26.736 ms - -

2023-05-22 21:05:15 [Project-01] info : GET /user/login 304 25.107 ms - -

2023-05-22 21:05:52 [Project-01] info : GET /user/login 200 45.948 ms - 1132

2023-05-22 21:05:98 [Project-01] info : GET /user/login 200 26.784 ms - 1132

2023-05-22 21:05:49 [Project-01] info : GET /user/logout 302 2.536 ms - 66

2023-05-22 21:05:53 [Project-01] info : GET /user/login 304 28.518 ms - -

2023-05-22 21:05:87 [Project-01] info : GET /user/login 304 30.110 ms - -

2023-05-22 21:05:14 [Project-01] info : GET /user/logout 302 1.529 ms - 66

2023-05-22 21:05:17 [Project-01] info : GET /user/login 304 26.666 ms - -

2023-05-22 21:05:51 [Project-01] info : GET /user/login 304 24.969 ms - -

2023-05-22 21:05:75 [Project-01] info : GET /user/login 200 4.376 ms - 1368

2023-05-22 21:05:19 [Project-01] info : GET /user/login 304 2.674 ms - -

2023-05-22 21:05:79 [Project-01] info : POST /user/login 200 426.115 ms - 16

2023-05-22 21:05:88 [Project-01] info : GET /user/login 200 52.189 ms - 1132

2023-05-22 21:05:40 [Project-01] info : GET /user/login 304 30.633 ms - -

2023-05-22 21:05:16 [Project-01] info : GET /user/logout 500 5.035 ms - 46

2023-05-22 21:05:17 [Project-01] info : GET / 404 2.486 ms - 139

2023-05-22 21:05:47 [Project-01] info : GET /user/login 200 20.760 ms - 1368

2023-05-22 21:05:20 [Project-01] info : GET /user/logout 302 4.595 ms - 66

2023-05-22 21:05:22 [Project-01] info : GET /user/login 304 5.183 ms - -

2023-05-22 21:05:58 [Project-01] info : GET /user/login 304 4.768 ms - -

2023-05-22 21:05:69 [Project-01] info : GET /user/login 200 2.762 ms - 1368

2023-05-22 21:05:18 [Project-01] info : GET /user/login 200 2.878 ms - 1368

2023-05-22 21:05:87 [Project-01] info : POST /user/login 200 426.595 ms - 16

2023-05-22 21:05:94 [Project-01] info : GET /user/login 200 35.101 ms - 1132

2023-05-22 21:05:31 [Project-01] info : GET /user/login 304 24.934 ms - -

2023-05-22 21:05:83 [Project-01] info : GET /user/logout 302 1.461 ms - 66

2023-05-22 21:05:85 [Project-01] info : GET /user/login 200 3.244 ms - 1368

2023-05-22 21:05:18 [Project-01] info : GET /user/login 304 3.405 ms - -

2023-05-22 21:05:76 [Project-01] info : GET /user/login 304 2.691 ms - -

2023-05-22 21:05:07 [Project-01] info : GET /user/login 304 2.724 ms - -

2023-05-22 21:05:76 [Project-01] info : GET /user/login 304 2.237 ms - -

2023-05-22 21:05:05 [Project-01] info : GET /user/login 304 3.600 ms - -

2023-05-22 21:05:48 [Project-01] info : GET /user/login 304 32.376 ms - -

2023-05-22 21:05:88 [Project-01] info : GET /user/login 304 5.900 ms - -

2023-05-22 21:05:63 [Project-01] info : GET /user/login 200 2.381 ms - 1368

2023-05-22 21:05:07 [Project-01] info : GET /user/login 200 4.205 ms - 1368

2023-05-22 21:05:79 [Project-01] info : GET /user/login 304 2.960 ms - -

2023-05-22 21:05:18 [Project-01] info : GET /user/login 304 3.381 ms - -

2023-05-22 21:05:67 [Project-01] info : GET /user/register 304 18.965 ms - -

2023-05-22 21:05:21 [Project-01] info : GET /user/register 304 4.218 ms - -

2023-05-22 22:05:34 [Project-01] info : GET /user/login 304 33.380 ms - -

2023-05-22 22:05:97 [Project-01] info : GET /user/login 304 5.173 ms - -

2023-05-22 22:05:97 [Project-01] info : POST /user/login 200 411.842 ms - 16

2023-05-22 22:05:03 [Project-01] info : GET /user/login 200 31.298 ms - 1132

2023-05-22 22:05:42 [Project-01] info : GET /user/login 304 27.923 ms - -

2023-05-22 22:05:29 [Project-01] info : GET /user/logout 302 4.483 ms - 66

2023-05-22 22:05:30 [Project-01] info : GET /user/login 200 4.495 ms - 1368

2023-05-22 22:05:71 [Project-01] info : GET /user/login 304 4.653 ms - -

2023-05-22 22:05:20 [Project-01] info : POST /user/login 200 370.786 ms - 16

2023-05-22 22:05:25 [Project-01] info : GET /user/login 200 26.828 ms - 1132

2023-05-22 22:05:65 [Project-01] info : GET /user/login 304 28.022 ms - -

2023-05-22 22:05:19 [Project-01] info : GET /user/logout 302 4.164 ms - 66

2023-05-22 22:05:20 [Project-01] info : GET /user/login 200 2.649 ms - 1368

2023-05-22 22:05:57 [Project-01] info : GET /user/login 304 4.041 ms - -

2023-05-22 22:05:96 [Project-01] info : GET /user/login 304 34.731 ms - -

2023-05-22 22:05:41 [Project-01] info : GET /user/login 304 9.345 ms - -

2023-05-22 22:05:39 [Project-01] info : POST /user/login 200 442.241 ms - 16

2023-05-22 22:05:71 [Project-01] info : POST /user/login 200 385.486 ms - 16

2023-05-22 22:05:72 [Project-01] info : GET /user/login - - ms - -

2023-05-22 22:05:38 [Project-01] info : GET /user/login - - ms - -

2023-05-22 22:05:33 [Project-01] info : GET /user/login - - ms - -

2023-05-22 22:05:08 [Project-01] info : GET /user/login - - ms - -

2023-05-22 22:05:82 [Project-01] info : GET /user/login - - ms - -

2023-05-22 22:05:12 [Project-01] info : GET /user/login - - ms - -

2023-05-22 22:05:80 [Project-01] info : GET /user/login - - ms - -

2023-05-22 22:05:86 [Project-01] info : GET /user/login - - ms - -

2023-05-22 22:05:29 [Project-01] info : GET /user/login 500 28.310 ms - 35

2023-05-22 22:05:77 [Project-01] info : GET /favicon.ico 404 2.013 ms - 150

2023-05-22 22:05:64 [Project-01] info : GET /user/login 500 27.079 ms - 35

2023-05-22 22:05:33 [Project-01] info : GET /user/login 500 30.865 ms - 35

2023-05-22 22:05:07 [Project-01] info : GET /user/login 500 36.860 ms - 35

2023-05-22 22:05:61 [Project-01] info : GET /user/login 500 14.652 ms - 35

2023-05-22 22:05:69 [Project-01] info : GET /user/login 200 21.233 ms - 1368

2023-05-22 22:05:05 [Project-01] info : GET /user/login 304 3.375 ms - -

2023-05-22 22:05:15 [Project-01] info : GET /user/login 500 1.612 ms - 55

2023-05-22 22:05:56 [Project-01] info : GET /user/login 500 5.989 ms - -

2023-05-22 22:05:96 [Project-01] info : GET /user/login 500 0.762 ms - -

2023-05-22 22:05:88 [Project-01] info : GET /user/login 500 0.694 ms - -

2023-05-22 22:05:91 [Project-01] info : GET /user/login 304 5.590 ms - -

2023-05-22 22:05:63 [Project-01] info : GET /user/login 304 2.295 ms - -

2023-05-22 22:05:65 [Project-01] info : GET /user/login 500 6.846 ms - 35

2023-05-22 22:05:91 [Project-01] info : GET /user/login 500 7.580 ms - 35

2023-05-22 22:05:42 [Project-01] info : GET /favicon.ico 404 5.060 ms - 150

2023-05-22 22:05:13 [Project-01] info : GET /user/login 200 33.065 ms - 1368

2023-05-22 22:05:64 [Project-01] info : GET /user/login 304 5.360 ms - -

2023-05-22 22:05:87 [Project-01] info : POST /user/login 200 625.556 ms - 16

2023-05-22 22:05:91 [Project-01] info : GET /user/login 200 5.614 ms - 1368

2023-05-22 22:05:13 [Project-01] info : GET /user/login 304 4.105 ms - -

2023-05-22 22:05:89 [Project-01] info : GET /user/login 304 20.456 ms - -

2023-05-22 22:05:22 [Project-01] info : GET /user/login 304 5.479 ms - -

2023-05-22 22:05:43 [Project-01] info : GET /user/login 304 22.991 ms - -

2023-05-22 22:05:69 [Project-01] info : GET /user/login 304 3.311 ms - -

2023-05-22 22:05:48 [Project-01] info : GET /user/login 304 33.852 ms - -

2023-05-22 22:05:68 [Project-01] info : GET /user/login 304 5.702 ms - -

2023-05-22 22:05:98 [Project-01] info : GET /user/login 500 20.147 ms - 124

2023-05-22 23:05:36 [Project-01] info : GET /user/login 200 52.416 ms - 1368

2023-05-22 23:05:78 [Project-01] info : GET /user/login 200 10.896 ms - 1368

2023-05-22 23:05:04 [Project-01] info : GET /user/login 302 21.281 ms - 66

2023-05-22 23:05:20 [Project-01] info : GET /user/login 200 15.786 ms - 1128

2023-05-22 23:05:58 [Project-01] info : GET /user/login 304 6.236 ms - -

2023-05-22 23:05:95 [Project-01] info : GET /user/logout 302 27.994 ms - 66

2023-05-22 23:05:99 [Project-01] info : GET /user/login 302 20.313 ms - 66

2023-05-22 23:05:19 [Project-01] info : GET /user/login 200 34.933 ms - 1128

2023-05-22 23:05:53 [Project-01] info : GET /user/login 304 7.625 ms - -

2023-05-22 23:05:49 [Project-01] info : GET /user/login 200 19.123 ms - 1368

2023-05-22 23:05:84 [Project-01] info : GET /user/login 304 5.016 ms - -

2023-05-22 23:05:91 [Project-01] info : GET /user/login 304 19.832 ms - -

2023-05-22 23:05:15 [Project-01] info : GET /user/login 304 3.124 ms - -

2023-05-22 23:05:15 [Project-01] info : POST /user/login 200 466.921 ms - 16

2023-05-22 23:05:23 [Project-01] info : GET /user/login 200 35.675 ms - 1132

2023-05-22 23:05:39 [Project-01] info : GET /user/login 304 10.120 ms - -

2023-05-22 23:05:47 [Project-01] info : GET /user/login 302 22.771 ms - 66

2023-05-22 23:05:51 [Project-01] info : GET /user/login 200 29.238 ms - 1128

2023-05-22 23:05:65 [Project-01] info : GET /user/login 304 10.446 ms - -

2023-05-22 23:05:41 [Project-01] info : GET /user/login 304 51.679 ms - -

2023-05-22 23:05:65 [Project-01] info : GET /user/login 304 12.947 ms - -

2023-05-22 23:05:28 [Project-01] info : GET /user/login 200 35.404 ms - 1368

2023-05-22 23:05:78 [Project-01] info : GET /user/login 304 4.057 ms - -

