2023-05-11 09:05:95 [Project-01] info : GET /user/login 200 59.927 ms - 1368

2023-05-11 09:05:99 [Project-01] info : GET /user/login 200 5.325 ms - 1368

2023-05-11 09:05:19 [Project-01] info : GET /user/auth - - ms - -

2023-05-11 10:05:44 [Project-01] info : GET /user/auth 500 27.123 ms - 1315

2023-05-11 10:05:10 [Project-01] info : GET /user/auth 200 20.857 ms - 180

2023-05-11 10:05:62 [Project-01] info : GET /favicon.ico 404 4.764 ms - 150

2023-05-11 11:05:13 [Project-01] info : GET /user/login 200 89.222 ms - 1368

2023-05-11 11:05:29 [Project-01] info : GET /user/login 200 7.029 ms - 1368

2023-05-11 11:05:29 [Project-01] info : POST /user/login 500 1065.505 ms - 35

2023-05-11 11:05:56 [Project-01] info : GET /user/login 200 24.084 ms - 1368

2023-05-11 11:05:13 [Project-01] info : GET /user/login 200 7.268 ms - 1368

2023-05-11 11:05:93 [Project-01] info : POST /user/login 500 268.354 ms - 35

2023-05-11 11:05:56 [Project-01] info : POST /user/login 500 388.885 ms - 35

2023-05-11 11:05:00 [Project-01] info : POST /user/login 500 223.598 ms - 35

2023-05-11 11:05:79 [Project-01] info : POST /user/login 500 422.798 ms - 35

2023-05-11 11:05:32 [Project-01] info : POST /user/login 500 212.917 ms - 35

2023-05-11 11:05:84 [Project-01] info : POST /user/login 200 362.103 ms - 16

2023-05-11 11:05:97 [Project-01] info : GET /user/login 200 34.175 ms - 1368

2023-05-11 11:05:59 [Project-01] info : GET /user/login 304 3.753 ms - -

2023-05-11 11:05:85 [Project-01] info : GET /user/login 200 34.613 ms - 1368

2023-05-11 11:05:57 [Project-01] info : GET /user/login 200 9.389 ms - 1368

2023-05-11 11:05:39 [Project-01] info : POST /user/login 200 344.901 ms - 16

2023-05-11 11:05:46 [Project-01] info : GET /user/login 200 2.955 ms - 1368

2023-05-11 11:05:98 [Project-01] info : GET /user/login 304 3.887 ms - -

2023-05-11 11:05:50 [Project-01] info : POST /user/login 500 324.985 ms - 16

2023-05-11 11:05:60 [Project-01] info : GET /user/login 200 49.626 ms - 1368

2023-05-11 11:05:15 [Project-01] info : GET /user/login 304 7.038 ms - -

2023-05-11 11:05:07 [Project-01] info : GET /user/login 200 33.309 ms - 1368

2023-05-11 11:05:63 [Project-01] info : GET /user/login 200 3.310 ms - 1368

2023-05-11 11:05:02 [Project-01] info : POST /user/login 200 247.877 ms - 16

2023-05-11 11:05:03 [Project-01] info : GET /user/login 200 2.997 ms - 1368

2023-05-11 11:05:47 [Project-01] info : GET /user/login 304 6.411 ms - -

2023-05-11 11:05:90 [Project-01] info : POST /user/login 200 206.247 ms - 16

2023-05-11 11:05:93 [Project-01] info : GET /user/login 200 3.197 ms - 1368

2023-05-11 11:05:30 [Project-01] info : GET /user/login 304 3.293 ms - -

2023-05-11 11:05:67 [Project-01] info : POST /user/login 200 284.132 ms - 16

2023-05-11 11:05:74 [Project-01] info : GET /user/login 200 27.595 ms - 1368

2023-05-11 11:05:20 [Project-01] info : GET /user/login 304 6.481 ms - -

2023-05-11 11:05:02 [Project-01] info : GET /user/login 304 50.412 ms - -

2023-05-11 11:05:66 [Project-01] info : GET /user/login 304 34.899 ms - -

2023-05-11 11:05:11 [Project-01] info : GET /user/login 304 35.438 ms - -

2023-05-11 11:05:45 [Project-01] info : GET /user/login 304 4.585 ms - -

2023-05-11 11:05:51 [Project-01] info : GET /user/login 500 7.442 ms - 35

2023-05-11 11:05:85 [Project-01] info : GET /favicon.ico 404 4.579 ms - 150

2023-05-11 11:05:78 [Project-01] info : GET /user/login 500 5.369 ms - 35

2023-05-11 11:05:17 [Project-01] info : GET /user/register 304 26.526 ms - -

2023-05-11 11:05:32 [Project-01] info : GET /user/login 500 2.227 ms - 35

2023-05-11 11:05:37 [Project-01] info : GET /user/login 500 8.242 ms - 35

2023-05-11 11:05:65 [Project-01] info : GET /favicon.ico 404 4.618 ms - 150

2023-05-11 11:05:55 [Project-01] info : GET /user/login 500 14.854 ms - 35

2023-05-11 11:05:89 [Project-01] info : GET /favicon.ico 404 4.748 ms - 150

2023-05-11 11:05:20 [Project-01] info : GET /user/login 500 9.406 ms - 35

2023-05-11 11:05:71 [Project-01] info : GET /favicon.ico 404 6.132 ms - 150

2023-05-11 11:05:53 [Project-01] info : GET /user/login 500 15.692 ms - 94

2023-05-11 11:05:08 [Project-01] info : GET /user/register 304 30.763 ms - -

2023-05-11 11:05:12 [Project-01] info : GET /user/login 500 2.455 ms - 94

2023-05-11 11:05:90 [Project-01] info : GET /user/login 200 31.269 ms - 1368

2023-05-11 11:05:48 [Project-01] info : GET /user/login 200 4.860 ms - 1368

2023-05-11 11:05:73 [Project-01] info : POST /user/login 200 306.739 ms - 16

2023-05-11 11:05:80 [Project-01] info : GET /user/login 200 21.073 ms - 1368

2023-05-11 11:05:38 [Project-01] info : GET /user/login 304 11.449 ms - -

2023-05-11 11:05:42 [Project-01] info : GET /user/login 304 45.828 ms - -

2023-05-11 11:05:83 [Project-01] info : GET /user/login 304 14.245 ms - -

2023-05-11 11:05:56 [Project-01] info : GET /user/login 304 108.653 ms - -

2023-05-11 11:05:07 [Project-01] info : GET /user/login 304 11.139 ms - -

2023-05-11 11:05:53 [Project-01] info : GET /user/login 304 57.101 ms - -

2023-05-11 11:05:06 [Project-01] info : GET /user/login 304 9.624 ms - -

2023-05-11 11:05:26 [Project-01] info : GET /user/login - - ms - -

2023-05-11 11:05:86 [Project-01] info : GET /user/login - - ms - -

2023-05-11 11:05:40 [Project-01] info : GET /user/login - - ms - -

2023-05-11 11:05:76 [Project-01] info : GET /user/login - - ms - -

2023-05-11 11:05:35 [Project-01] info : GET /user/login - - ms - -

2023-05-11 11:05:75 [Project-01] info : GET /user/login - - ms - -

2023-05-11 11:05:89 [Project-01] info : GET /user/login 200 41.533 ms - 1368

2023-05-11 11:05:66 [Project-01] info : GET /user/login 200 10.615 ms - 1368

2023-05-11 12:05:74 [Project-01] info : GET /user/login 200 34.954 ms - 1368

2023-05-11 12:05:46 [Project-01] info : GET /user/login 200 5.764 ms - 1368

2023-05-11 12:05:22 [Project-01] info : POST /user/login 200 318.244 ms - 16

2023-05-11 12:05:28 [Project-01] info : GET /user/login 200 2.462 ms - 1368

2023-05-11 12:05:70 [Project-01] info : GET /user/login 304 5.729 ms - -

2023-05-11 12:05:49 [Project-01] info : GET /user/login 500 12.514 ms - 35

2023-05-11 12:05:11 [Project-01] info : GET /favicon.ico 404 8.696 ms - 150

2023-05-11 12:05:64 [Project-01] info : GET /user/login 200 24.797 ms - 1368

2023-05-11 12:05:03 [Project-01] info : GET /user/login 304 5.620 ms - -

2023-05-11 12:05:89 [Project-01] info : GET /user/login 500 13.969 ms - 35

2023-05-11 12:05:15 [Project-01] info : GET /user/login 200 32.206 ms - 1368

2023-05-11 12:05:58 [Project-01] info : GET /user/login 304 5.638 ms - -

2023-05-11 12:05:26 [Project-01] info : POST /user/login 200 246.736 ms - 16

2023-05-11 12:05:28 [Project-01] info : GET /user/login 200 2.598 ms - 1368

2023-05-11 12:05:68 [Project-01] info : GET /user/login 304 2.810 ms - -

2023-05-11 12:05:07 [Project-01] info : GET /user/login 304 5.430 ms - -

2023-05-11 12:05:45 [Project-01] info : GET /user/login 304 2.729 ms - -

2023-05-11 12:05:73 [Project-01] info : POST /user/login 200 227.058 ms - 16

2023-05-11 12:05:76 [Project-01] info : GET /user/login 200 3.383 ms - 1368

2023-05-11 12:05:20 [Project-01] info : GET /user/login 304 3.583 ms - -

2023-05-11 12:05:42 [Project-01] info : POST /user/login 200 336.540 ms - 16

2023-05-11 12:05:51 [Project-01] info : GET /user/login 200 50.250 ms - 1368

2023-05-11 12:05:96 [Project-01] info : GET /user/login 304 6.115 ms - -

2023-05-11 12:05:42 [Project-01] info : POST /user/login 200 229.464 ms - 16

2023-05-11 12:05:45 [Project-01] info : GET /user/login 200 2.901 ms - 1368

2023-05-11 12:05:91 [Project-01] info : GET /user/login 304 5.167 ms - -

2023-05-11 12:05:100 [Project-01] info : GET /user/login 304 5.303 ms - -

2023-05-11 12:05:35 [Project-01] info : GET /user/login 304 2.718 ms - -

2023-05-11 12:05:30 [Project-01] info : GET /user/login 304 34.518 ms - -

2023-05-11 12:05:63 [Project-01] info : GET /user/login 304 7.707 ms - -

2023-05-11 12:05:98 [Project-01] info : GET /user/login 200 41.910 ms - 1368

2023-05-11 12:05:76 [Project-01] info : GET /user/login 200 6.654 ms - 1368

2023-05-11 12:05:54 [Project-01] info : POST /user/login 200 303.207 ms - 16

2023-05-11 12:05:61 [Project-01] info : GET /user/login 200 15.053 ms - 1368

2023-05-11 12:05:20 [Project-01] info : GET /user/login 304 6.117 ms - -

2023-05-11 12:05:73 [Project-01] info : GET /user/login 304 39.397 ms - -

2023-05-11 12:05:13 [Project-01] info : GET /user/login 304 9.202 ms - -

2023-05-11 12:05:37 [Project-01] info : GET /user/login 200 26.426 ms - 1368

2023-05-11 12:05:88 [Project-01] info : GET /user/login 200 7.575 ms - 1368

2023-05-11 12:05:12 [Project-01] info : GET /user/login 500 4.963 ms - 35

2023-05-11 12:05:45 [Project-01] info : GET /favicon.ico 404 4.172 ms - 150

2023-05-11 12:05:94 [Project-01] info : GET /user/login 500 1.018 ms - 35

2023-05-11 12:05:21 [Project-01] info : GET /favicon.ico 404 1.233 ms - 150

2023-05-11 12:05:61 [Project-01] info : GET /user/login 500 16.832 ms - 35

2023-05-11 12:05:08 [Project-01] info : GET /user/login 200 94.168 ms - 1132

2023-05-11 12:05:79 [Project-01] info : GET /user/login 200 41.938 ms - 1132

2023-05-11 12:05:43 [Project-01] info : GET /user/logout 500 52.347 ms - 35

2023-05-11 12:05:00 [Project-01] info : GET /favicon.ico 404 37.216 ms - 150

2023-05-11 12:05:17 [Project-01] info : GET /user/logout 500 74.336 ms - 35

2023-05-11 12:05:84 [Project-01] info : GET /user/logout 500 46.521 ms - 35

2023-05-11 12:05:24 [Project-01] info : GET /favicon.ico 404 43.221 ms - 150

2023-05-11 12:05:95 [Project-01] info : GET /user/login 304 82.648 ms - -

2023-05-11 12:05:21 [Project-01] info : GET /user/login 200 59.762 ms - 1132

2023-05-11 12:05:90 [Project-01] info : GET /user/login 200 39.951 ms - 1132

2023-05-11 12:05:50 [Project-01] info : GET /user/logout 500 48.357 ms - 35

2023-05-11 12:05:04 [Project-01] info : GET /favicon.ico 404 35.031 ms - 150

2023-05-11 12:05:87 [Project-01] info : GET /user/logout 500 39.780 ms - 35

2023-05-11 12:05:31 [Project-01] info : GET /favicon.ico 404 30.683 ms - 150

2023-05-11 12:05:29 [Project-01] info : GET /user/login 304 33.189 ms - -

2023-05-11 12:05:61 [Project-01] info : GET /user/login 200 37.525 ms - 1132

2023-05-11 12:05:21 [Project-01] info : GET /user/login 200 32.886 ms - 1132

2023-05-11 12:05:89 [Project-01] info : GET /user/logout 500 39.296 ms - 35

2023-05-11 12:05:30 [Project-01] info : GET /favicon.ico 404 32.084 ms - 150

2023-05-11 12:05:27 [Project-01] info : GET /user/login 304 35.185 ms - -

2023-05-11 12:05:63 [Project-01] info : GET /user/login 304 70.601 ms - -

2023-05-11 12:05:10 [Project-01] info : GET /user/login 304 39.267 ms - -

2023-05-11 12:05:60 [Project-01] info : GET /user/logout 500 147.091 ms - 35

2023-05-11 12:05:13 [Project-01] info : GET /user/login 304 65.280 ms - -

2023-05-11 12:05:37 [Project-01] info : GET /user/login 200 37.955 ms - 1132

2023-05-11 12:05:92 [Project-01] info : GET /user/login 200 29.588 ms - 1132

2023-05-11 12:05:65 [Project-01] info : GET /user/logout 302 51.712 ms - 66

2023-05-11 12:05:68 [Project-01] info : GET /user/login 500 2.874 ms - 35

2023-05-11 12:05:11 [Project-01] info : GET /favicon.ico 500 1.420 ms - 35

2023-05-11 12:05:20 [Project-01] info : GET /user/login 500 5.452 ms - 35

2023-05-11 12:05:55 [Project-01] info : GET /favicon.ico 500 1.063 ms - 35

2023-05-11 12:05:52 [Project-01] info : GET /favicon.ico 500 1.028 ms - 35

2023-05-11 12:05:66 [Project-01] info : GET /user/register 500 1.301 ms - 35

2023-05-11 12:05:66 [Project-01] info : GET /user/login 500 0.903 ms - 35

2023-05-11 12:05:12 [Project-01] info : GET /favicon.ico 500 1.508 ms - 35

2023-05-11 12:05:02 [Project-01] info : GET /user/login 500 196.230 ms - 35

2023-05-11 12:05:71 [Project-01] info : GET /favicon.ico 500 191.257 ms - 35

2023-05-11 12:05:50 [Project-01] info : GET /user/login 500 222.802 ms - 35

2023-05-11 12:05:97 [Project-01] info : GET /favicon.ico 500 197.583 ms - 35

2023-05-11 12:05:20 [Project-01] info : GET /user/login 500 148.046 ms - 35

2023-05-11 12:05:94 [Project-01] info : GET /favicon.ico 500 158.178 ms - 35

2023-05-11 12:05:44 [Project-01] info : GET /user/login 500 12.823 ms - 35

2023-05-11 12:05:20 [Project-01] info : GET /favicon.ico 500 2.220 ms - 35

2023-05-11 12:05:46 [Project-01] info : GET /user/login 500 9.986 ms - 35

2023-05-11 12:05:82 [Project-01] info : GET /favicon.ico 500 2.732 ms - 35

2023-05-11 12:05:32 [Project-01] info : GET /user/login 500 28.104 ms - 1368

2023-05-11 12:05:96 [Project-01] info : GET /user/login 500 5.234 ms - 1368

2023-05-11 12:05:19 [Project-01] info : GET /user/login 200 23.892 ms - 1368

2023-05-11 12:05:75 [Project-01] info : GET /user/login 200 5.900 ms - 1368

2023-05-11 12:05:29 [Project-01] info : POST /user/login 200 273.267 ms - 16

2023-05-11 12:05:36 [Project-01] info : GET /user/login 200 41.978 ms - 1132

2023-05-11 12:05:97 [Project-01] info : GET /user/login 304 38.544 ms - -

2023-05-11 12:05:43 [Project-01] info : GET /user/logout 302 31.258 ms - 66

2023-05-11 12:05:47 [Project-01] info : GET /user/login 200 4.264 ms - 1368

2023-05-11 12:05:94 [Project-01] info : GET /user/login 304 3.095 ms - -

2023-05-11 13:05:47 [Project-01] info : GET /user/login 304 32.145 ms - -

2023-05-11 13:05:83 [Project-01] info : GET /user/login 304 5.001 ms - -

2023-05-11 13:05:02 [Project-01] info : GET /user/login 304 51.901 ms - -

2023-05-11 13:05:52 [Project-01] info : GET /user/login 304 15.739 ms - -

2023-05-11 13:05:12 [Project-01] info : POST /user/login 200 355.953 ms - 16

2023-05-11 13:05:23 [Project-01] info : GET /user/login 200 79.969 ms - 1132

2023-05-11 13:05:75 [Project-01] info : GET /user/login 304 35.189 ms - -

2023-05-11 13:05:06 [Project-01] info : GET /user/login 304 41.464 ms - -

2023-05-11 13:05:60 [Project-01] info : GET /user/login 304 42.947 ms - -

2023-05-11 15:05:93 [Project-01] info : GET /user/login 200 71.076 ms - 1368

2023-05-11 15:05:06 [Project-01] info : GET /user/login 200 12.397 ms - 1368

2023-05-11 15:05:40 [Project-01] info : POST /user/login 500 641.791 ms - 35

2023-05-11 15:05:22 [Project-01] info : GET /user/login 200 3.541 ms - 1368

2023-05-11 15:05:45 [Project-01] info : GET /user/login 200 6.004 ms - 1368

2023-05-11 15:05:84 [Project-01] info : POST /user/login 500 416.095 ms - 35

2023-05-11 15:05:96 [Project-01] info : GET /user/login 200 45.716 ms - 1368

2023-05-11 15:05:59 [Project-01] info : GET /user/login 200 15.484 ms - 1368

2023-05-11 15:05:24 [Project-01] info : GET /user/login 200 51.684 ms - 1368

2023-05-11 15:05:94 [Project-01] info : GET /user/login 200 16.782 ms - 1368

2023-05-11 15:05:12 [Project-01] info : GET /user/login 304 14.093 ms - -

2023-05-11 15:05:76 [Project-01] info : GET /user/login 304 11.204 ms - -

2023-05-11 15:05:13 [Project-01] info : GET /user/login 200 69.743 ms - 1368

2023-05-11 15:05:84 [Project-01] info : GET /user/login 200 14.945 ms - 1368

2023-05-11 15:05:69 [Project-01] info : POST /user/login 200 298.289 ms - -

2023-05-11 15:05:79 [Project-01] info : GET /user/login 200 19.728 ms - 1368

2023-05-11 15:05:53 [Project-01] info : GET /user/login 304 13.908 ms - -

2023-05-11 15:05:59 [Project-01] info : GET /user/login 200 55.710 ms - 1368

2023-05-11 15:05:30 [Project-01] info : GET /user/login 200 13.952 ms - 1368

2023-05-11 15:05:82 [Project-01] info : POST /user/login 200 309.064 ms - 347

2023-05-11 15:05:95 [Project-01] info : GET /user/login 200 17.839 ms - 1368

2023-05-11 15:05:96 [Project-01] info : GET /user/login 200 14.447 ms - 1368

2023-05-11 15:05:26 [Project-01] info : POST /user/login 200 355.580 ms - 347

2023-05-11 15:05:80 [Project-01] info : GET /user/login 200 69.641 ms - 1368

2023-05-11 15:05:74 [Project-01] info : GET /user/login 200 14.979 ms - 1368

2023-05-11 15:05:82 [Project-01] info : GET /user/login 200 13.068 ms - 1368

2023-05-11 15:05:72 [Project-01] info : GET /user/login 304 13.091 ms - -

2023-05-11 15:05:89 [Project-01] info : POST /user/login 200 556.737 ms - 347

2023-05-11 15:05:78 [Project-01] info : GET /user/login 200 45.949 ms - 1368

2023-05-11 15:05:39 [Project-01] info : GET /user/login 200 11.690 ms - 1368

2023-05-11 15:05:85 [Project-01] info : POST /user/login 200 318.773 ms - 347

2023-05-11 15:05:51 [Project-01] info : POST /user/login 200 305.297 ms - 347

2023-05-11 15:05:44 [Project-01] info : POST /user/login 200 354.602 ms - 347

2023-05-11 15:05:47 [Project-01] info : GET /user/login 200 51.402 ms - 1368

2023-05-11 15:05:10 [Project-01] info : GET /user/login 200 16.188 ms - 1368

2023-05-11 15:05:76 [Project-01] info : POST /user/login 200 525.712 ms - 347

2023-05-11 15:05:73 [Project-01] info : GET /user/login 200 48.431 ms - 1368

2023-05-11 15:05:32 [Project-01] info : GET /user/login 200 13.603 ms - 1368

2023-05-11 15:05:23 [Project-01] info : POST /user/login 200 312.962 ms - 347

2023-05-11 15:05:72 [Project-01] info : GET /user/login 200 52.028 ms - 1368

2023-05-11 15:05:38 [Project-01] info : GET /user/login 200 16.545 ms - 1368

2023-05-11 15:05:83 [Project-01] info : POST /user/login 200 281.810 ms - 347

2023-05-11 15:05:86 [Project-01] info : GET /user/login 200 14.867 ms - 1368

2023-05-11 15:05:52 [Project-01] info : GET /user/login 304 12.773 ms - -

2023-05-11 15:05:33 [Project-01] info : GET /user/login 200 54.998 ms - 1368

2023-05-11 15:05:11 [Project-01] info : GET /user/login 200 13.860 ms - 1368

2023-05-11 15:05:41 [Project-01] info : GET /user/login 200 45.182 ms - 1368

2023-05-11 15:05:97 [Project-01] info : GET /user/login 200 16.308 ms - 1368

2023-05-11 15:05:26 [Project-01] info : GET /user/login 200 47.030 ms - 1368

2023-05-11 15:05:94 [Project-01] info : GET /user/login 200 14.866 ms - 1368

2023-05-11 15:05:43 [Project-01] info : GET /user/register 200 13.710 ms - 1499

2023-05-11 15:05:09 [Project-01] info : GET /user/register 304 8.916 ms - -

2023-05-11 15:05:59 [Project-01] info : POST /user/register 200 101.611 ms - 55

2023-05-11 15:05:38 [Project-01] info : GET /user/login 304 10.901 ms - -

2023-05-11 15:05:88 [Project-01] info : GET /user/login 304 13.133 ms - -

