2023-05-09 13:05:99 [Project-01] info : GET /user/login 200 136.725 ms - 1347

2023-05-09 13:05:72 [Project-01] info : GET /user/login 200 13.946 ms - 1347

2023-05-09 13:05:40 [Project-01] info : POST /user/login 302 251.257 ms - 33

2023-05-09 13:05:47 [Project-01] info : GET /user/login 200 56.590 ms - 1347

2023-05-09 14:05:73 [Project-01] info : GET /user/login 200 34.538 ms - 1347

2023-05-09 14:05:08 [Project-01] info : GET /user/login 200 10.199 ms - 1347

2023-05-09 14:05:35 [Project-01] info : GET /user/login 200 47.423 ms - 1347

2023-05-09 14:05:73 [Project-01] info : GET /user/login 200 9.534 ms - 1347

2023-05-09 14:05:32 [Project-01] info : POST /user/login 302 202.503 ms - 33

2023-05-09 14:05:36 [Project-01] info : GET /user/login 200 29.661 ms - 1347

2023-05-09 14:05:96 [Project-01] info : GET /user/login 200 31.871 ms - 1347

2023-05-09 14:05:27 [Project-01] info : GET /user/login 200 3.850 ms - 1347

2023-05-09 14:05:19 [Project-01] info : POST /user/login 302 209.647 ms - 33

2023-05-09 14:05:22 [Project-01] info : GET /user/login 200 30.948 ms - 1347

2023-05-09 14:05:25 [Project-01] info : GET /user/login 200 28.632 ms - 1347

2023-05-09 14:05:55 [Project-01] info : GET /user/login 200 7.158 ms - 1347

2023-05-09 14:05:74 [Project-01] info : POST /user/login 302 210.977 ms - 33

2023-05-09 14:05:79 [Project-01] info : GET /user/login 500 32.824 ms - 748

2023-05-09 14:05:63 [Project-01] info : GET /user/login 200 29.426 ms - 1347

2023-05-09 14:05:100 [Project-01] info : GET /user/login 200 7.179 ms - 1347

2023-05-09 14:05:92 [Project-01] info : POST /user/login 302 190.710 ms - 33

2023-05-09 14:05:96 [Project-01] info : GET /user/login 200 29.899 ms - 1347

2023-05-09 14:05:07 [Project-01] info : POST /user/login 302 246.291 ms - 33

2023-05-09 14:05:12 [Project-01] info : GET /user/login 500 35.135 ms - 1320

2023-05-09 14:05:75 [Project-01] info : POST /user/login 302 169.449 ms - 33

2023-05-09 14:05:81 [Project-01] info : GET /user/login 200 50.307 ms - 1347

2023-05-09 14:05:94 [Project-01] info : POST /user/login 302 201.056 ms - 33

2023-05-09 14:05:100 [Project-01] info : GET /user/login 200 50.144 ms - 1347

2023-05-09 14:05:02 [Project-01] info : POST /user/login 302 208.624 ms - 33

2023-05-09 14:05:09 [Project-01] info : GET /user/login 200 50.114 ms - 1347

2023-05-09 14:05:57 [Project-01] info : POST /user/login 302 191.789 ms - 33

2023-05-09 14:05:63 [Project-01] info : GET /user/login 200 48.979 ms - 1347

2023-05-09 14:05:64 [Project-01] info : POST /user/login 302 209.380 ms - 33

2023-05-09 14:05:71 [Project-01] info : GET /user/login 200 51.473 ms - 1347

2023-05-09 14:05:49 [Project-01] info : POST /user/login 302 214.112 ms - 33

2023-05-09 14:05:56 [Project-01] info : GET /user/login 200 52.416 ms - 1347

2023-05-09 14:05:75 [Project-01] info : POST /user/login 302 183.703 ms - 33

2023-05-09 14:05:81 [Project-01] info : GET /user/login 200 48.946 ms - 1347

2023-05-09 14:05:71 [Project-01] info : POST /user/login 302 245.034 ms - 33

2023-05-09 14:05:79 [Project-01] info : GET /user/login 200 55.728 ms - 1128

2023-05-09 14:05:12 [Project-01] info : POST /user/login 302 184.714 ms - 33

2023-05-09 14:05:19 [Project-01] info : GET /user/login 500 51.637 ms - 1993

2023-05-09 14:05:93 [Project-01] info : POST /user/login 403 29.815 ms - 16

2023-05-09 14:05:47 [Project-01] info : GET /user/login 200 34.533 ms - 1132

2023-05-09 14:05:87 [Project-01] info : GET /user/login 200 26.398 ms - 1132

2023-05-09 14:05:04 [Project-01] info : GET /user/login 200 24.928 ms - 1132

2023-05-09 14:05:33 [Project-01] info : GET /user/login 200 25.842 ms - 1132

2023-05-09 14:05:16 [Project-01] info : GET /user/logout 302 24.332 ms - 66

2023-05-09 14:05:17 [Project-01] info : GET /user/login 500 2.618 ms - 1353

2023-05-09 14:05:03 [Project-01] info : GET /user/login 500 3.554 ms - 1353

2023-05-09 14:05:61 [Project-01] info : GET /user/login 500 1.253 ms - 1353

2023-05-09 14:05:37 [Project-01] info : GET /user/register 304 32.322 ms - -

2023-05-09 14:05:60 [Project-01] info : GET /user/login 500 6.418 ms - 1353

2023-05-09 14:05:36 [Project-01] info : GET /user/login 500 7.718 ms - 1353

2023-05-09 14:05:04 [Project-01] info : GET /user/login 500 10.642 ms - 1353

2023-05-09 14:05:57 [Project-01] info : GET /user/login 200 24.719 ms - 1347

2023-05-09 14:05:92 [Project-01] info : GET /user/login 200 8.648 ms - 1347

2023-05-09 14:05:48 [Project-01] info : POST /user/login 302 201.627 ms - 33

2023-05-09 14:05:52 [Project-01] info : GET /user/login 200 35.390 ms - 1132

2023-05-09 14:05:99 [Project-01] info : GET /user/login 200 35.722 ms - 1132

2023-05-09 14:05:31 [Project-01] info : GET /user/login 200 32.416 ms - 1132

2023-05-09 14:05:28 [Project-01] info : GET /user/login 200 22.487 ms - 1347

2023-05-09 14:05:60 [Project-01] info : GET /user/login 200 11.774 ms - 1347

2023-05-09 14:05:23 [Project-01] info : GET /user/login 200 6.402 ms - 1347

2023-05-09 14:05:52 [Project-01] info : GET /user/login 200 4.357 ms - 1347

2023-05-09 14:05:43 [Project-01] info : GET /user/login 200 2.035 ms - 1347

2023-05-09 14:05:93 [Project-01] info : GET /user/login 200 3.579 ms - 1347

2023-05-09 14:05:47 [Project-01] info : GET /user/register 304 25.703 ms - -

2023-05-09 14:05:73 [Project-01] info : GET /user/register 304 6.600 ms - -

2023-05-09 14:05:16 [Project-01] info : GET /user/login 304 3.193 ms - -

2023-05-09 14:05:35 [Project-01] info : GET /user/login 304 7.777 ms - -

2023-05-09 14:05:28 [Project-01] info : GET /user/login 200 30.948 ms - 1347

2023-05-09 14:05:68 [Project-01] info : GET /user/login 200 6.769 ms - 1347

2023-05-09 14:05:55 [Project-01] info : POST /user/login 302 343.790 ms - 33

2023-05-09 14:05:60 [Project-01] info : GET /user/login 200 36.849 ms - 1132

2023-05-09 14:05:62 [Project-01] info : GET /user/login 304 32.859 ms - -

2023-05-09 14:05:78 [Project-01] info : GET /user/login 304 28.676 ms - -

2023-05-09 14:05:41 [Project-01] info : GET /user/register 403 28.165 ms - 16

2023-05-09 14:05:05 [Project-01] info : GET /user/login 304 29.104 ms - -

2023-05-09 14:05:40 [Project-01] info : GET /user/logout 500 30.204 ms - 1329

2023-05-09 14:05:18 [Project-01] info : GET /user/logout 403 9.751 ms - 16

2023-05-09 14:05:31 [Project-01] info : GET /favicon.ico 404 4.951 ms - 150

2023-05-09 14:05:45 [Project-01] info : GET /user/login 200 26.260 ms - 1347

2023-05-09 14:05:42 [Project-01] info : GET /user/logout 403 1.617 ms - 16

2023-05-09 14:05:21 [Project-01] info : GET /user/login 304 5.819 ms - -

2023-05-09 14:05:12 [Project-01] info : GET /user/login 304 6.230 ms - -

2023-05-09 14:05:25 [Project-01] info : GET /user/login 304 1.919 ms - -

2023-05-09 14:05:48 [Project-01] info : POST /user/login 302 204.524 ms - 33

2023-05-09 14:05:53 [Project-01] info : GET /user/login 200 42.298 ms - 1132

2023-05-09 14:05:68 [Project-01] info : GET /user/login 200 28.295 ms - 1347

2023-05-09 14:05:83 [Project-01] info : GET /user/login 304 8.571 ms - -

2023-05-09 14:05:44 [Project-01] info : POST /user/login 302 193.004 ms - 33

2023-05-09 14:05:50 [Project-01] info : GET /user/login 200 46.469 ms - 1132

2023-05-09 14:05:66 [Project-01] info : POST /user/login 403 22.367 ms - 16

2023-05-09 14:05:67 [Project-01] info : GET /user/login 304 34.067 ms - -

2023-05-09 14:05:82 [Project-01] info : GET /user/login 304 23.083 ms - -

2023-05-09 14:05:47 [Project-01] info : GET /user/login 200 18.493 ms - 1347

2023-05-09 14:05:85 [Project-01] info : GET /user/login 200 4.215 ms - 1347

2023-05-09 14:05:06 [Project-01] info : POST /user/login 302 210.308 ms - 33

2023-05-09 14:05:10 [Project-01] info : GET /user/login 200 35.167 ms - 1132

2023-05-09 14:05:30 [Project-01] info : GET /user/login 200 46.170 ms - 1347

2023-05-09 14:05:92 [Project-01] info : GET /user/login 304 6.466 ms - -

2023-05-09 14:05:23 [Project-01] info : POST /user/login 302 192.720 ms - 33

2023-05-09 14:05:28 [Project-01] info : GET /user/login 200 40.460 ms - 1132

2023-05-09 14:05:90 [Project-01] info : POST /user/login 302 235.185 ms - 33

2023-05-09 14:05:97 [Project-01] info : GET /user/login 200 61.318 ms - 1132

2023-05-09 14:05:87 [Project-01] info : GET /user/login 200 28.687 ms - 1347

2023-05-09 14:05:42 [Project-01] info : GET /user/login 200 5.565 ms - 1347

2023-05-09 14:05:86 [Project-01] info : POST /user/login 302 215.056 ms - 33

2023-05-09 14:05:91 [Project-01] info : GET /user/login 200 36.119 ms - 1132

2023-05-09 14:05:95 [Project-01] info : GET /user/login 200 40.249 ms - 1347

2023-05-09 14:05:46 [Project-01] info : GET /user/login 200 5.355 ms - 1347

2023-05-09 14:05:76 [Project-01] info : POST /user/login 302 204.895 ms - 33

2023-05-09 14:05:80 [Project-01] info : GET /user/login 200 30.265 ms - 1132

2023-05-09 14:05:69 [Project-01] info : POST /user/login 302 212.291 ms - 33

2023-05-09 14:05:75 [Project-01] info : GET /user/login 200 47.367 ms - 1499

2023-05-09 14:05:48 [Project-01] info : GET /user/login 200 33.234 ms - 1499

2023-05-09 14:05:96 [Project-01] info : GET /user/login 200 30.943 ms - 1499

2023-05-09 14:05:45 [Project-01] info : GET /favicon.ico 404 28.239 ms - 150

2023-05-09 14:05:75 [Project-01] info : GET /user/login 304 31.172 ms - -

2023-05-09 14:05:57 [Project-01] info : GET /user/login 200 44.879 ms - 1347

2023-05-09 14:05:33 [Project-01] info : GET /user/login 200 9.508 ms - 1347

2023-05-09 14:05:91 [Project-01] info : POST /user/login 302 248.486 ms - 32

2023-05-09 14:05:97 [Project-01] info : GET /user/test 404 30.988 ms - 148

2023-05-09 14:05:03 [Project-01] info : GET /user/login 200 24.182 ms - 1347

2023-05-09 14:05:49 [Project-01] info : GET /user/login 200 5.931 ms - 1347

2023-05-09 14:05:02 [Project-01] info : POST /user/login 302 189.150 ms - 36

2023-05-09 14:05:05 [Project-01] info : GET /user/register 403 25.965 ms - 16

2023-05-09 14:05:53 [Project-01] info : GET /user/register 403 24.965 ms - 16

2023-05-09 14:05:92 [Project-01] info : GET /favicon.ico 404 25.288 ms - 150

2023-05-09 14:05:70 [Project-01] info : GET /user/login 200 22.745 ms - 1347

2023-05-09 14:05:18 [Project-01] info : GET /user/login 200 7.247 ms - 1347

2023-05-09 14:05:29 [Project-01] info : POST /user/login 302 190.269 ms - 33

2023-05-09 14:05:33 [Project-01] info : GET /user/login 200 27.079 ms - 1132

2023-05-09 14:05:56 [Project-01] info : GET /user/login 200 31.305 ms - 1347

2023-05-09 14:05:09 [Project-01] info : GET /user/login 200 6.525 ms - 1347

2023-05-09 14:05:22 [Project-01] info : POST /user/login 200 225.675 ms - -

2023-05-09 14:05:33 [Project-01] info : GET /user/login 200 27.961 ms - 1347

2023-05-09 14:05:79 [Project-01] info : GET /user/login 200 5.758 ms - 1347

2023-05-09 14:05:55 [Project-01] info : POST /user/login 200 209.963 ms - 30

2023-05-09 14:05:70 [Project-01] info : POST /user/login 301 223.276 ms - 45

2023-05-09 14:05:77 [Project-01] info : GET /user/login 200 44.924 ms - 1132

2023-05-09 14:05:44 [Project-01] info : GET /user/login 200 27.083 ms - 1347

2023-05-09 14:05:04 [Project-01] info : GET /user/login 200 3.123 ms - 1347

2023-05-09 14:05:17 [Project-01] info : POST /user/login 302 199.498 ms - 33

2023-05-09 14:05:21 [Project-01] info : GET /user/login 200 35.127 ms - 1132

2023-05-09 14:05:52 [Project-01] info : GET /user/login 200 31.299 ms - 1132

2023-05-09 14:05:94 [Project-01] info : GET /user/login 200 30.222 ms - 1132

2023-05-09 14:05:96 [Project-01] info : GET /user/logout - - ms - -

2023-05-09 14:05:01 [Project-01] info : GET /user/login 200 37.062 ms - 1132

2023-05-09 14:05:55 [Project-01] info : GET /user/login 200 26.487 ms - 1132

2023-05-09 14:05:47 [Project-01] info : GET /user/login 200 38.412 ms - 1347

2023-05-09 14:05:16 [Project-01] info : GET /user/login 200 8.858 ms - 1347

2023-05-09 14:05:60 [Project-01] info : GET /user/login 304 6.614 ms - -

2023-05-09 14:05:16 [Project-01] info : GET /user/login 304 4.776 ms - -

2023-05-09 14:05:06 [Project-01] info : GET /user/login 304 3.156 ms - -

2023-05-09 14:05:47 [Project-01] info : GET /user/login 304 6.841 ms - -

2023-05-09 14:05:07 [Project-01] info : POST /user/login 302 213.449 ms - 33

2023-05-09 14:05:11 [Project-01] info : GET /user/login 200 33.134 ms - 1132

2023-05-09 14:05:41 [Project-01] info : GET /user/login 304 26.922 ms - -

2023-05-09 14:05:74 [Project-01] info : GET /user/login 304 30.519 ms - -

2023-05-09 14:05:82 [Project-01] info : GET /user/logout 302 30.832 ms - 66

2023-05-09 14:05:85 [Project-01] info : GET /user/login 200 6.831 ms - 1347

2023-05-09 14:05:18 [Project-01] info : GET /user/login 304 6.417 ms - -

2023-05-09 14:05:52 [Project-01] info : GET /user/login 200 3.924 ms - 1347

2023-05-09 14:05:90 [Project-01] info : GET /user/login 200 3.004 ms - 1347

2023-05-09 14:05:19 [Project-01] info : GET /user/login 200 28.302 ms - 1347

2023-05-09 14:05:71 [Project-01] info : GET /user/login 200 6.719 ms - 1347

2023-05-09 14:05:61 [Project-01] info : POST /user/login 302 183.130 ms - 33

2023-05-09 14:05:65 [Project-01] info : GET /user/login 200 26.531 ms - 1132

2023-05-09 14:05:97 [Project-01] info : GET /user/login 200 5.558 ms - 1347

2023-05-09 14:05:52 [Project-01] info : GET /user/login 200 4.426 ms - 1347

2023-05-09 14:05:85 [Project-01] info : POST /user/login 302 176.354 ms - 33

2023-05-09 14:05:89 [Project-01] info : GET /user/login 200 24.275 ms - 1132

2023-05-09 14:05:12 [Project-01] info : POST /user/login 403 23.073 ms - 16

2023-05-09 14:05:18 [Project-01] info : POST /user/login 403 19.703 ms - 16

2023-05-09 14:05:49 [Project-01] info : POST /user/login 403 22.654 ms - 16

2023-05-09 14:05:86 [Project-01] info : POST /user/login 403 24.418 ms - 16

2023-05-09 14:05:94 [Project-01] info : GET /user/login 200 23.929 ms - 1132

2023-05-09 14:05:41 [Project-01] info : GET /user/login 200 24.837 ms - 1132

2023-05-09 14:05:90 [Project-01] info : GET /user/logout 302 26.234 ms - 66

2023-05-09 14:05:92 [Project-01] info : GET /user/login 200 5.166 ms - 1347

2023-05-09 14:05:21 [Project-01] info : GET /user/login 304 2.288 ms - -

2023-05-09 14:05:34 [Project-01] info : GET /user/login 200 25.514 ms - 1347

2023-05-09 14:05:78 [Project-01] info : GET /user/login 200 5.462 ms - 1347

2023-05-09 14:05:92 [Project-01] info : POST /user/login 302 211.141 ms - 33

2023-05-09 14:05:00 [Project-01] info : GET /user/login 200 61.585 ms - 1132

2023-05-09 14:05:06 [Project-01] info : GET /user/login 304 38.537 ms - -

2023-05-09 14:05:46 [Project-01] info : GET /user/login 304 29.353 ms - -

2023-05-09 14:05:82 [Project-01] info : GET /user/logout 302 30.938 ms - 66

2023-05-09 14:05:83 [Project-01] info : GET /user/login 200 2.226 ms - 1347

2023-05-09 14:05:13 [Project-01] info : GET /user/login 304 4.038 ms - -

2023-05-09 14:05:10 [Project-01] info : POST /user/login 302 200.694 ms - 33

2023-05-09 14:05:13 [Project-01] info : GET /user/login 200 26.553 ms - 1132

2023-05-09 14:05:00 [Project-01] info : POST /user/login 403 30.427 ms - 16

2023-05-09 14:05:24 [Project-01] info : POST /user/login 403 26.205 ms - 16

2023-05-09 14:05:21 [Project-01] info : POST /user/login 403 28.008 ms - 16

2023-05-09 14:05:86 [Project-01] info : GET /user/login 200 30.067 ms - 1132

2023-05-09 14:05:34 [Project-01] info : GET /user/login 200 26.658 ms - 1132

2023-05-09 14:05:80 [Project-01] info : GET /user/login 200 36.562 ms - 1347

2023-05-09 14:05:32 [Project-01] info : GET /user/login 200 6.981 ms - 1347

2023-05-09 14:05:82 [Project-01] info : GET /user/login 304 3.006 ms - -

2023-05-09 14:05:13 [Project-01] info : GET /user/login 304 2.097 ms - -

2023-05-09 14:05:59 [Project-01] info : POST /user/login 302 184.957 ms - 33

2023-05-09 14:05:64 [Project-01] info : GET /user/login 200 35.856 ms - 1132

2023-05-09 14:05:47 [Project-01] info : GET /user/login 304 32.794 ms - -

2023-05-09 14:05:83 [Project-01] info : GET /user/login 304 28.194 ms - -

2023-05-09 14:05:71 [Project-01] info : GET /user/logout 302 30.599 ms - 66

2023-05-09 14:05:72 [Project-01] info : GET /user/login 200 4.165 ms - 1347

2023-05-09 14:05:07 [Project-01] info : GET /user/login 304 3.587 ms - -

2023-05-09 14:05:05 [Project-01] info : GET /user/login 200 24.497 ms - 1347

2023-05-09 14:05:46 [Project-01] info : GET /user/login 200 6.899 ms - 1347

2023-05-09 14:05:50 [Project-01] info : POST /user/login 302 191.827 ms - 33

2023-05-09 14:05:54 [Project-01] info : GET /user/login 200 34.196 ms - 1132

2023-05-09 14:05:11 [Project-01] info : GET /user/login 200 45.253 ms - 1347

2023-05-09 14:05:64 [Project-01] info : GET /user/login 200 7.972 ms - 1347

2023-05-09 14:05:34 [Project-01] info : POST /user/login 302 200.784 ms - 33

2023-05-09 14:05:39 [Project-01] info : GET /user/login 200 39.180 ms - 1132

2023-05-09 14:05:17 [Project-01] info : GET /user/login 200 37.274 ms - 1132

2023-05-09 14:05:64 [Project-01] info : GET /user/login 200 30.829 ms - 1132

2023-05-09 14:05:82 [Project-01] info : GET /user/logout 403 1.422 ms - 16

2023-05-09 14:05:14 [Project-01] info : GET /favicon.ico 404 3.446 ms - 150

2023-05-09 14:05:85 [Project-01] info : GET /user/login 200 44.161 ms - 1347

2023-05-09 14:05:89 [Project-01] info : GET /user/login 200 13.014 ms - 1347

2023-05-09 14:05:36 [Project-01] info : GET /user/login 200 5.872 ms - 1347

2023-05-09 14:05:71 [Project-01] info : GET /user/login 304 4.605 ms - -

2023-05-09 14:05:01 [Project-01] info : GET /user/login 304 4.173 ms - -

2023-05-09 14:05:83 [Project-01] info : GET /user/login 304 39.618 ms - -

2023-05-09 14:05:14 [Project-01] info : GET /user/login 304 12.177 ms - -

2023-05-09 14:05:26 [Project-01] info : GET /user/login 304 38.884 ms - -

2023-05-09 14:05:54 [Project-01] info : GET /user/login 304 12.177 ms - -

2023-05-09 14:05:81 [Project-01] info : POST /user/login 302 229.796 ms - 33

2023-05-09 14:05:86 [Project-01] info : GET /user/login 200 40.596 ms - 1132

2023-05-09 15:05:55 [Project-01] info : GET /user/login 200 35.205 ms - 1368

2023-05-09 15:05:04 [Project-01] info : GET /user/login 200 6.613 ms - 1368

2023-05-09 15:05:87 [Project-01] info : GET /user/login 200 34.672 ms - 1368

2023-05-09 15:05:44 [Project-01] info : GET /user/login 200 9.173 ms - 1368

2023-05-09 15:05:02 [Project-01] info : POST /user/login 302 232.352 ms - 33

2023-05-09 15:05:05 [Project-01] info : GET /user/login 200 30.328 ms - 1132

2023-05-09 15:05:81 [Project-01] info : GET /user/login 200 25.190 ms - 1368

2023-05-09 15:05:26 [Project-01] info : GET /user/login 200 8.249 ms - 1368

2023-05-09 15:05:01 [Project-01] info : POST /user/login 500 258.891 ms - 865

2023-05-09 15:05:93 [Project-01] info : GET /user/login 200 22.152 ms - 1368

2023-05-09 15:05:38 [Project-01] info : GET /user/login 200 5.032 ms - 1368

2023-05-09 15:05:55 [Project-01] info : GET /user/login 200 2.748 ms - 1368

2023-05-09 15:05:98 [Project-01] info : GET /user/login 200 3.941 ms - 1368

2023-05-09 15:05:08 [Project-01] info : GET /user/login 200 35.368 ms - 1368

2023-05-09 15:05:52 [Project-01] info : GET /user/login 200 10.227 ms - 1368

2023-05-09 15:05:41 [Project-01] info : GET /user/login 304 6.088 ms - -

2023-05-09 15:05:71 [Project-01] info : GET /user/login 304 6.194 ms - -

2023-05-09 15:05:88 [Project-01] info : POST /user/login 500 239.336 ms - 865

2023-05-09 15:05:90 [Project-01] info : GET /user/login 200 45.483 ms - 1368

2023-05-09 15:05:41 [Project-01] info : GET /user/login 200 11.744 ms - 1368

2023-05-09 15:05:90 [Project-01] info : POST /user/login 302 231.799 ms - 23

2023-05-09 15:05:94 [Project-01] info : GET / 404 26.489 ms - 139

2023-05-09 15:05:48 [Project-01] info : GET /user/login 200 37.341 ms - 1128

2023-05-09 15:05:90 [Project-01] info : GET /user/login 200 28.280 ms - 1128

2023-05-09 15:05:14 [Project-01] info : GET /user/logout 403 13.934 ms - 16

2023-05-09 15:05:64 [Project-01] info : GET /favicon.ico 404 5.406 ms - 150

2023-05-09 15:05:36 [Project-01] info : GET /user/login 200 36.878 ms - 1368

2023-05-09 15:05:06 [Project-01] info : GET /user/logout 403 1.853 ms - 16

2023-05-09 15:05:67 [Project-01] info : GET /user/login 304 8.275 ms - -

2023-05-09 15:05:06 [Project-01] info : GET /user/login 304 8.949 ms - -

2023-05-09 15:05:31 [Project-01] info : POST /user/login 302 245.012 ms - 23

2023-05-09 15:05:36 [Project-01] info : GET / 404 32.098 ms - 139

2023-05-09 15:05:95 [Project-01] info : GET /user/login 200 36.449 ms - 1128

2023-05-09 15:05:42 [Project-01] info : GET /user/login 304 35.617 ms - -

2023-05-09 15:05:31 [Project-01] info : POST /user/login 403 34.935 ms - 16

2023-05-09 15:05:39 [Project-01] info : GET /user/login 304 36.218 ms - -

2023-05-09 15:05:81 [Project-01] info : GET /user/login 304 32.219 ms - -

2023-05-09 15:05:12 [Project-01] info : GET /user/logout 403 11.508 ms - 16

2023-05-09 15:05:57 [Project-01] info : GET /user/login 200 37.451 ms - 1368

2023-05-09 15:05:12 [Project-01] info : GET /user/login 304 8.547 ms - -

2023-05-09 15:05:27 [Project-01] info : GET /user/login 200 5.920 ms - 1368

2023-05-09 15:05:81 [Project-01] info : GET /user/login 200 4.607 ms - 1368

2023-05-09 15:05:96 [Project-01] info : POST /user/login 302 240.367 ms - 33

2023-05-09 15:05:00 [Project-01] info : GET /user/login 200 33.787 ms - 1128

2023-05-09 15:05:46 [Project-01] info : GET /user/login 200 31.291 ms - 1368

2023-05-09 15:05:92 [Project-01] info : GET /user/login 200 4.749 ms - 1368

2023-05-09 15:05:51 [Project-01] info : POST /user/login 302 218.524 ms - 33

2023-05-09 15:05:55 [Project-01] info : GET /user/login 200 32.084 ms - 1128

2023-05-09 15:05:63 [Project-01] info : POST /user/login 302 259.067 ms - 33

2023-05-09 15:05:68 [Project-01] info : GET /user/login 200 45.972 ms - 1128

2023-05-09 15:05:03 [Project-01] info : GET /user/login 200 28.008 ms - 1128

2023-05-09 15:05:47 [Project-01] info : GET /user/login 200 26.524 ms - 1128

2023-05-09 15:05:22 [Project-01] info : GET /user/logout 302 34.724 ms - 66

2023-05-09 15:05:24 [Project-01] info : GET /user/login 200 7.597 ms - 1368

2023-05-09 15:05:67 [Project-01] info : GET /user/login 304 3.762 ms - -

2023-05-09 15:05:64 [Project-01] info : POST /user/login 302 176.821 ms - 33

2023-05-09 15:05:69 [Project-01] info : GET /user/login 200 31.704 ms - 1128

2023-05-09 15:05:30 [Project-01] info : POST /user/login 302 283.784 ms - 33

2023-05-09 15:05:38 [Project-01] info : GET /user/login 200 65.816 ms - 1128

2023-05-09 15:05:61 [Project-01] info : GET /user/login 200 33.795 ms - 1368

2023-05-09 15:05:07 [Project-01] info : GET /user/login 200 9.293 ms - 1368

2023-05-09 15:05:85 [Project-01] info : POST /user/login 302 218.780 ms - 33

2023-05-09 15:05:89 [Project-01] info : GET /user/login 200 33.824 ms - 1128

2023-05-09 15:05:97 [Project-01] info : POST /user/login 302 237.471 ms - 33

2023-05-09 15:05:03 [Project-01] info : GET /user/login 200 47.532 ms - 1128

2023-05-09 15:05:02 [Project-01] info : POST /user/login 302 317.257 ms - 33

2023-05-09 15:05:09 [Project-01] info : GET /user/login 200 53.539 ms - 1132

2023-05-09 15:05:46 [Project-01] info : GET /user/login 200 34.320 ms - 1368

2023-05-09 15:05:91 [Project-01] info : GET /user/login 200 6.758 ms - 1368

2023-05-09 15:05:28 [Project-01] info : POST /user/login 302 251.150 ms - 33

2023-05-09 15:05:33 [Project-01] info : GET /user/login 200 35.712 ms - 1132

2023-05-09 15:05:31 [Project-01] info : GET /user/login 200 34.614 ms - 1368

2023-05-09 15:05:83 [Project-01] info : GET /user/login 200 4.337 ms - 1368

2023-05-09 15:05:64 [Project-01] info : POST /user/login 302 221.012 ms - 32

2023-05-09 15:05:68 [Project-01] info : GET /user/home 404 28.851 ms - 148

2023-05-09 15:05:06 [Project-01] info : GET /user/login 200 28.621 ms - 1132

2023-05-09 15:05:43 [Project-01] info : GET /user/login 304 21.810 ms - -

2023-05-09 15:05:06 [Project-01] info : GET /user/logout 403 12.921 ms - 16

2023-05-09 15:05:37 [Project-01] info : GET /favicon.ico 404 4.191 ms - 150

2023-05-09 15:05:03 [Project-01] info : GET /user/logout 403 10.089 ms - 16

2023-05-09 15:05:68 [Project-01] info : GET /user/login 200 27.858 ms - 1368

2023-05-09 15:05:28 [Project-01] info : GET /user/login 304 7.301 ms - -

2023-05-09 15:05:01 [Project-01] info : GET /user/login 304 4.626 ms - -

2023-05-09 15:05:15 [Project-01] info : GET /user/login 200 1.835 ms - 1368

2023-05-09 15:05:61 [Project-01] info : GET /user/login 200 2.904 ms - 1368

2023-05-09 15:05:44 [Project-01] info : POST /user/login 302 227.979 ms - 54

2023-05-09 15:05:51 [Project-01] info : GET /user/login 200 66.285 ms - 1132

2023-05-09 15:05:51 [Project-01] info : POST /user/login 302 196.095 ms - 54

2023-05-09 15:05:55 [Project-01] info : GET /user/login 200 37.494 ms - 1132

2023-05-09 15:05:73 [Project-01] info : GET /user/login 200 44.184 ms - 1132

2023-05-09 15:05:19 [Project-01] info : GET /user/login 200 20.556 ms - 1132

2023-05-09 15:05:14 [Project-01] info : GET /user/logout 403 13.019 ms - 16

2023-05-09 15:05:71 [Project-01] info : GET /favicon.ico 404 8.790 ms - 150

2023-05-09 15:05:06 [Project-01] info : GET /user/logout 403 2.065 ms - 16

2023-05-09 15:05:48 [Project-01] info : GET /favicon.ico 404 2.853 ms - 150

2023-05-09 15:05:95 [Project-01] info : GET /user/login 200 37.479 ms - 1368

2023-05-09 15:05:78 [Project-01] info : GET /user/login 304 4.661 ms - -

2023-05-09 15:05:07 [Project-01] info : GET /user/login 304 4.015 ms - -

2023-05-09 15:05:58 [Project-01] info : POST /user/login 302 238.438 ms - 54

2023-05-09 15:05:63 [Project-01] info : GET /user/login 200 36.878 ms - 1132

2023-05-09 15:05:33 [Project-01] info : GET /user/login 200 22.974 ms - 1368

2023-05-09 15:05:88 [Project-01] info : GET /user/login 200 4.354 ms - 1368

2023-05-09 15:05:71 [Project-01] info : GET /user/login 200 3.224 ms - 1368

2023-05-09 15:05:19 [Project-01] info : GET /user/login 200 4.209 ms - 1368

2023-05-09 15:05:65 [Project-01] info : POST /user/login 302 264.327 ms - 54

2023-05-09 15:05:71 [Project-01] info : GET /user/login 200 37.323 ms - 1132

2023-05-09 15:05:78 [Project-01] info : GET /user/login 200 37.353 ms - 1132

2023-05-09 15:05:18 [Project-01] info : GET /user/login 200 27.283 ms - 1132

2023-05-09 15:05:92 [Project-01] info : GET /user/logout 302 24.452 ms - -

2023-05-09 15:05:96 [Project-01] info : GET /user/login 200 4.709 ms - 1368

2023-05-09 15:05:32 [Project-01] info : GET /user/login 304 3.775 ms - -

2023-05-09 15:05:65 [Project-01] info : GET /user/login 200 20.107 ms - 1368

2023-05-09 15:05:12 [Project-01] info : GET /user/login 200 3.703 ms - 1368

2023-05-09 15:05:70 [Project-01] info : POST /user/login 302 276.784 ms - -

2023-05-09 15:05:74 [Project-01] info : GET /user/login 200 31.409 ms - 1132

2023-05-09 15:05:32 [Project-01] info : GET /user/login 200 38.633 ms - 1368

2023-05-09 15:05:88 [Project-01] info : GET /user/login 200 6.403 ms - 1368

2023-05-09 15:05:10 [Project-01] info : POST /user/login 302 214.835 ms - -

2023-05-09 15:05:14 [Project-01] info : GET /user/login 200 32.770 ms - 1132

2023-05-09 15:05:71 [Project-01] info : GET /user/login 200 29.674 ms - 1368

2023-05-09 15:05:15 [Project-01] info : GET /user/login 200 4.581 ms - 1368

2023-05-09 15:05:60 [Project-01] info : POST /user/login 302 210.859 ms - -

2023-05-09 15:05:65 [Project-01] info : GET /user/login 200 36.468 ms - 1132

2023-05-09 15:05:11 [Project-01] info : GET /user/login 304 31.429 ms - -

2023-05-09 15:05:49 [Project-01] info : GET /user/login 304 26.892 ms - -

2023-05-09 15:05:01 [Project-01] info : GET /user/login 200 27.084 ms - 1368

2023-05-09 15:05:38 [Project-01] info : GET /user/login 304 6.568 ms - -

2023-05-09 15:05:99 [Project-01] info : POST /user/login 302 210.994 ms - -

2023-05-09 15:05:03 [Project-01] info : GET /user/login 200 29.270 ms - 1132

2023-05-09 15:05:84 [Project-01] info : GET /user/login 304 25.209 ms - -

2023-05-09 15:05:23 [Project-01] info : GET /user/login 304 25.807 ms - -

2023-05-09 15:05:12 [Project-01] info : GET /user/logout 302 27.148 ms - -

2023-05-09 15:05:14 [Project-01] info : GET /user/login 200 7.327 ms - 1368

2023-05-09 15:05:46 [Project-01] info : GET /user/login 304 5.035 ms - -

2023-05-09 15:05:58 [Project-01] info : GET /user/login 200 30.905 ms - 1368

2023-05-09 15:05:15 [Project-01] info : GET /user/login 200 7.829 ms - 1368

2023-05-09 15:05:62 [Project-01] info : POST /user/login 200 288.664 ms - -

2023-05-09 15:05:74 [Project-01] info : POST /user/login 200 161.666 ms - -

2023-05-09 15:05:20 [Project-01] info : GET /user/login 200 30.301 ms - 1368

2023-05-09 15:05:77 [Project-01] info : GET /user/login 200 5.353 ms - 1368

2023-05-09 15:05:16 [Project-01] info : POST /user/login 307 229.475 ms - 40

2023-05-09 15:05:25 [Project-01] info : POST /test 404 76.543 ms - 144

2023-05-09 15:05:39 [Project-01] info : GET /user/login 200 34.276 ms - 1132

2023-05-09 15:05:82 [Project-01] info : GET /user/login 304 24.509 ms - -

2023-05-09 15:05:75 [Project-01] info : GET /user/login 200 23.679 ms - 1368

2023-05-09 15:05:19 [Project-01] info : GET /user/login 200 12.081 ms - 1368

2023-05-09 15:05:56 [Project-01] info : GET /user/login 200 2.594 ms - 1368

2023-05-09 15:05:00 [Project-01] info : GET /user/login 200 2.549 ms - 1368

2023-05-09 15:05:27 [Project-01] info : POST /user/login 307 223.365 ms - 40

2023-05-09 15:05:31 [Project-01] info : POST /test 404 34.020 ms - 144

2023-05-09 15:05:81 [Project-01] info : GET /user/login 200 40.569 ms - 1132

2023-05-09 15:05:60 [Project-01] info : GET /user/login 304 33.248 ms - -

2023-05-09 15:05:51 [Project-01] info : GET /user/logout 302 29.464 ms - -

2023-05-09 15:05:54 [Project-01] info : GET /user/login 200 5.206 ms - 1368

2023-05-09 15:05:10 [Project-01] info : GET /user/login 304 6.501 ms - -

2023-05-09 15:05:31 [Project-01] info : GET /user/login 200 21.592 ms - 1368

2023-05-09 15:05:76 [Project-01] info : GET /user/login 200 5.721 ms - 1368

2023-05-09 15:05:85 [Project-01] info : POST /user/login 307 240.672 ms - 40

2023-05-09 15:05:90 [Project-01] info : POST /test 404 25.896 ms - 144

2023-05-09 15:05:54 [Project-01] info : GET /user/login 200 26.341 ms - 1132

2023-05-09 15:05:88 [Project-01] info : GET /user/login 304 26.212 ms - -

2023-05-09 15:05:57 [Project-01] info : GET /user/logout 307 26.233 ms - 67

2023-05-09 15:05:61 [Project-01] info : GET /test 404 1.772 ms - 143

2023-05-09 15:05:32 [Project-01] info : GET /user/login 200 5.081 ms - 1368

2023-05-09 15:05:96 [Project-01] info : GET /user/login 200 25.127 ms - 1368

2023-05-09 15:05:51 [Project-01] info : GET /user/login 200 5.739 ms - 1368

2023-05-09 15:05:91 [Project-01] info : POST /user/login 301 248.179 ms - 45

2023-05-09 15:05:96 [Project-01] info : GET /user/login 200 30.524 ms - 1132

2023-05-09 15:05:64 [Project-01] info : GET /user/login 304 27.668 ms - -

2023-05-09 15:05:95 [Project-01] info : GET /user/login 304 28.074 ms - -

2023-05-09 15:05:26 [Project-01] info : GET /user/logout 403 10.328 ms - 16

2023-05-09 15:05:54 [Project-01] info : GET /favicon.ico 404 2.970 ms - 150

2023-05-09 15:05:23 [Project-01] info : GET /user/login 200 26.445 ms - 1368

2023-05-09 15:05:59 [Project-01] info : GET /user/logout 403 1.601 ms - 16

2023-05-09 15:05:57 [Project-01] info : GET /user/login 304 7.771 ms - -

2023-05-09 15:05:51 [Project-01] info : GET /user/login 200 2.499 ms - 1368

2023-05-09 15:05:01 [Project-01] info : GET /user/login 200 2.828 ms - 1368

2023-05-09 15:05:49 [Project-01] info : POST /user/login 302 282.079 ms - 33

2023-05-09 15:05:54 [Project-01] info : GET /user/login 200 30.177 ms - 1132

2023-05-09 15:05:85 [Project-01] info : GET /user/login 304 38.498 ms - -

2023-05-09 15:05:40 [Project-01] info : GET /user/login 304 30.924 ms - -

2023-05-09 15:05:79 [Project-01] info : GET /user/login 304 29.066 ms - -

2023-05-09 15:05:25 [Project-01] info : GET /user/login 304 27.543 ms - -

2023-05-09 15:05:52 [Project-01] info : GET /user/login 304 32.664 ms - -

2023-05-09 15:05:89 [Project-01] info : GET /user/login 304 29.195 ms - -

2023-05-09 15:05:69 [Project-01] info : GET /user/logout 302 27.656 ms - 66

2023-05-09 15:05:72 [Project-01] info : GET /user/login 200 8.512 ms - 1368

2023-05-09 15:05:01 [Project-01] info : GET /user/login 304 1.731 ms - -

2023-05-09 15:05:08 [Project-01] info : GET /user/login 304 18.122 ms - -

2023-05-09 15:05:42 [Project-01] info : GET /user/login 304 5.092 ms - -

2023-05-09 15:05:74 [Project-01] info : POST /user/login 302 213.635 ms - 33

2023-05-09 15:05:86 [Project-01] info : GET /user/login 200 2.444 ms - 1368

2023-05-09 15:05:24 [Project-01] info : POST /user/login 302 225.691 ms - 33

2023-05-09 15:05:31 [Project-01] info : GET /user/login 200 57.483 ms - 1132

2023-05-09 15:05:97 [Project-01] info : GET /user/login 304 30.929 ms - -

2023-05-09 15:05:29 [Project-01] info : GET /user/login 304 24.555 ms - -

2023-05-09 15:05:37 [Project-01] info : GET /user/logout 302 19.981 ms - 66

2023-05-09 15:05:41 [Project-01] info : GET /user/login 200 5.355 ms - 1368

2023-05-09 15:05:75 [Project-01] info : GET /user/login 304 3.372 ms - -

2023-05-09 15:05:78 [Project-01] info : GET /user/login 304 2.536 ms - -

2023-05-09 15:05:04 [Project-01] info : GET /user/login 304 5.301 ms - -

2023-05-09 15:05:34 [Project-01] info : POST /user/login 302 187.966 ms - 33

2023-05-09 15:05:37 [Project-01] info : GET /user/login 200 23.354 ms - 1132

2023-05-09 15:05:73 [Project-01] info : GET /user/login 200 20.474 ms - 1368

2023-05-09 15:05:17 [Project-01] info : GET /user/login 200 6.832 ms - 1368

2023-05-09 15:05:73 [Project-01] info : POST /user/login 302 230.880 ms - 33

2023-05-09 15:05:79 [Project-01] info : GET /user/login 200 46.090 ms - 1132

2023-05-09 15:05:58 [Project-01] info : GET /user/login 200 28.578 ms - 1368

2023-05-09 15:05:03 [Project-01] info : GET /user/login 200 7.114 ms - 1368

2023-05-09 15:05:66 [Project-01] info : GET /user/login 200 25.404 ms - 1368

2023-05-09 15:05:14 [Project-01] info : GET /user/login 200 6.952 ms - 1368

2023-05-09 15:05:75 [Project-01] info : GET /user/login 200 3.373 ms - 1368

2023-05-09 15:05:19 [Project-01] info : GET /user/login 200 6.006 ms - 1368

2023-05-09 15:05:34 [Project-01] info : GET /user/login 304 41.280 ms - -

2023-05-09 15:05:75 [Project-01] info : GET /user/login 304 6.681 ms - -

2023-05-09 15:05:22 [Project-01] info : GET /user/login 200 5.285 ms - 1368

2023-05-09 15:05:75 [Project-01] info : GET /user/login 200 2.718 ms - 1368

2023-05-09 15:05:34 [Project-01] info : POST /user/login 302 249.339 ms - 33

2023-05-09 15:05:39 [Project-01] info : GET /user/login 200 29.509 ms - 1132

2023-05-09 15:05:55 [Project-01] info : GET /user/login 304 32.990 ms - -

2023-05-09 15:05:90 [Project-01] info : GET /user/login 304 28.437 ms - -

2023-05-09 15:05:32 [Project-01] info : GET /user/logout 302 35.271 ms - 66

2023-05-09 15:05:34 [Project-01] info : GET /user/login 200 2.300 ms - 1368

2023-05-09 15:05:63 [Project-01] info : GET /user/login 304 2.913 ms - -

2023-05-09 16:05:82 [Project-01] info : GET /user/login 200 23.711 ms - 1368

2023-05-09 16:05:24 [Project-01] info : GET /user/login 200 3.678 ms - 1368

2023-05-09 16:05:34 [Project-01] info : POST /user/login 302 240.705 ms - 33

2023-05-09 16:05:38 [Project-01] info : GET /user/login 200 29.922 ms - 1132

2023-05-09 16:05:32 [Project-01] info : GET /user/login 304 28.565 ms - -

2023-05-09 16:05:63 [Project-01] info : GET /user/login 304 28.438 ms - -

2023-05-09 16:05:75 [Project-01] info : GET /user/logout 302 29.324 ms - 66

2023-05-09 16:05:77 [Project-01] info : GET /user/login 200 1.839 ms - 1368

2023-05-09 16:05:08 [Project-01] info : GET /user/login 304 2.521 ms - -

2023-05-09 16:05:28 [Project-01] info : GET /user/login 200 22.006 ms - 1368

2023-05-09 16:05:70 [Project-01] info : GET /user/login 200 6.641 ms - 1368

2023-05-09 16:05:00 [Project-01] info : POST /user/login 302 247.565 ms - 33

2023-05-09 16:05:05 [Project-01] info : GET /user/login 200 30.182 ms - 1132

2023-05-09 16:05:74 [Project-01] info : GET /user/login 200 26.110 ms - 1368

2023-05-09 16:05:22 [Project-01] info : GET /user/login 200 6.097 ms - 1368

2023-05-09 16:05:68 [Project-01] info : GET /user/login 200 4.262 ms - 1368

2023-05-09 16:05:69 [Project-01] info : POST /user/login - - ms - -

2023-05-09 16:05:09 [Project-01] info : GET /user/login 200 2.791 ms - 1368

2023-05-09 16:05:75 [Project-01] info : GET /user/login 200 17.856 ms - 1368

2023-05-09 16:05:19 [Project-01] info : GET /user/login 200 6.079 ms - 1368

2023-05-09 16:05:98 [Project-01] info : POST /user/login 500 38.313 ms - 1069

2023-05-09 16:05:47 [Project-01] info : GET /user/login 200 24.250 ms - 1368

2023-05-09 16:05:00 [Project-01] info : GET /user/login 200 6.020 ms - 1368

2023-05-09 16:05:97 [Project-01] info : POST /user/login 500 33.492 ms - 1069

2023-05-09 16:05:98 [Project-01] info : GET /user/login 200 19.583 ms - 1368

2023-05-09 16:05:37 [Project-01] info : GET /user/login 200 5.210 ms - 1368

2023-05-09 16:05:84 [Project-01] info : POST /user/login 302 259.994 ms - 33

2023-05-09 16:05:89 [Project-01] info : GET /user/login 200 43.070 ms - 1132

2023-05-09 16:05:72 [Project-01] info : GET /user/login 304 40.399 ms - -

2023-05-09 16:05:06 [Project-01] info : GET /user/login 304 31.777 ms - -

2023-05-09 16:05:74 [Project-01] info : GET /user/logout 302 28.501 ms - 66

2023-05-09 16:05:76 [Project-01] info : GET /user/login 200 6.473 ms - 1368

2023-05-09 16:05:08 [Project-01] info : GET /user/login 304 4.527 ms - -

2023-05-09 16:05:70 [Project-01] info : POST /user/login 302 197.699 ms - 33

2023-05-09 16:05:74 [Project-01] info : GET /user/login 200 28.335 ms - 1132

2023-05-09 16:05:22 [Project-01] info : GET /user/login 200 39.005 ms - 1368

2023-05-09 16:05:75 [Project-01] info : GET /user/login 200 5.720 ms - 1368

2023-05-09 16:05:27 [Project-01] info : POST /user/login 302 233.910 ms - 33

2023-05-09 16:05:30 [Project-01] info : GET /user/login 200 23.865 ms - 1132

2023-05-09 16:05:22 [Project-01] info : GET /user/login 200 27.145 ms - 1132

2023-05-09 16:05:71 [Project-01] info : GET /user/login 200 22.819 ms - 1132

2023-05-09 16:05:83 [Project-01] info : GET /user/logout 302 28.171 ms - 66

2023-05-09 16:05:85 [Project-01] info : GET /user/login 200 4.758 ms - 1368

2023-05-09 16:05:25 [Project-01] info : GET /user/login 304 1.866 ms - -

2023-05-09 16:05:61 [Project-01] info : GET /user/login 200 18.888 ms - 1368

2023-05-09 16:05:13 [Project-01] info : GET /user/login 200 7.398 ms - 1368

2023-05-09 16:05:88 [Project-01] info : POST /user/login 302 237.646 ms - 33

2023-05-09 16:05:92 [Project-01] info : GET /user/login 200 34.727 ms - 1132

2023-05-09 16:05:97 [Project-01] info : GET /user/login 304 32.755 ms - -

2023-05-09 16:05:41 [Project-01] info : GET /user/login 304 30.539 ms - -

2023-05-09 16:05:94 [Project-01] info : GET /user/logout 403 11.687 ms - 16

2023-05-09 16:05:27 [Project-01] info : GET /favicon.ico 404 5.765 ms - 150

2023-05-09 16:05:34 [Project-01] info : GET /user/login 200 26.915 ms - 1368

2023-05-09 16:05:94 [Project-01] info : GET /user/login 200 2.601 ms - 1368

2023-05-09 16:05:35 [Project-01] info : GET /user/login 200 4.105 ms - 1368

2023-05-09 16:05:30 [Project-01] info : GET /user/login 304 4.144 ms - -

2023-05-09 16:05:63 [Project-01] info : GET /user/login 304 5.811 ms - -

2023-05-09 16:05:33 [Project-01] info : POST /user/login 302 199.894 ms - 33

2023-05-09 16:05:39 [Project-01] info : GET /user/login 200 44.993 ms - 1132

2023-05-09 16:05:46 [Project-01] info : GET /user/login 304 37.844 ms - -

2023-05-09 16:05:85 [Project-01] info : GET /user/login 304 30.051 ms - -

2023-05-09 16:05:13 [Project-01] info : GET /user/logout 302 29.621 ms - 66

2023-05-09 16:05:15 [Project-01] info : GET /user/login 200 2.758 ms - 1368

2023-05-09 16:05:55 [Project-01] info : GET /user/login 304 2.029 ms - -

2023-05-09 16:05:76 [Project-01] info : GET /user/login 200 2.932 ms - 1368

2023-05-09 16:05:17 [Project-01] info : GET /user/login 200 2.231 ms - 1368

2023-05-09 16:05:75 [Project-01] info : POST /user/login 302 232.418 ms - 33

2023-05-09 16:05:82 [Project-01] info : GET /user/login 200 51.021 ms - 1132

2023-05-09 16:05:88 [Project-01] info : GET /user/login 304 31.497 ms - -

2023-05-09 16:05:31 [Project-01] info : GET /user/login 304 26.819 ms - -

2023-05-09 16:05:15 [Project-01] info : GET /user/logout 403 14.969 ms - 16

2023-05-09 16:05:58 [Project-01] info : GET /favicon.ico 404 4.001 ms - 150

2023-05-09 16:05:59 [Project-01] info : GET /user/login 200 33.753 ms - 1368

2023-05-09 16:05:70 [Project-01] info : GET /user/login 304 4.400 ms - -

2023-05-09 16:05:97 [Project-01] info : GET /user/login 304 4.373 ms - -

2023-05-09 16:05:28 [Project-01] info : POST /user/login 302 246.430 ms - 33

2023-05-09 16:05:32 [Project-01] info : GET /user/login 200 26.554 ms - 1132

2023-05-09 16:05:79 [Project-01] info : POST /user/login 302 239.570 ms - 33

2023-05-09 16:05:84 [Project-01] info : GET /user/login 200 42.688 ms - 1132

2023-05-09 16:05:33 [Project-01] info : GET /user/login 200 35.441 ms - 1132

2023-05-09 16:05:77 [Project-01] info : GET /user/login 200 26.593 ms - 1132

2023-05-09 16:05:85 [Project-01] info : GET /user/logout 302 28.990 ms - 66

2023-05-09 16:05:88 [Project-01] info : GET /user/login 200 12.563 ms - 1368

2023-05-09 16:05:21 [Project-01] info : GET /user/login 304 3.412 ms - -

2023-05-09 16:05:83 [Project-01] info : POST /user/login 302 197.216 ms - 33

2023-05-09 16:05:87 [Project-01] info : GET /user/login 200 27.239 ms - 1132

2023-05-09 16:05:36 [Project-01] info : GET /user/login 304 28.579 ms - -

2023-05-09 16:05:67 [Project-01] info : GET /user/login 304 28.264 ms - -

2023-05-09 16:05:68 [Project-01] info : GET /user/logout 302 27.896 ms - 66

2023-05-09 16:05:71 [Project-01] info : GET /user/login 200 8.743 ms - 1368

2023-05-09 16:05:05 [Project-01] info : GET /user/login 304 2.199 ms - -

2023-05-09 16:05:09 [Project-01] info : GET /user/register 200 3.112 ms - 1499

2023-05-09 16:05:48 [Project-01] info : GET /user/register 304 4.721 ms - -

2023-05-09 16:05:10 [Project-01] info : POST /user/register 200 4.570 ms - 171

2023-05-09 16:05:99 [Project-01] info : GET /user/register 200 27.830 ms - 1499

2023-05-09 16:05:57 [Project-01] info : GET /user/register 200 4.285 ms - 1499

2023-05-09 16:05:20 [Project-01] info : POST /user/register 200 37.368 ms - 171

2023-05-09 16:05:39 [Project-01] info : GET /user/login 304 7.762 ms - -

2023-05-09 16:05:86 [Project-01] info : GET /user/login 304 2.893 ms - -

2023-05-09 16:05:38 [Project-01] info : POST /user/login 200 229.178 ms - 58

2023-05-09 16:05:04 [Project-01] info : POST /user/login 200 229.344 ms - 58

2023-05-09 16:05:99 [Project-01] info : POST /user/login 200 162.430 ms - 58

2023-05-09 16:05:36 [Project-01] info : POST /user/login 302 204.998 ms - 33

2023-05-09 16:05:43 [Project-01] info : GET /user/login 200 49.105 ms - 1132

2023-05-09 16:05:92 [Project-01] info : GET /user/login 200 24.203 ms - 1368

2023-05-09 16:05:40 [Project-01] info : GET /user/login 200 6.462 ms - 1368

2023-05-09 16:05:86 [Project-01] info : POST /user/login 302 220.388 ms - 33

2023-05-09 16:05:91 [Project-01] info : GET /user/login 200 36.453 ms - 1132

2023-05-09 16:05:97 [Project-01] info : GET /user/login 304 37.128 ms - -

2023-05-09 16:05:33 [Project-01] info : GET /user/login 304 30.521 ms - -

2023-05-09 16:05:75 [Project-01] info : GET /user/logout 302 32.467 ms - 66

2023-05-09 16:05:78 [Project-01] info : GET /user/login 200 5.733 ms - 1368

2023-05-09 16:05:13 [Project-01] info : GET /user/login 304 3.162 ms - -

2023-05-09 16:05:64 [Project-01] info : POST /user/login 200 171.193 ms - 58

2023-05-09 16:05:68 [Project-01] info : GET /user/login 200 4.171 ms - 1368

2023-05-09 16:05:05 [Project-01] info : GET /user/login 304 2.263 ms - -

2023-05-09 16:05:89 [Project-01] info : POST /user/login 302 201.431 ms - 33

2023-05-09 16:05:93 [Project-01] info : GET /user/login 200 38.176 ms - 1132

2023-05-09 16:05:01 [Project-01] info : GET /user/login 304 48.645 ms - -

2023-05-09 16:05:36 [Project-01] info : GET /user/login 304 28.688 ms - -

2023-05-09 16:05:50 [Project-01] info : GET /user/logout 302 29.746 ms - 66

2023-05-09 16:05:53 [Project-01] info : GET /user/login 200 6.396 ms - 1368

2023-05-09 16:05:86 [Project-01] info : GET /user/login 304 3.995 ms - -

2023-05-09 16:05:37 [Project-01] info : POST /user/login 302 193.316 ms - 33

2023-05-09 16:05:41 [Project-01] info : GET /user/login 200 28.862 ms - 1132

2023-05-09 16:05:49 [Project-01] info : GET /user/login 304 35.901 ms - -

2023-05-09 16:05:82 [Project-01] info : GET /user/login 304 28.320 ms - -

2023-05-09 16:05:56 [Project-01] info : GET /user/logout 302 26.574 ms - 66

2023-05-09 16:05:58 [Project-01] info : GET /user/login 200 4.218 ms - 1368

2023-05-09 16:05:92 [Project-01] info : GET /user/login 304 1.845 ms - -

2023-05-09 16:05:23 [Project-01] info : POST /user/login 200 189.026 ms - 58

2023-05-09 16:05:27 [Project-01] info : GET /user/login 200 2.476 ms - 1368

2023-05-09 16:05:14 [Project-01] info : GET /user/login 304 4.828 ms - -

2023-05-09 16:05:70 [Project-01] info : GET /user/login 200 27.150 ms - 1368

2023-05-09 16:05:17 [Project-01] info : GET /user/login 200 6.667 ms - 1368

2023-05-09 16:05:44 [Project-01] info : POST /user/login 200 222.038 ms - 58

2023-05-09 16:05:58 [Project-01] info : GET /user/login 200 2.745 ms - 1368

2023-05-09 16:05:91 [Project-01] info : GET /user/login 304 2.359 ms - -

2023-05-09 16:05:38 [Project-01] info : POST /user/login 302 307.892 ms - 33

2023-05-09 16:05:45 [Project-01] info : GET /user/login 200 49.716 ms - 1132

2023-05-09 16:05:51 [Project-01] info : GET /user/login 304 28.460 ms - -

2023-05-09 16:05:05 [Project-01] info : GET /user/login 304 62.384 ms - -

2023-05-09 16:05:09 [Project-01] info : GET /user/register 403 26.086 ms - 16

2023-05-09 16:05:41 [Project-01] info : GET /favicon.ico 404 24.874 ms - 150

2023-05-09 16:05:37 [Project-01] info : GET /user/login 304 26.034 ms - -

2023-05-09 16:05:64 [Project-01] info : GET /user/login 304 28.000 ms - -

2023-05-09 16:05:79 [Project-01] info : GET /user/login 304 28.648 ms - -

2023-05-09 17:05:45 [Project-01] info : GET /user/logout 302 35.398 ms - 66

2023-05-09 17:05:46 [Project-01] info : GET /user/logout 403 1.379 ms - 16

2023-05-09 17:05:74 [Project-01] info : GET /user/login 200 8.228 ms - 1368

2023-05-09 17:05:21 [Project-01] info : GET /user/logout 403 1.295 ms - 16

2023-05-09 17:05:28 [Project-01] info : GET /user/logout 403 4.046 ms - 16

2023-05-09 17:05:54 [Project-01] info : GET /user/logout 403 2.044 ms - 16

2023-05-09 17:05:82 [Project-01] info : GET /favicon.ico 404 3.252 ms - 150

2023-05-09 17:05:11 [Project-01] info : GET /user/login 304 4.643 ms - -

2023-05-09 17:05:41 [Project-01] info : GET /user/login 200 5.773 ms - 1368

2023-05-09 17:05:84 [Project-01] info : GET /user/login 200 2.998 ms - 1368

2023-05-09 17:05:70 [Project-01] info : POST /user/login 302 195.041 ms - 33

2023-05-09 17:05:91 [Project-01] info : GET /user/login 200 203.720 ms - 1132

2023-05-09 17:05:91 [Project-01] info : POST /user/login 302 213.649 ms - 33

2023-05-09 17:05:95 [Project-01] info : GET /user/login 200 25.556 ms - 1132

2023-05-09 17:05:98 [Project-01] info : GET /user/login - - ms - -

2023-05-09 17:05:01 [Project-01] info : GET /user/login 200 24.413 ms - 1132

2023-05-09 17:05:38 [Project-01] info : GET /user/login 304 28.974 ms - -

2023-05-09 17:05:13 [Project-01] info : GET /user/login 200 2.527 ms - 1368

2023-05-09 17:05:55 [Project-01] info : GET /user/login 200 6.508 ms - 1368

2023-05-09 17:05:99 [Project-01] info : POST /user/login 302 184.697 ms - 33

2023-05-09 17:05:20 [Project-01] info : POST /user/login 302 204.200 ms - 33

2023-05-09 17:05:21 [Project-01] info : GET /user/login 200 203.041 ms - 1132

2023-05-09 17:05:23 [Project-01] info : GET /user/login 200 26.087 ms - 1132

2023-05-09 17:05:25 [Project-01] info : GET /user/login - - ms - -

2023-05-09 17:05:28 [Project-01] info : GET /user/login 200 25.074 ms - 1132

2023-05-09 17:05:67 [Project-01] info : GET /user/login 304 22.176 ms - -

2023-05-09 17:05:89 [Project-01] info : GET /user/logout 302 24.969 ms - 66

2023-05-09 17:05:93 [Project-01] info : GET /user/login 200 2.562 ms - 1368

2023-05-09 17:05:95 [Project-01] info : GET /user/logout 403 0.593 ms - 16

2023-05-09 17:05:98 [Project-01] info : GET /user/logout 403 1.691 ms - 16

2023-05-09 17:05:34 [Project-01] info : GET /favicon.ico 404 0.776 ms - 150

2023-05-09 17:05:54 [Project-01] info : GET /user/login 304 41.196 ms - -

2023-05-09 17:05:34 [Project-01] info : GET /user/login 200 3.287 ms - 1368

2023-05-09 17:05:77 [Project-01] info : GET /user/login 200 4.712 ms - 1368

2023-05-09 17:05:35 [Project-01] info : POST /user/login 302 252.048 ms - 33

2023-05-09 17:05:51 [Project-01] info : POST /user/login 302 344.507 ms - 33

2023-05-09 17:05:66 [Project-01] info : POST /user/login 302 471.728 ms - 33

2023-05-09 17:05:69 [Project-01] info : GET /user/login 200 178.629 ms - 1132

2023-05-09 17:05:70 [Project-01] info : GET /user/login 200 44.880 ms - 1132

2023-05-09 17:05:71 [Project-01] info : GET /user/login 200 46.509 ms - 1132

2023-05-09 17:05:74 [Project-01] info : GET /user/login - - ms - -

2023-05-09 17:05:75 [Project-01] info : GET /user/login - - ms - -

2023-05-09 17:05:79 [Project-01] info : GET /user/login 200 37.027 ms - 1132

2023-05-09 17:05:14 [Project-01] info : GET /user/login 304 30.624 ms - -

2023-05-09 17:05:81 [Project-01] info : GET /user/logout 302 24.000 ms - 66

2023-05-09 17:05:84 [Project-01] info : GET /user/logout 403 1.084 ms - 16

2023-05-09 17:05:29 [Project-01] info : GET /favicon.ico 404 5.024 ms - 150

2023-05-09 17:05:17 [Project-01] info : GET /user/login 200 85.186 ms - 1368

2023-05-09 17:05:42 [Project-01] info : GET /user/login 200 8.261 ms - 1368

2023-05-09 17:05:39 [Project-01] info : GET /user/login 200 6.076 ms - 1368

2023-05-09 17:05:89 [Project-01] info : POST /user/login 302 747.178 ms - 33

2023-05-09 17:05:90 [Project-01] info : POST /user/login 302 684.277 ms - 33

2023-05-09 17:05:96 [Project-01] info : GET /user/login 200 49.869 ms - 1132

2023-05-09 17:05:96 [Project-01] info : GET /user/login 200 49.984 ms - 1132

2023-05-09 17:05:04 [Project-01] info : GET /user/login - - ms - -

2023-05-09 17:05:08 [Project-01] info : GET /user/login 200 33.511 ms - 1132

2023-05-09 17:05:67 [Project-01] info : GET /user/login 304 31.282 ms - -

2023-05-09 17:05:78 [Project-01] info : GET /user/logout 302 27.095 ms - 66

2023-05-09 17:05:79 [Project-01] info : GET /user/login 200 6.944 ms - 1368

2023-05-09 17:05:35 [Project-01] info : GET /user/login 304 5.985 ms - -

2023-05-09 17:05:11 [Project-01] info : GET /user/login 200 4.165 ms - 1368

2023-05-09 17:05:78 [Project-01] info : GET /user/login 200 5.316 ms - 1368

2023-05-09 17:05:82 [Project-01] info : POST /user/login 302 272.191 ms - 33

2023-05-09 17:05:08 [Project-01] info : POST /user/login 302 259.214 ms - 33

2023-05-09 17:05:09 [Project-01] info : GET /user/login 200 257.800 ms - 1132

2023-05-09 17:05:11 [Project-01] info : GET /user/login 200 24.100 ms - 1132

2023-05-09 17:05:14 [Project-01] info : GET /user/login 304 24.971 ms - -

2023-05-09 17:05:19 [Project-01] info : GET /user/login 304 31.809 ms - -

2023-05-09 17:05:78 [Project-01] info : GET /user/login 304 27.934 ms - -

2023-05-09 17:05:68 [Project-01] info : GET /user/logout 302 29.716 ms - 66

2023-05-09 17:05:69 [Project-01] info : GET /user/login 200 3.421 ms - 1368

2023-05-09 17:05:75 [Project-01] info : GET /user/logout 403 1.758 ms - 16

2023-05-09 17:05:27 [Project-01] info : GET /favicon.ico 404 4.130 ms - 150

2023-05-09 17:05:99 [Project-01] info : GET /user/login 304 3.580 ms - -

2023-05-09 17:05:29 [Project-01] info : GET /user/login 304 4.749 ms - -

2023-05-09 17:05:63 [Project-01] info : GET /user/login 304 3.721 ms - -

2023-05-09 17:05:84 [Project-01] info : POST /user/login 302 293.375 ms - 33

2023-05-09 17:05:11 [Project-01] info : POST /user/login 302 263.353 ms - 33

2023-05-09 17:05:12 [Project-01] info : GET /user/login 200 262.699 ms - 1132

2023-05-09 17:05:15 [Project-01] info : GET /user/login 200 26.432 ms - 1132

2023-05-09 17:05:19 [Project-01] info : GET /user/login 304 25.921 ms - -

2023-05-09 17:05:23 [Project-01] info : GET /user/login 304 26.119 ms - -

2023-05-09 17:05:77 [Project-01] info : GET /user/login 304 27.185 ms - -

2023-05-09 17:05:18 [Project-01] info : GET /user/logout 302 24.673 ms - 66

2023-05-09 17:05:21 [Project-01] info : GET /user/login 200 1.989 ms - 1368

2023-05-09 17:05:55 [Project-01] info : GET /user/login 304 2.637 ms - -

2023-05-09 17:05:61 [Project-01] info : GET /user/login 304 3.476 ms - -

2023-05-09 17:05:25 [Project-01] info : POST /user/login 302 202.737 ms - 33

2023-05-09 17:05:29 [Project-01] info : GET /user/login 200 25.889 ms - 1132

2023-05-09 17:05:36 [Project-01] info : GET /user/login 304 23.734 ms - -

2023-05-09 17:05:77 [Project-01] info : GET /user/login 304 28.407 ms - -

2023-05-09 17:05:27 [Project-01] info : GET /user/logout 302 20.987 ms - 66

2023-05-09 17:05:28 [Project-01] info : GET /user/login 200 2.490 ms - 1368

2023-05-09 17:05:61 [Project-01] info : GET /user/login 304 2.812 ms - -

2023-05-09 17:05:06 [Project-01] info : GET /user/login 304 2.859 ms - -

2023-05-09 17:05:57 [Project-01] info : POST /user/login 302 604.886 ms - 33

2023-05-09 17:05:83 [Project-01] info : GET /user/login 200 180.232 ms - 1132

2023-05-09 17:05:10 [Project-01] info : GET /user/login 304 76.311 ms - -

2023-05-09 17:05:25 [Project-01] info : GET /user/login 304 56.958 ms - -

2023-05-09 17:05:68 [Project-01] info : GET /user/logout 302 36.651 ms - 66

2023-05-09 17:05:73 [Project-01] info : GET /user/login 200 7.926 ms - 1368

2023-05-09 17:05:26 [Project-01] info : GET /user/login 304 9.881 ms - -

2023-05-09 17:05:88 [Project-01] info : GET /user/login 200 151.082 ms - 1368

2023-05-09 17:05:60 [Project-01] info : GET /user/login 200 16.166 ms - 1368

2023-05-09 17:05:73 [Project-01] info : POST /user/login 302 442.604 ms - 33

2023-05-09 17:05:83 [Project-01] info : GET /user/login 200 78.659 ms - 1132

2023-05-09 17:05:01 [Project-01] info : GET /user/login 304 37.520 ms - -

2023-05-09 17:05:55 [Project-01] info : GET /user/login 304 39.503 ms - -

2023-05-09 17:05:43 [Project-01] info : GET /user/logout 302 47.328 ms - 66

2023-05-09 17:05:48 [Project-01] info : GET /user/login 200 12.939 ms - 1368

2023-05-09 17:05:96 [Project-01] info : GET /user/login 304 13.986 ms - -

2023-05-09 17:05:97 [Project-01] info : POST /user/login 200 873.839 ms - 16

2023-05-09 17:05:17 [Project-01] info : GET /user/login - - ms - -

2023-05-09 17:05:35 [Project-01] info : GET /user/login 200 136.153 ms - 1132

2023-05-09 17:05:73 [Project-01] info : GET /user/login 304 45.464 ms - -

2023-05-09 17:05:28 [Project-01] info : GET /user/logout 302 55.926 ms - 66

2023-05-09 17:05:37 [Project-01] info : GET /user/login 200 9.906 ms - 1368

2023-05-09 17:05:99 [Project-01] info : GET /user/login 304 15.987 ms - -

2023-05-09 18:05:16 [Project-01] info : GET /user/login 200 220.374 ms - 1368

2023-05-09 18:05:62 [Project-01] info : GET /user/login 200 21.775 ms - 1368

2023-05-09 18:05:32 [Project-01] info : POST /user/login 500 483.552 ms - 35

2023-05-09 18:05:31 [Project-01] info : POST /user/login 200 378.928 ms - 16

2023-05-09 18:05:39 [Project-01] info : GET /user/login 200 51.580 ms - 1132

2023-05-09 18:05:70 [Project-01] info : GET /user/login 304 31.084 ms - -

2023-05-09 18:05:94 [Project-01] info : GET /user/logout 302 31.465 ms - 66

2023-05-09 18:05:96 [Project-01] info : GET /user/login 200 2.616 ms - 1368

2023-05-09 18:05:11 [Project-01] info : GET /user/login 304 4.111 ms - -

