2023-05-11 11:05:58 [Project-01] error : uncaughtException: JwtStrategy requires a secret or key
TypeError: JwtStrategy requires a secret or key
    at new JwtStrategy (C:\workspace\project\Project_01\node_modules\passport-jwt\lib\strategy.js:45:15)
    at default (file:///C:/workspace/project/Project_01/src/config/passport/Strategy.js:49:5)
    at file:///C:/workspace/project/Project_01/app.js:35:1
    at process.processTicksAndRejections (node:internal/process/task_queues:95:5)
2023-05-11 11:05:09 [Project-01] error : uncaughtException: JwtStrategy requires a secret or key
TypeError: JwtStrategy requires a secret or key
    at new JwtStrategy (C:\workspace\project\Project_01\node_modules\passport-jwt\lib\strategy.js:45:15)
    at default (file:///C:/workspace/project/Project_01/src/config/passport/Strategy.js:49:5)
    at file:///C:/workspace/project/Project_01/app.js:35:1
    at process.processTicksAndRejections (node:internal/process/task_queues:95:5)
2023-05-11 11:05:08 [Project-01] error : uncaughtException: JwtStrategy requires a secret or key
TypeError: JwtStrategy requires a secret or key
    at new JwtStrategy (C:\workspace\project\Project_01\node_modules\passport-jwt\lib\strategy.js:45:15)
    at default (file:///C:/workspace/project/Project_01/src/config/passport/Strategy.js:49:5)
    at file:///C:/workspace/project/Project_01/app.js:35:1
    at process.processTicksAndRejections (node:internal/process/task_queues:95:5)
2023-05-11 12:05:40 [Project-01] error : uncaughtException: router is not defined
ReferenceError: router is not defined
    at file:///C:/workspace/project/Project_01/src/routes/route_user.js:16:1
    at process.processTicksAndRejections (node:internal/process/task_queues:95:5)
2023-05-11 12:05:14 [Project-01] error : uncaughtException: router is not defined
ReferenceError: router is not defined
    at file:///C:/workspace/project/Project_01/src/routes/route_user.js:16:1
    at process.processTicksAndRejections (node:internal/process/task_queues:95:5)
2023-05-11 12:05:68 [Project-01] error : uncaughtException: router is not defined
ReferenceError: router is not defined
    at file:///C:/workspace/project/Project_01/src/routes/route_user.js:16:1
    at process.processTicksAndRejections (node:internal/process/task_queues:95:5)
2023-05-11 12:05:99 [Project-01] error : uncaughtException: Cannot read properties of undefined (reading 'send')
TypeError: Cannot read properties of undefined (reading 'send')
    at file:///C:/workspace/project/Project_01/src/controllers/controller_user.js:29:11
    at strategy.error (C:\workspace\project\Project_01\node_modules\passport\lib\middleware\authenticate.js:361:18)
    at verified (C:\workspace\project\Project_01\node_modules\passport-jwt\lib\strategy.js:111:41)
    at JwtStrategy._verify (file:///C:/workspace/project/Project_01/src/config/passport/Strategy.js:77:11)
    at process.processTicksAndRejections (node:internal/process/task_queues:95:5)
2023-05-11 12:05:89 [Project-01] error : uncaughtException: Cannot read properties of undefined (reading 'send')
TypeError: Cannot read properties of undefined (reading 'send')
    at file:///C:/workspace/project/Project_01/src/controllers/controller_user.js:35:11
    at strategy.error (C:\workspace\project\Project_01\node_modules\passport\lib\middleware\authenticate.js:361:18)
    at verified (C:\workspace\project\Project_01\node_modules\passport-jwt\lib\strategy.js:111:41)
    at JwtStrategy._verify (file:///C:/workspace/project/Project_01/src/config/passport/Strategy.js:76:11)
    at process.processTicksAndRejections (node:internal/process/task_queues:95:5)
2023-05-11 12:05:63 [Project-01] error : uncaughtException: Route.get() requires a callback function but got a [object Undefined]
Error: Route.get() requires a callback function but got a [object Undefined]
    at Route.<computed> [as get] (C:\workspace\project\Project_01\node_modules\express\lib\router\route.js:211:15)
    at proto.<computed> [as get] (C:\workspace\project\Project_01\node_modules\express\lib\router\index.js:521:19)
    at file:///C:/workspace/project/Project_01/src/routes/route_user.js:14:8
    at process.processTicksAndRejections (node:internal/process/task_queues:95:5)
2023-05-11 12:05:61 [Project-01] error : uncaughtException: Route.get() requires a callback function but got a [object Undefined]
Error: Route.get() requires a callback function but got a [object Undefined]
    at Route.<computed> [as get] (C:\workspace\project\Project_01\node_modules\express\lib\router\route.js:211:15)
    at proto.<computed> [as get] (C:\workspace\project\Project_01\node_modules\express\lib\router\index.js:521:19)
    at file:///C:/workspace/project/Project_01/src/routes/route_user.js:14:8
    at process.processTicksAndRejections (node:internal/process/task_queues:95:5)
2023-05-11 12:05:42 [Project-01] error : uncaughtException: Route.get() requires a callback function but got a [object Undefined]
Error: Route.get() requires a callback function but got a [object Undefined]
    at Route.<computed> [as get] (C:\workspace\project\Project_01\node_modules\express\lib\router\route.js:211:15)
    at proto.<computed> [as get] (C:\workspace\project\Project_01\node_modules\express\lib\router\index.js:521:19)
    at file:///C:/workspace/project/Project_01/src/routes/route_user.js:14:8
    at process.processTicksAndRejections (node:internal/process/task_queues:95:5)
2023-05-11 12:05:79 [Project-01] error : uncaughtException: Route.get() requires a callback function but got a [object Undefined]
Error: Route.get() requires a callback function but got a [object Undefined]
    at Route.<computed> [as get] (C:\workspace\project\Project_01\node_modules\express\lib\router\route.js:211:15)
    at proto.<computed> [as get] (C:\workspace\project\Project_01\node_modules\express\lib\router\index.js:521:19)
    at file:///C:/workspace/project/Project_01/src/routes/route_user.js:14:8
    at process.processTicksAndRejections (node:internal/process/task_queues:95:5)
2023-05-11 12:05:77 [Project-01] error : uncaughtException: Route.get() requires a callback function but got a [object Undefined]
Error: Route.get() requires a callback function but got a [object Undefined]
    at Route.<computed> [as get] (C:\workspace\project\Project_01\node_modules\express\lib\router\route.js:211:15)
    at proto.<computed> [as get] (C:\workspace\project\Project_01\node_modules\express\lib\router\index.js:521:19)
    at file:///C:/workspace/project/Project_01/src/routes/route_user.js:14:8
    at process.processTicksAndRejections (node:internal/process/task_queues:95:5)
2023-05-11 12:05:24 [Project-01] error : uncaughtException: Route.get() requires a callback function but got a [object Undefined]
Error: Route.get() requires a callback function but got a [object Undefined]
    at Route.<computed> [as get] (C:\workspace\project\Project_01\node_modules\express\lib\router\route.js:211:15)
    at proto.<computed> [as get] (C:\workspace\project\Project_01\node_modules\express\lib\router\index.js:521:19)
    at file:///C:/workspace/project/Project_01/src/routes/route_user.js:14:8
    at process.processTicksAndRejections (node:internal/process/task_queues:95:5)
2023-05-11 12:05:32 [Project-01] error : uncaughtException: Route.get() requires a callback function but got a [object Undefined]
Error: Route.get() requires a callback function but got a [object Undefined]
    at Route.<computed> [as get] (C:\workspace\project\Project_01\node_modules\express\lib\router\route.js:211:15)
    at proto.<computed> [as get] (C:\workspace\project\Project_01\node_modules\express\lib\router\index.js:521:19)
    at file:///C:/workspace/project/Project_01/src/routes/route_user.js:14:8
    at process.processTicksAndRejections (node:internal/process/task_queues:95:5)
2023-05-11 12:05:86 [Project-01] error : uncaughtException: Route.get() requires a callback function but got a [object Undefined]
Error: Route.get() requires a callback function but got a [object Undefined]
    at Route.<computed> [as get] (C:\workspace\project\Project_01\node_modules\express\lib\router\route.js:211:15)
    at proto.<computed> [as get] (C:\workspace\project\Project_01\node_modules\express\lib\router\index.js:521:19)
    at file:///C:/workspace/project/Project_01/src/routes/route_user.js:14:8
    at process.processTicksAndRejections (node:internal/process/task_queues:95:5)
2023-05-11 12:05:20 [Project-01] error : uncaughtException: Route.get() requires a callback function but got a [object Undefined]
Error: Route.get() requires a callback function but got a [object Undefined]
    at Route.<computed> [as get] (C:\workspace\project\Project_01\node_modules\express\lib\router\route.js:211:15)
    at proto.<computed> [as get] (C:\workspace\project\Project_01\node_modules\express\lib\router\index.js:521:19)
    at file:///C:/workspace/project/Project_01/src/routes/route_user.js:14:8
    at process.processTicksAndRejections (node:internal/process/task_queues:95:5)
2023-05-11 12:05:11 [Project-01] error : uncaughtException: Route.get() requires a callback function but got a [object Undefined]
Error: Route.get() requires a callback function but got a [object Undefined]
    at Route.<computed> [as get] (C:\workspace\project\Project_01\node_modules\express\lib\router\route.js:211:15)
    at proto.<computed> [as get] (C:\workspace\project\Project_01\node_modules\express\lib\router\index.js:521:19)
    at file:///C:/workspace/project/Project_01/src/routes/route_user.js:14:8
    at process.processTicksAndRejections (node:internal/process/task_queues:95:5)
2023-05-11 12:05:09 [Project-01] error : uncaughtException: Route.get() requires a callback function but got a [object Undefined]
Error: Route.get() requires a callback function but got a [object Undefined]
    at Route.<computed> [as get] (C:\workspace\project\Project_01\node_modules\express\lib\router\route.js:211:15)
    at proto.<computed> [as get] (C:\workspace\project\Project_01\node_modules\express\lib\router\index.js:521:19)
    at file:///C:/workspace/project/Project_01/src/routes/route_user.js:14:8
    at process.processTicksAndRejections (node:internal/process/task_queues:95:5)
2023-05-11 12:05:35 [Project-01] error : uncaughtException: Route.get() requires a callback function but got a [object Undefined]
Error: Route.get() requires a callback function but got a [object Undefined]
    at Route.<computed> [as get] (C:\workspace\project\Project_01\node_modules\express\lib\router\route.js:211:15)
    at proto.<computed> [as get] (C:\workspace\project\Project_01\node_modules\express\lib\router\index.js:521:19)
    at file:///C:/workspace/project/Project_01/src/routes/route_user.js:14:8
    at process.processTicksAndRejections (node:internal/process/task_queues:95:5)
2023-05-11 12:05:45 [Project-01] error : uncaughtException: Route.get() requires a callback function but got a [object Undefined]
Error: Route.get() requires a callback function but got a [object Undefined]
    at Route.<computed> [as get] (C:\workspace\project\Project_01\node_modules\express\lib\router\route.js:211:15)
    at proto.<computed> [as get] (C:\workspace\project\Project_01\node_modules\express\lib\router\index.js:521:19)
    at file:///C:/workspace/project/Project_01/src/routes/route_user.js:14:8
    at process.processTicksAndRejections (node:internal/process/task_queues:95:5)
2023-05-11 12:05:53 [Project-01] error : uncaughtException: Route.get() requires a callback function but got a [object Undefined]
Error: Route.get() requires a callback function but got a [object Undefined]
    at Route.<computed> [as get] (C:\workspace\project\Project_01\node_modules\express\lib\router\route.js:211:15)
    at proto.<computed> [as get] (C:\workspace\project\Project_01\node_modules\express\lib\router\index.js:521:19)
    at file:///C:/workspace/project/Project_01/src/routes/route_user.js:14:8
    at process.processTicksAndRejections (node:internal/process/task_queues:95:5)
2023-05-11 12:05:97 [Project-01] error : uncaughtException: Route.get() requires a callback function but got a [object Undefined]
Error: Route.get() requires a callback function but got a [object Undefined]
    at Route.<computed> [as get] (C:\workspace\project\Project_01\node_modules\express\lib\router\route.js:211:15)
    at proto.<computed> [as get] (C:\workspace\project\Project_01\node_modules\express\lib\router\index.js:521:19)
    at file:///C:/workspace/project/Project_01/src/routes/route_user.js:14:8
    at process.processTicksAndRejections (node:internal/process/task_queues:95:5)
2023-05-11 12:05:84 [Project-01] error : uncaughtException: Route.get() requires a callback function but got a [object Undefined]
Error: Route.get() requires a callback function but got a [object Undefined]
    at Route.<computed> [as get] (C:\workspace\project\Project_01\node_modules\express\lib\router\route.js:211:15)
    at proto.<computed> [as get] (C:\workspace\project\Project_01\node_modules\express\lib\router\index.js:521:19)
    at file:///C:/workspace/project/Project_01/src/routes/route_user.js:14:8
    at process.processTicksAndRejections (node:internal/process/task_queues:95:5)
2023-05-11 12:05:07 [Project-01] error : uncaughtException: Route.get() requires a callback function but got a [object Undefined]
Error: Route.get() requires a callback function but got a [object Undefined]
    at Route.<computed> [as get] (C:\workspace\project\Project_01\node_modules\express\lib\router\route.js:211:15)
    at proto.<computed> [as get] (C:\workspace\project\Project_01\node_modules\express\lib\router\index.js:521:19)
    at file:///C:/workspace/project/Project_01/src/routes/route_user.js:14:8
    at process.processTicksAndRejections (node:internal/process/task_queues:95:5)
2023-05-11 12:05:07 [Project-01] error : uncaughtException: Route.get() requires a callback function but got a [object Undefined]
Error: Route.get() requires a callback function but got a [object Undefined]
    at Route.<computed> [as get] (C:\workspace\project\Project_01\node_modules\express\lib\router\route.js:211:15)
    at proto.<computed> [as get] (C:\workspace\project\Project_01\node_modules\express\lib\router\index.js:521:19)
    at file:///C:/workspace/project/Project_01/src/routes/route_user.js:14:8
    at process.processTicksAndRejections (node:internal/process/task_queues:95:5)
2023-05-11 12:05:62 [Project-01] error : uncaughtException: Route.get() requires a callback function but got a [object Undefined]
Error: Route.get() requires a callback function but got a [object Undefined]
    at Route.<computed> [as get] (C:\workspace\project\Project_01\node_modules\express\lib\router\route.js:211:15)
    at proto.<computed> [as get] (C:\workspace\project\Project_01\node_modules\express\lib\router\index.js:521:19)
    at file:///C:/workspace/project/Project_01/src/routes/route_user.js:14:8
    at process.processTicksAndRejections (node:internal/process/task_queues:95:5)
2023-05-11 12:05:96 [Project-01] error : uncaughtException: Route.get() requires a callback function but got a [object Undefined]
Error: Route.get() requires a callback function but got a [object Undefined]
    at Route.<computed> [as get] (C:\workspace\project\Project_01\node_modules\express\lib\router\route.js:211:15)
    at proto.<computed> [as get] (C:\workspace\project\Project_01\node_modules\express\lib\router\index.js:521:19)
    at file:///C:/workspace/project/Project_01/src/routes/route_user.js:14:8
    at process.processTicksAndRejections (node:internal/process/task_queues:95:5)
