2023-05-23 00:05:53 [Project-01] error : uncaughtException: jwt expired
TokenExpiredError: jwt expired
    at C:\workspace\project\Project_01\node_modules\jsonwebtoken\verify.js:190:21
    at getSecret (C:\workspace\project\Project_01\node_modules\jsonwebtoken\verify.js:97:14)
    at module.exports [as verify] (C:\workspace\project\Project_01\node_modules\jsonwebtoken\verify.js:101:10)
    at Object.verify (file:///C:/workspace/project/Project_01/src/middleware/jwt.util.js:24:33)
    at authJwt (file:///C:/workspace/project/Project_01/src/routes/route_middleware/jwt_auth.js:13:26)
    at Layer.handle [as handle_request] (C:\workspace\project\Project_01\node_modules\express\lib\router\layer.js:95:5)
    at next (C:\workspace\project\Project_01\node_modules\express\lib\router\route.js:144:13)
    at Route.dispatch (C:\workspace\project\Project_01\node_modules\express\lib\router\route.js:114:3)
    at Layer.handle [as handle_request] (C:\workspace\project\Project_01\node_modules\express\lib\router\layer.js:95:5)
    at C:\workspace\project\Project_01\node_modules\express\lib\router\index.js:284:15
2023-05-23 00:05:82 [Project-01] error : uncaughtException: jwt expired
TokenExpiredError: jwt expired
    at C:\workspace\project\Project_01\node_modules\jsonwebtoken\verify.js:190:21
    at getSecret (C:\workspace\project\Project_01\node_modules\jsonwebtoken\verify.js:97:14)
    at module.exports [as verify] (C:\workspace\project\Project_01\node_modules\jsonwebtoken\verify.js:101:10)
    at Object.verify (file:///C:/workspace/project/Project_01/src/middleware/jwt.util.js:24:33)
    at authJwt (file:///C:/workspace/project/Project_01/src/routes/route_middleware/jwt_auth.js:13:26)
    at Layer.handle [as handle_request] (C:\workspace\project\Project_01\node_modules\express\lib\router\layer.js:95:5)
    at next (C:\workspace\project\Project_01\node_modules\express\lib\router\route.js:144:13)
    at Route.dispatch (C:\workspace\project\Project_01\node_modules\express\lib\router\route.js:114:3)
    at Layer.handle [as handle_request] (C:\workspace\project\Project_01\node_modules\express\lib\router\layer.js:95:5)
    at C:\workspace\project\Project_01\node_modules\express\lib\router\index.js:284:15
2023-05-23 00:05:67 [Project-01] error : uncaughtException: jwt must be provided
JsonWebTokenError: jwt must be provided
    at module.exports [as verify] (C:\workspace\project\Project_01\node_modules\jsonwebtoken\verify.js:60:17)
    at Object.refreshVerify (file:///C:/workspace/project/Project_01/src/middleware/jwt.util.js:51:30)
    at authJwt (file:///C:/workspace/project/Project_01/src/routes/route_middleware/jwt_auth.js:30:28)
2023-05-23 00:05:35 [Project-01] error : uncaughtException: Cannot set headers after they are sent to the client
Error [ERR_HTTP_HEADERS_SENT]: Cannot set headers after they are sent to the client
    at new NodeError (node:internal/errors:393:5)
    at ServerResponse.setHeader (node:_http_outgoing:644:11)
    at ServerResponse.header (C:\workspace\project\Project_01\node_modules\express\lib\response.js:794:10)
    at ServerResponse.append (C:\workspace\project\Project_01\node_modules\express\lib\response.js:755:15)
    at res.cookie (C:\workspace\project\Project_01\node_modules\express\lib\response.js:884:8)
    at ServerResponse.clearCookie (C:\workspace\project\Project_01\node_modules\express\lib\response.js:827:15)
    at authJwt (file:///C:/workspace/project/Project_01/src/routes/route_middleware/jwt_auth.js:19:9)
    at process.processTicksAndRejections (node:internal/process/task_queues:95:5)
2023-05-23 00:05:55 [Project-01] error : uncaughtException: Cannot set headers after they are sent to the client
Error [ERR_HTTP_HEADERS_SENT]: Cannot set headers after they are sent to the client
    at new NodeError (node:internal/errors:393:5)
    at ServerResponse.setHeader (node:_http_outgoing:644:11)
    at ServerResponse.header (C:\workspace\project\Project_01\node_modules\express\lib\response.js:794:10)
    at ServerResponse.append (C:\workspace\project\Project_01\node_modules\express\lib\response.js:755:15)
    at res.cookie (C:\workspace\project\Project_01\node_modules\express\lib\response.js:884:8)
    at ServerResponse.clearCookie (C:\workspace\project\Project_01\node_modules\express\lib\response.js:827:15)
    at authJwt (file:///C:/workspace/project/Project_01/src/routes/route_middleware/jwt_auth.js:19:9)
    at process.processTicksAndRejections (node:internal/process/task_queues:95:5)
2023-05-23 00:05:23 [Project-01] error : uncaughtException: decoded is not defined
ReferenceError: decoded is not defined
    at Object.refreshVerify (file:///C:/workspace/project/Project_01/src/middleware/jwt.util.js:58:15)
    at process.processTicksAndRejections (node:internal/process/task_queues:95:5)
2023-05-23 00:05:80 [Project-01] error : uncaughtException: Cannot set headers after they are sent to the client
Error [ERR_HTTP_HEADERS_SENT]: Cannot set headers after they are sent to the client
    at new NodeError (node:internal/errors:393:5)
    at ServerResponse.setHeader (node:_http_outgoing:644:11)
    at ServerResponse.header (C:\workspace\project\Project_01\node_modules\express\lib\response.js:794:10)
    at ServerResponse.append (C:\workspace\project\Project_01\node_modules\express\lib\response.js:755:15)
    at res.cookie (C:\workspace\project\Project_01\node_modules\express\lib\response.js:884:8)
    at ServerResponse.clearCookie (C:\workspace\project\Project_01\node_modules\express\lib\response.js:827:15)
    at authJwt (file:///C:/workspace/project/Project_01/src/routes/route_middleware/jwt_auth.js:19:9)
    at process.processTicksAndRejections (node:internal/process/task_queues:95:5)
2023-05-23 00:05:10 [Project-01] error : uncaughtException: Cannot set headers after they are sent to the client
Error [ERR_HTTP_HEADERS_SENT]: Cannot set headers after they are sent to the client
    at new NodeError (node:internal/errors:393:5)
    at ServerResponse.setHeader (node:_http_outgoing:644:11)
    at ServerResponse.header (C:\workspace\project\Project_01\node_modules\express\lib\response.js:794:10)
    at ServerResponse.append (C:\workspace\project\Project_01\node_modules\express\lib\response.js:755:15)
    at res.cookie (C:\workspace\project\Project_01\node_modules\express\lib\response.js:884:8)
    at ServerResponse.clearCookie (C:\workspace\project\Project_01\node_modules\express\lib\response.js:827:15)
    at authJwt (file:///C:/workspace/project/Project_01/src/routes/route_middleware/jwt_auth.js:19:9)
    at process.processTicksAndRejections (node:internal/process/task_queues:95:5)
2023-05-23 00:05:31 [Project-01] error : uncaughtException: decoded is not defined
ReferenceError: decoded is not defined
    at Object.refreshVerify (file:///C:/workspace/project/Project_01/src/middleware/jwt.util.js:60:15)
    at process.processTicksAndRejections (node:internal/process/task_queues:95:5)
2023-05-23 00:05:05 [Project-01] error : uncaughtException: Cannot set headers after they are sent to the client
Error [ERR_HTTP_HEADERS_SENT]: Cannot set headers after they are sent to the client
    at new NodeError (node:internal/errors:393:5)
    at ServerResponse.setHeader (node:_http_outgoing:644:11)
    at ServerResponse.header (C:\workspace\project\Project_01\node_modules\express\lib\response.js:794:10)
    at ServerResponse.append (C:\workspace\project\Project_01\node_modules\express\lib\response.js:755:15)
    at res.cookie (C:\workspace\project\Project_01\node_modules\express\lib\response.js:884:8)
    at ServerResponse.clearCookie (C:\workspace\project\Project_01\node_modules\express\lib\response.js:827:15)
    at authJwt (file:///C:/workspace/project/Project_01/src/routes/route_middleware/jwt_auth.js:19:9)
    at process.processTicksAndRejections (node:internal/process/task_queues:95:5)
2023-05-23 00:05:94 [Project-01] error : uncaughtException: Cannot set headers after they are sent to the client
Error [ERR_HTTP_HEADERS_SENT]: Cannot set headers after they are sent to the client
    at new NodeError (node:internal/errors:393:5)
    at ServerResponse.setHeader (node:_http_outgoing:644:11)
    at ServerResponse.header (C:\workspace\project\Project_01\node_modules\express\lib\response.js:794:10)
    at ServerResponse.append (C:\workspace\project\Project_01\node_modules\express\lib\response.js:755:15)
    at res.cookie (C:\workspace\project\Project_01\node_modules\express\lib\response.js:884:8)
    at ServerResponse.clearCookie (C:\workspace\project\Project_01\node_modules\express\lib\response.js:827:15)
    at authJwt (file:///C:/workspace/project/Project_01/src/routes/route_middleware/jwt_auth.js:20:9)
    at process.processTicksAndRejections (node:internal/process/task_queues:95:5)
2023-05-23 00:05:57 [Project-01] error : uncaughtException: Cannot set headers after they are sent to the client
Error [ERR_HTTP_HEADERS_SENT]: Cannot set headers after they are sent to the client
    at new NodeError (node:internal/errors:393:5)
    at ServerResponse.setHeader (node:_http_outgoing:644:11)
    at ServerResponse.header (C:\workspace\project\Project_01\node_modules\express\lib\response.js:794:10)
    at ServerResponse.append (C:\workspace\project\Project_01\node_modules\express\lib\response.js:755:15)
    at res.cookie (C:\workspace\project\Project_01\node_modules\express\lib\response.js:884:8)
    at ServerResponse.clearCookie (C:\workspace\project\Project_01\node_modules\express\lib\response.js:827:15)
    at authJwt (file:///C:/workspace/project/Project_01/src/routes/route_middleware/jwt_auth.js:20:9)
    at process.processTicksAndRejections (node:internal/process/task_queues:95:5)
2023-05-23 00:05:31 [Project-01] error : uncaughtException: jwt must be provided
JsonWebTokenError: jwt must be provided
    at module.exports [as verify] (C:\workspace\project\Project_01\node_modules\jsonwebtoken\verify.js:60:17)
    at Object.refreshVerify (file:///C:/workspace/project/Project_01/src/middleware/jwt.util.js:55:30)
    at authJwt (file:///C:/workspace/project/Project_01/src/routes/route_middleware/jwt_auth.js:24:28)
    at process.processTicksAndRejections (node:internal/process/task_queues:95:5)
2023-05-23 00:05:26 [Project-01] error : uncaughtException: jwt must be provided
JsonWebTokenError: jwt must be provided
    at module.exports [as verify] (C:\workspace\project\Project_01\node_modules\jsonwebtoken\verify.js:60:17)
    at Object.refreshVerify (file:///C:/workspace/project/Project_01/src/middleware/jwt.util.js:55:30)
    at authJwt (file:///C:/workspace/project/Project_01/src/routes/route_middleware/jwt_auth.js:30:28)
    at process.processTicksAndRejections (node:internal/process/task_queues:95:5)
2023-05-23 00:05:86 [Project-01] error : uncaughtException: jwt must be provided
JsonWebTokenError: jwt must be provided
    at module.exports [as verify] (C:\workspace\project\Project_01\node_modules\jsonwebtoken\verify.js:60:17)
    at Object.refreshVerify (file:///C:/workspace/project/Project_01/src/middleware/jwt.util.js:57:30)
    at authJwt (file:///C:/workspace/project/Project_01/src/routes/route_middleware/jwt_auth.js:30:28)
    at process.processTicksAndRejections (node:internal/process/task_queues:95:5)
2023-05-23 00:05:44 [Project-01] error : uncaughtException: jwt must be provided
JsonWebTokenError: jwt must be provided
    at module.exports [as verify] (C:\workspace\project\Project_01\node_modules\jsonwebtoken\verify.js:60:17)
    at Object.refreshVerify (file:///C:/workspace/project/Project_01/src/middleware/jwt.util.js:53:30)
    at authJwt (file:///C:/workspace/project/Project_01/src/routes/route_middleware/jwt_auth.js:30:28)
    at process.processTicksAndRejections (node:internal/process/task_queues:95:5)
2023-05-23 00:05:01 [Project-01] error : uncaughtException: jwt must be provided
JsonWebTokenError: jwt must be provided
    at module.exports [as verify] (C:\workspace\project\Project_01\node_modules\jsonwebtoken\verify.js:60:17)
    at Object.refreshVerify (file:///C:/workspace/project/Project_01/src/middleware/jwt.util.js:53:30)
    at authJwt (file:///C:/workspace/project/Project_01/src/routes/route_middleware/jwt_auth.js:27:28)
    at process.processTicksAndRejections (node:internal/process/task_queues:95:5)
2023-05-23 00:05:64 [Project-01] error : uncaughtException: jwt must be provided
JsonWebTokenError: jwt must be provided
    at module.exports [as verify] (C:\workspace\project\Project_01\node_modules\jsonwebtoken\verify.js:60:17)
    at Object.verify (file:///C:/workspace/project/Project_01/src/middleware/jwt.util.js:24:33)
    at authJwt (file:///C:/workspace/project/Project_01/src/routes/route_middleware/jwt_auth.js:13:26)
    at Layer.handle [as handle_request] (C:\workspace\project\Project_01\node_modules\express\lib\router\layer.js:95:5)
    at next (C:\workspace\project\Project_01\node_modules\express\lib\router\route.js:144:13)
    at Route.dispatch (C:\workspace\project\Project_01\node_modules\express\lib\router\route.js:114:3)
    at Layer.handle [as handle_request] (C:\workspace\project\Project_01\node_modules\express\lib\router\layer.js:95:5)
    at C:\workspace\project\Project_01\node_modules\express\lib\router\index.js:284:15
    at Function.process_params (C:\workspace\project\Project_01\node_modules\express\lib\router\index.js:346:12)
    at next (C:\workspace\project\Project_01\node_modules\express\lib\router\index.js:280:10)
2023-05-23 00:05:65 [Project-01] error : uncaughtException: jwt must be provided
JsonWebTokenError: jwt must be provided
    at module.exports [as verify] (C:\workspace\project\Project_01\node_modules\jsonwebtoken\verify.js:60:17)
    at Object.verify (file:///C:/workspace/project/Project_01/src/middleware/jwt.util.js:24:33)
    at authJwt (file:///C:/workspace/project/Project_01/src/routes/route_middleware/jwt_auth.js:14:26)
    at Layer.handle [as handle_request] (C:\workspace\project\Project_01\node_modules\express\lib\router\layer.js:95:5)
    at next (C:\workspace\project\Project_01\node_modules\express\lib\router\route.js:144:13)
    at Route.dispatch (C:\workspace\project\Project_01\node_modules\express\lib\router\route.js:114:3)
    at Layer.handle [as handle_request] (C:\workspace\project\Project_01\node_modules\express\lib\router\layer.js:95:5)
    at C:\workspace\project\Project_01\node_modules\express\lib\router\index.js:284:15
    at Function.process_params (C:\workspace\project\Project_01\node_modules\express\lib\router\index.js:346:12)
    at next (C:\workspace\project\Project_01\node_modules\express\lib\router\index.js:280:10)
2023-05-23 00:05:48 [Project-01] error : uncaughtException: jwt must be provided
JsonWebTokenError: jwt must be provided
    at module.exports [as verify] (C:\workspace\project\Project_01\node_modules\jsonwebtoken\verify.js:60:17)
    at Object.verify (file:///C:/workspace/project/Project_01/src/middleware/jwt.util.js:24:33)
    at authJwt (file:///C:/workspace/project/Project_01/src/routes/route_middleware/jwt_auth.js:14:26)
    at Layer.handle [as handle_request] (C:\workspace\project\Project_01\node_modules\express\lib\router\layer.js:95:5)
    at next (C:\workspace\project\Project_01\node_modules\express\lib\router\route.js:144:13)
    at Route.dispatch (C:\workspace\project\Project_01\node_modules\express\lib\router\route.js:114:3)
    at Layer.handle [as handle_request] (C:\workspace\project\Project_01\node_modules\express\lib\router\layer.js:95:5)
    at C:\workspace\project\Project_01\node_modules\express\lib\router\index.js:284:15
    at Function.process_params (C:\workspace\project\Project_01\node_modules\express\lib\router\index.js:346:12)
    at next (C:\workspace\project\Project_01\node_modules\express\lib\router\index.js:280:10)
2023-05-23 00:05:40 [Project-01] error : uncaughtException: jwt must be provided
JsonWebTokenError: jwt must be provided
    at module.exports [as verify] (C:\workspace\project\Project_01\node_modules\jsonwebtoken\verify.js:60:17)
    at Object.verify (file:///C:/workspace/project/Project_01/src/middleware/jwt.util.js:24:33)
    at authJwt (file:///C:/workspace/project/Project_01/src/routes/route_middleware/jwt_auth.js:13:26)
    at Layer.handle [as handle_request] (C:\workspace\project\Project_01\node_modules\express\lib\router\layer.js:95:5)
    at next (C:\workspace\project\Project_01\node_modules\express\lib\router\route.js:144:13)
    at Route.dispatch (C:\workspace\project\Project_01\node_modules\express\lib\router\route.js:114:3)
    at Layer.handle [as handle_request] (C:\workspace\project\Project_01\node_modules\express\lib\router\layer.js:95:5)
    at C:\workspace\project\Project_01\node_modules\express\lib\router\index.js:284:15
    at Function.process_params (C:\workspace\project\Project_01\node_modules\express\lib\router\index.js:346:12)
    at next (C:\workspace\project\Project_01\node_modules\express\lib\router\index.js:280:10)
2023-05-23 00:05:36 [Project-01] error : uncaughtException: jwt must be provided
JsonWebTokenError: jwt must be provided
    at module.exports [as verify] (C:\workspace\project\Project_01\node_modules\jsonwebtoken\verify.js:60:17)
    at Object.verify (file:///C:/workspace/project/Project_01/src/middleware/jwt.util.js:24:33)
    at authJwt (file:///C:/workspace/project/Project_01/src/routes/route_middleware/jwt_auth.js:13:26)
    at Layer.handle [as handle_request] (C:\workspace\project\Project_01\node_modules\express\lib\router\layer.js:95:5)
    at next (C:\workspace\project\Project_01\node_modules\express\lib\router\route.js:144:13)
    at Route.dispatch (C:\workspace\project\Project_01\node_modules\express\lib\router\route.js:114:3)
    at Layer.handle [as handle_request] (C:\workspace\project\Project_01\node_modules\express\lib\router\layer.js:95:5)
    at C:\workspace\project\Project_01\node_modules\express\lib\router\index.js:284:15
    at Function.process_params (C:\workspace\project\Project_01\node_modules\express\lib\router\index.js:346:12)
    at next (C:\workspace\project\Project_01\node_modules\express\lib\router\index.js:280:10)
2023-05-23 00:05:47 [Project-01] error : uncaughtException: jwt must be provided
JsonWebTokenError: jwt must be provided
    at module.exports [as verify] (C:\workspace\project\Project_01\node_modules\jsonwebtoken\verify.js:60:17)
    at Object.verify (file:///C:/workspace/project/Project_01/src/middleware/jwt.util.js:24:33)
    at authJwt (file:///C:/workspace/project/Project_01/src/routes/route_middleware/jwt_auth.js:13:26)
    at Layer.handle [as handle_request] (C:\workspace\project\Project_01\node_modules\express\lib\router\layer.js:95:5)
    at next (C:\workspace\project\Project_01\node_modules\express\lib\router\route.js:144:13)
    at Route.dispatch (C:\workspace\project\Project_01\node_modules\express\lib\router\route.js:114:3)
    at Layer.handle [as handle_request] (C:\workspace\project\Project_01\node_modules\express\lib\router\layer.js:95:5)
    at C:\workspace\project\Project_01\node_modules\express\lib\router\index.js:284:15
    at Function.process_params (C:\workspace\project\Project_01\node_modules\express\lib\router\index.js:346:12)
    at next (C:\workspace\project\Project_01\node_modules\express\lib\router\index.js:280:10)
2023-05-23 00:05:47 [Project-01] error : uncaughtException: jwt must be provided
JsonWebTokenError: jwt must be provided
    at module.exports [as verify] (C:\workspace\project\Project_01\node_modules\jsonwebtoken\verify.js:60:17)
    at Object.verify (file:///C:/workspace/project/Project_01/src/middleware/jwt.util.js:24:33)
    at authJwt (file:///C:/workspace/project/Project_01/src/routes/route_middleware/jwt_auth.js:13:26)
    at Layer.handle [as handle_request] (C:\workspace\project\Project_01\node_modules\express\lib\router\layer.js:95:5)
    at next (C:\workspace\project\Project_01\node_modules\express\lib\router\route.js:144:13)
    at Route.dispatch (C:\workspace\project\Project_01\node_modules\express\lib\router\route.js:114:3)
    at Layer.handle [as handle_request] (C:\workspace\project\Project_01\node_modules\express\lib\router\layer.js:95:5)
    at C:\workspace\project\Project_01\node_modules\express\lib\router\index.js:284:15
    at Function.process_params (C:\workspace\project\Project_01\node_modules\express\lib\router\index.js:346:12)
    at next (C:\workspace\project\Project_01\node_modules\express\lib\router\index.js:280:10)
2023-05-23 00:05:21 [Project-01] error : uncaughtException: jwt must be provided
JsonWebTokenError: jwt must be provided
    at module.exports [as verify] (C:\workspace\project\Project_01\node_modules\jsonwebtoken\verify.js:60:17)
    at Object.verify (file:///C:/workspace/project/Project_01/src/middleware/jwt.util.js:24:33)
    at authJwt (file:///C:/workspace/project/Project_01/src/routes/route_middleware/jwt_auth.js:13:26)
    at Layer.handle [as handle_request] (C:\workspace\project\Project_01\node_modules\express\lib\router\layer.js:95:5)
    at next (C:\workspace\project\Project_01\node_modules\express\lib\router\route.js:144:13)
    at Route.dispatch (C:\workspace\project\Project_01\node_modules\express\lib\router\route.js:114:3)
    at Layer.handle [as handle_request] (C:\workspace\project\Project_01\node_modules\express\lib\router\layer.js:95:5)
    at C:\workspace\project\Project_01\node_modules\express\lib\router\index.js:284:15
    at Function.process_params (C:\workspace\project\Project_01\node_modules\express\lib\router\index.js:346:12)
    at next (C:\workspace\project\Project_01\node_modules\express\lib\router\index.js:280:10)
2023-05-23 00:05:37 [Project-01] error : uncaughtException: jwt must be provided
JsonWebTokenError: jwt must be provided
    at module.exports [as verify] (C:\workspace\project\Project_01\node_modules\jsonwebtoken\verify.js:60:17)
    at Object.verify (file:///C:/workspace/project/Project_01/src/middleware/jwt.util.js:24:33)
    at authJwt (file:///C:/workspace/project/Project_01/src/routes/route_middleware/jwt_auth.js:13:26)
    at Layer.handle [as handle_request] (C:\workspace\project\Project_01\node_modules\express\lib\router\layer.js:95:5)
    at next (C:\workspace\project\Project_01\node_modules\express\lib\router\route.js:144:13)
    at Route.dispatch (C:\workspace\project\Project_01\node_modules\express\lib\router\route.js:114:3)
    at Layer.handle [as handle_request] (C:\workspace\project\Project_01\node_modules\express\lib\router\layer.js:95:5)
    at C:\workspace\project\Project_01\node_modules\express\lib\router\index.js:284:15
    at Function.process_params (C:\workspace\project\Project_01\node_modules\express\lib\router\index.js:346:12)
    at next (C:\workspace\project\Project_01\node_modules\express\lib\router\index.js:280:10)
2023-05-23 00:05:08 [Project-01] error : uncaughtException: jwt must be provided
JsonWebTokenError: jwt must be provided
    at module.exports [as verify] (C:\workspace\project\Project_01\node_modules\jsonwebtoken\verify.js:60:17)
    at Object.verify (file:///C:/workspace/project/Project_01/src/middleware/jwt.util.js:24:33)
    at authJwt (file:///C:/workspace/project/Project_01/src/routes/route_middleware/jwt_auth.js:13:26)
    at Layer.handle [as handle_request] (C:\workspace\project\Project_01\node_modules\express\lib\router\layer.js:95:5)
    at next (C:\workspace\project\Project_01\node_modules\express\lib\router\route.js:144:13)
    at Route.dispatch (C:\workspace\project\Project_01\node_modules\express\lib\router\route.js:114:3)
    at Layer.handle [as handle_request] (C:\workspace\project\Project_01\node_modules\express\lib\router\layer.js:95:5)
    at C:\workspace\project\Project_01\node_modules\express\lib\router\index.js:284:15
    at Function.process_params (C:\workspace\project\Project_01\node_modules\express\lib\router\index.js:346:12)
    at next (C:\workspace\project\Project_01\node_modules\express\lib\router\index.js:280:10)
2023-05-23 00:05:24 [Project-01] error : uncaughtException: jwt must be provided
JsonWebTokenError: jwt must be provided
    at module.exports [as verify] (C:\workspace\project\Project_01\node_modules\jsonwebtoken\verify.js:60:17)
    at Object.verify (file:///C:/workspace/project/Project_01/src/middleware/jwt.util.js:24:33)
    at authJwt (file:///C:/workspace/project/Project_01/src/routes/route_middleware/jwt_auth.js:13:26)
    at Layer.handle [as handle_request] (C:\workspace\project\Project_01\node_modules\express\lib\router\layer.js:95:5)
    at next (C:\workspace\project\Project_01\node_modules\express\lib\router\route.js:144:13)
    at Route.dispatch (C:\workspace\project\Project_01\node_modules\express\lib\router\route.js:114:3)
    at Layer.handle [as handle_request] (C:\workspace\project\Project_01\node_modules\express\lib\router\layer.js:95:5)
    at C:\workspace\project\Project_01\node_modules\express\lib\router\index.js:284:15
    at Function.process_params (C:\workspace\project\Project_01\node_modules\express\lib\router\index.js:346:12)
    at next (C:\workspace\project\Project_01\node_modules\express\lib\router\index.js:280:10)
2023-05-23 00:05:24 [Project-01] error : uncaughtException: jwt must be provided
JsonWebTokenError: jwt must be provided
    at module.exports [as verify] (C:\workspace\project\Project_01\node_modules\jsonwebtoken\verify.js:60:17)
    at Object.verify (file:///C:/workspace/project/Project_01/src/middleware/jwt.util.js:24:33)
    at authJwt (file:///C:/workspace/project/Project_01/src/routes/route_middleware/jwt_auth.js:13:26)
    at Layer.handle [as handle_request] (C:\workspace\project\Project_01\node_modules\express\lib\router\layer.js:95:5)
    at next (C:\workspace\project\Project_01\node_modules\express\lib\router\route.js:144:13)
    at Route.dispatch (C:\workspace\project\Project_01\node_modules\express\lib\router\route.js:114:3)
    at Layer.handle [as handle_request] (C:\workspace\project\Project_01\node_modules\express\lib\router\layer.js:95:5)
    at C:\workspace\project\Project_01\node_modules\express\lib\router\index.js:284:15
    at Function.process_params (C:\workspace\project\Project_01\node_modules\express\lib\router\index.js:346:12)
    at next (C:\workspace\project\Project_01\node_modules\express\lib\router\index.js:280:10)
2023-05-23 00:05:22 [Project-01] error : uncaughtException: jwt must be provided
JsonWebTokenError: jwt must be provided
    at module.exports [as verify] (C:\workspace\project\Project_01\node_modules\jsonwebtoken\verify.js:60:17)
    at Object.verify (file:///C:/workspace/project/Project_01/src/middleware/jwt.util.js:24:33)
    at authJwt (file:///C:/workspace/project/Project_01/src/routes/route_middleware/jwt_auth.js:13:26)
    at Layer.handle [as handle_request] (C:\workspace\project\Project_01\node_modules\express\lib\router\layer.js:95:5)
    at next (C:\workspace\project\Project_01\node_modules\express\lib\router\route.js:144:13)
    at Route.dispatch (C:\workspace\project\Project_01\node_modules\express\lib\router\route.js:114:3)
    at Layer.handle [as handle_request] (C:\workspace\project\Project_01\node_modules\express\lib\router\layer.js:95:5)
    at C:\workspace\project\Project_01\node_modules\express\lib\router\index.js:284:15
    at Function.process_params (C:\workspace\project\Project_01\node_modules\express\lib\router\index.js:346:12)
    at next (C:\workspace\project\Project_01\node_modules\express\lib\router\index.js:280:10)
2023-05-23 00:05:85 [Project-01] error : uncaughtException: jwt must be provided
JsonWebTokenError: jwt must be provided
    at module.exports [as verify] (C:\workspace\project\Project_01\node_modules\jsonwebtoken\verify.js:60:17)
    at Object.verify (file:///C:/workspace/project/Project_01/src/middleware/jwt.util.js:24:33)
    at authJwt (file:///C:/workspace/project/Project_01/src/routes/route_middleware/jwt_auth.js:14:26)
    at Layer.handle [as handle_request] (C:\workspace\project\Project_01\node_modules\express\lib\router\layer.js:95:5)
    at next (C:\workspace\project\Project_01\node_modules\express\lib\router\route.js:144:13)
    at Route.dispatch (C:\workspace\project\Project_01\node_modules\express\lib\router\route.js:114:3)
    at Layer.handle [as handle_request] (C:\workspace\project\Project_01\node_modules\express\lib\router\layer.js:95:5)
    at C:\workspace\project\Project_01\node_modules\express\lib\router\index.js:284:15
    at Function.process_params (C:\workspace\project\Project_01\node_modules\express\lib\router\index.js:346:12)
    at next (C:\workspace\project\Project_01\node_modules\express\lib\router\index.js:280:10)
2023-05-23 00:05:94 [Project-01] error : uncaughtException: jwt must be provided
JsonWebTokenError: jwt must be provided
    at module.exports [as verify] (C:\workspace\project\Project_01\node_modules\jsonwebtoken\verify.js:60:17)
    at Object.verify (file:///C:/workspace/project/Project_01/src/middleware/jwt.util.js:24:33)
    at authJwt (file:///C:/workspace/project/Project_01/src/routes/route_middleware/jwt_auth.js:14:26)
    at Layer.handle [as handle_request] (C:\workspace\project\Project_01\node_modules\express\lib\router\layer.js:95:5)
    at next (C:\workspace\project\Project_01\node_modules\express\lib\router\route.js:144:13)
    at Route.dispatch (C:\workspace\project\Project_01\node_modules\express\lib\router\route.js:114:3)
    at Layer.handle [as handle_request] (C:\workspace\project\Project_01\node_modules\express\lib\router\layer.js:95:5)
    at C:\workspace\project\Project_01\node_modules\express\lib\router\index.js:284:15
    at Function.process_params (C:\workspace\project\Project_01\node_modules\express\lib\router\index.js:346:12)
    at next (C:\workspace\project\Project_01\node_modules\express\lib\router\index.js:280:10)
2023-05-23 00:05:91 [Project-01] error : uncaughtException: jwt must be provided
JsonWebTokenError: jwt must be provided
    at module.exports [as verify] (C:\workspace\project\Project_01\node_modules\jsonwebtoken\verify.js:60:17)
    at Object.verify (file:///C:/workspace/project/Project_01/src/middleware/jwt.util.js:24:33)
    at authJwt (file:///C:/workspace/project/Project_01/src/routes/route_middleware/jwt_auth.js:14:26)
    at Layer.handle [as handle_request] (C:\workspace\project\Project_01\node_modules\express\lib\router\layer.js:95:5)
    at next (C:\workspace\project\Project_01\node_modules\express\lib\router\route.js:144:13)
    at Route.dispatch (C:\workspace\project\Project_01\node_modules\express\lib\router\route.js:114:3)
    at Layer.handle [as handle_request] (C:\workspace\project\Project_01\node_modules\express\lib\router\layer.js:95:5)
    at C:\workspace\project\Project_01\node_modules\express\lib\router\index.js:284:15
    at Function.process_params (C:\workspace\project\Project_01\node_modules\express\lib\router\index.js:346:12)
    at next (C:\workspace\project\Project_01\node_modules\express\lib\router\index.js:280:10)
2023-05-23 00:05:98 [Project-01] error : uncaughtException: jwt must be provided
JsonWebTokenError: jwt must be provided
    at module.exports [as verify] (C:\workspace\project\Project_01\node_modules\jsonwebtoken\verify.js:60:17)
    at Object.verify (file:///C:/workspace/project/Project_01/src/middleware/jwt.util.js:24:33)
    at authJwt (file:///C:/workspace/project/Project_01/src/routes/route_middleware/jwt_auth.js:14:26)
    at Layer.handle [as handle_request] (C:\workspace\project\Project_01\node_modules\express\lib\router\layer.js:95:5)
    at next (C:\workspace\project\Project_01\node_modules\express\lib\router\route.js:144:13)
    at Route.dispatch (C:\workspace\project\Project_01\node_modules\express\lib\router\route.js:114:3)
    at Layer.handle [as handle_request] (C:\workspace\project\Project_01\node_modules\express\lib\router\layer.js:95:5)
    at C:\workspace\project\Project_01\node_modules\express\lib\router\index.js:284:15
    at Function.process_params (C:\workspace\project\Project_01\node_modules\express\lib\router\index.js:346:12)
    at next (C:\workspace\project\Project_01\node_modules\express\lib\router\index.js:280:10)
2023-05-23 00:05:25 [Project-01] error : uncaughtException: jwt must be provided
JsonWebTokenError: jwt must be provided
    at module.exports [as verify] (C:\workspace\project\Project_01\node_modules\jsonwebtoken\verify.js:60:17)
    at Object.verify (file:///C:/workspace/project/Project_01/src/middleware/jwt.util.js:24:33)
    at authJwt (file:///C:/workspace/project/Project_01/src/routes/route_middleware/jwt_auth.js:13:26)
    at Layer.handle [as handle_request] (C:\workspace\project\Project_01\node_modules\express\lib\router\layer.js:95:5)
    at next (C:\workspace\project\Project_01\node_modules\express\lib\router\route.js:144:13)
    at Route.dispatch (C:\workspace\project\Project_01\node_modules\express\lib\router\route.js:114:3)
    at Layer.handle [as handle_request] (C:\workspace\project\Project_01\node_modules\express\lib\router\layer.js:95:5)
    at C:\workspace\project\Project_01\node_modules\express\lib\router\index.js:284:15
    at Function.process_params (C:\workspace\project\Project_01\node_modules\express\lib\router\index.js:346:12)
    at next (C:\workspace\project\Project_01\node_modules\express\lib\router\index.js:280:10)
2023-05-23 00:05:63 [Project-01] error : uncaughtException: jwt must be provided
JsonWebTokenError: jwt must be provided
    at module.exports [as verify] (C:\workspace\project\Project_01\node_modules\jsonwebtoken\verify.js:60:17)
    at Object.verify (file:///C:/workspace/project/Project_01/src/middleware/jwt.util.js:24:33)
    at authJwt (file:///C:/workspace/project/Project_01/src/routes/route_middleware/jwt_auth.js:13:26)
    at Layer.handle [as handle_request] (C:\workspace\project\Project_01\node_modules\express\lib\router\layer.js:95:5)
    at next (C:\workspace\project\Project_01\node_modules\express\lib\router\route.js:144:13)
    at Route.dispatch (C:\workspace\project\Project_01\node_modules\express\lib\router\route.js:114:3)
    at Layer.handle [as handle_request] (C:\workspace\project\Project_01\node_modules\express\lib\router\layer.js:95:5)
    at C:\workspace\project\Project_01\node_modules\express\lib\router\index.js:284:15
    at Function.process_params (C:\workspace\project\Project_01\node_modules\express\lib\router\index.js:346:12)
    at next (C:\workspace\project\Project_01\node_modules\express\lib\router\index.js:280:10)
2023-05-23 00:05:86 [Project-01] error : uncaughtException: jwt must be provided
JsonWebTokenError: jwt must be provided
    at module.exports [as verify] (C:\workspace\project\Project_01\node_modules\jsonwebtoken\verify.js:60:17)
    at Object.verify (file:///C:/workspace/project/Project_01/src/middleware/jwt.util.js:24:33)
    at authJwt (file:///C:/workspace/project/Project_01/src/routes/route_middleware/jwt_auth.js:13:26)
    at Layer.handle [as handle_request] (C:\workspace\project\Project_01\node_modules\express\lib\router\layer.js:95:5)
    at next (C:\workspace\project\Project_01\node_modules\express\lib\router\route.js:144:13)
    at Route.dispatch (C:\workspace\project\Project_01\node_modules\express\lib\router\route.js:114:3)
    at Layer.handle [as handle_request] (C:\workspace\project\Project_01\node_modules\express\lib\router\layer.js:95:5)
    at C:\workspace\project\Project_01\node_modules\express\lib\router\index.js:284:15
    at Function.process_params (C:\workspace\project\Project_01\node_modules\express\lib\router\index.js:346:12)
    at next (C:\workspace\project\Project_01\node_modules\express\lib\router\index.js:280:10)
2023-05-23 00:05:46 [Project-01] error : uncaughtException: jwt must be provided
JsonWebTokenError: jwt must be provided
    at module.exports [as verify] (C:\workspace\project\Project_01\node_modules\jsonwebtoken\verify.js:60:17)
    at Object.verify (file:///C:/workspace/project/Project_01/src/middleware/jwt.util.js:24:33)
    at authJwt (file:///C:/workspace/project/Project_01/src/routes/route_middleware/jwt_auth.js:14:26)
    at Layer.handle [as handle_request] (C:\workspace\project\Project_01\node_modules\express\lib\router\layer.js:95:5)
    at next (C:\workspace\project\Project_01\node_modules\express\lib\router\route.js:144:13)
    at Route.dispatch (C:\workspace\project\Project_01\node_modules\express\lib\router\route.js:114:3)
    at Layer.handle [as handle_request] (C:\workspace\project\Project_01\node_modules\express\lib\router\layer.js:95:5)
    at C:\workspace\project\Project_01\node_modules\express\lib\router\index.js:284:15
    at Function.process_params (C:\workspace\project\Project_01\node_modules\express\lib\router\index.js:346:12)
    at next (C:\workspace\project\Project_01\node_modules\express\lib\router\index.js:280:10)
