2023-05-23 00:05:73 [Project-01] info : POST /user/login 200 452.091 ms - 16

2023-05-23 00:05:80 [Project-01] info : GET /user/login 200 33.771 ms - 1128

2023-05-23 00:05:23 [Project-01] info : GET /user/login 304 7.617 ms - -

2023-05-23 00:05:33 [Project-01] info : GET /user/login 304 45.434 ms - -

2023-05-23 00:05:81 [Project-01] info : GET /user/login 304 10.773 ms - -

2023-05-23 00:05:51 [Project-01] info : GET /user/logout 302 7.613 ms - 66

2023-05-23 00:05:54 [Project-01] info : GET /user/login 302 13.582 ms - 66

2023-05-23 00:05:70 [Project-01] info : GET /user/login 200 20.956 ms - 1128

2023-05-23 00:05:22 [Project-01] info : GET /user/login 304 8.437 ms - -

2023-05-23 00:05:22 [Project-01] info : GET /user/login 200 19.246 ms - 1368

2023-05-23 00:05:54 [Project-01] info : GET /user/login 304 2.381 ms - -

2023-05-23 00:05:07 [Project-01] info : POST /user/login 200 407.773 ms - 16

2023-05-23 00:05:14 [Project-01] info : GET /user/login 200 30.538 ms - 1132

2023-05-23 00:05:49 [Project-01] info : GET /user/login 304 8.550 ms - -

2023-05-23 00:05:85 [Project-01] info : GET /user/login 302 21.961 ms - 66

2023-05-23 00:05:87 [Project-01] info : GET /user/login 200 13.605 ms - 1128

2023-05-23 00:05:37 [Project-01] info : GET /user/login 304 8.106 ms - -

2023-05-23 00:05:57 [Project-01] info : GET /user/login 200 21.317 ms - 1368

2023-05-23 00:05:09 [Project-01] info : GET /user/login 304 5.753 ms - -

2023-05-23 00:05:71 [Project-01] info : POST /user/login 200 430.570 ms - 16

2023-05-23 00:05:77 [Project-01] info : GET /user/login 200 29.630 ms - 1132

2023-05-23 00:05:13 [Project-01] info : GET /user/login 304 8.538 ms - -

2023-05-23 00:05:85 [Project-01] info : GET /user/login 304 5.835 ms - -

2023-05-23 00:05:17 [Project-01] info : GET /user/login 304 6.099 ms - -

2023-05-23 00:05:44 [Project-01] info : GET /user/login 304 5.946 ms - -

2023-05-23 00:05:76 [Project-01] info : GET /user/login 304 9.472 ms - -

2023-05-23 00:05:14 [Project-01] info : GET /user/login 304 6.094 ms - -

2023-05-23 00:05:44 [Project-01] info : GET /user/login 304 6.432 ms - -

2023-05-23 00:05:55 [Project-01] info : GET /user/login 304 5.334 ms - -

2023-05-23 00:05:87 [Project-01] info : GET /user/login 304 6.999 ms - -

2023-05-23 00:05:99 [Project-01] info : GET /user/login 302 10.100 ms - 66

2023-05-23 00:05:03 [Project-01] info : GET /user/login 200 9.490 ms - 1128

2023-05-23 00:05:40 [Project-01] info : GET /user/login 304 4.618 ms - -

2023-05-23 00:05:35 [Project-01] info : GET /user/login 304 4.502 ms - -

2023-05-23 00:05:67 [Project-01] info : GET /user/login 304 7.291 ms - -

2023-05-23 00:05:87 [Project-01] info : GET /user/login 500 9.872 ms - 35

2023-05-23 00:05:37 [Project-01] info : GET /favicon.ico 404 2.156 ms - 150

2023-05-23 00:05:76 [Project-01] info : GET /user/login 500 11.123 ms - 35

2023-05-23 00:05:38 [Project-01] info : GET /user/login 500 7.489 ms - 35

2023-05-23 00:05:16 [Project-01] info : GET /user/login 500 5.460 ms - 35

2023-05-23 00:05:06 [Project-01] info : GET /user/login 500 8.910 ms - 35

2023-05-23 00:05:51 [Project-01] info : GET /user/login 500 12.928 ms - 35

2023-05-23 00:05:24 [Project-01] info : GET /user/login 500 7.142 ms - 35

2023-05-23 00:05:86 [Project-01] info : GET /user/login 500 7.754 ms - 35

2023-05-23 00:05:30 [Project-01] info : GET /user/login 500 18.261 ms - 35

2023-05-23 00:05:47 [Project-01] info : GET /user/login 500 8.184 ms - 35

2023-05-23 00:05:30 [Project-01] info : GET /user/login 500 4.898 ms - 35

2023-05-23 00:05:22 [Project-01] info : GET /user/login 500 8.140 ms - 35

2023-05-23 00:05:09 [Project-01] info : GET /user/login 500 6.496 ms - 35

2023-05-23 00:05:60 [Project-01] info : GET /user/login 500 0.904 ms - 35

2023-05-23 00:05:02 [Project-01] info : GET /user/login 500 12.542 ms - 2

2023-05-23 00:05:22 [Project-01] info : GET /user/login 500 8.961 ms - 35

2023-05-23 00:05:17 [Project-01] info : GET /user/login 500 9.335 ms - 35

2023-05-23 00:05:25 [Project-01] info : GET /user/login 500 15.829 ms - 35

2023-05-23 00:05:28 [Project-01] info : GET /user/login 500 6.580 ms - 35

2023-05-23 00:05:02 [Project-01] info : GET /user/login 500 10.221 ms - 35

2023-05-23 00:05:35 [Project-01] info : GET /user/login 500 0.802 ms - 35

2023-05-23 00:05:07 [Project-01] info : GET /user/login 500 0.906 ms - 35

2023-05-23 00:05:15 [Project-01] info : GET /user/login 500 7.798 ms - 35

2023-05-23 00:05:13 [Project-01] info : GET /user/login 500 2.005 ms - 35

2023-05-23 00:05:18 [Project-01] info : GET /user/login 500 7.011 ms - 35

2023-05-23 00:05:18 [Project-01] info : GET /user/login 500 9.603 ms - 35

2023-05-23 00:05:47 [Project-01] info : GET /user/login 500 1.723 ms - 35

2023-05-23 00:05:81 [Project-01] info : GET /user/login 500 7.105 ms - 2

2023-05-23 00:05:70 [Project-01] info : GET /user/login 500 9.053 ms - 35

2023-05-23 00:05:39 [Project-01] info : GET /user/login 500 6.395 ms - 35

2023-05-23 00:05:08 [Project-01] info : GET /user/login 500 1.939 ms - 35

2023-05-23 00:05:13 [Project-01] info : GET /user/register 304 16.208 ms - -

2023-05-23 00:05:58 [Project-01] info : GET /user/register 304 3.761 ms - -

2023-05-23 00:05:18 [Project-01] info : GET /user/login 500 1.145 ms - 35

2023-05-23 00:05:23 [Project-01] info : GET /user/register 304 4.797 ms - -

2023-05-23 00:05:76 [Project-01] info : GET /user/register 304 20.080 ms - -

2023-05-23 00:05:10 [Project-01] info : GET /user/register 304 5.242 ms - -

2023-05-23 00:05:09 [Project-01] info : GET /user/login 500 1.942 ms - 35

2023-05-23 00:05:07 [Project-01] info : GET /user/login 500 8.933 ms - 35

2023-05-23 00:05:21 [Project-01] info : GET /user/login 500 0.768 ms - 35

2023-05-23 00:05:85 [Project-01] info : GET /user/login 500 6.061 ms - 35

2023-05-23 00:05:59 [Project-01] info : GET /user/login 500 1.372 ms - 35

2023-05-23 00:05:05 [Project-01] info : GET /user/login 500 6.129 ms - 35

2023-05-23 00:05:35 [Project-01] info : GET /user/register 304 15.504 ms - -

2023-05-23 00:05:54 [Project-01] info : GET /user/register 304 3.082 ms - -

2023-05-23 00:05:95 [Project-01] info : GET /user/login 500 35.885 ms - 1499

2023-05-23 00:05:17 [Project-01] info : GET /user/login 500 3.279 ms - -

2023-05-23 00:05:08 [Project-01] info : GET /user/login 304 20.977 ms - -

2023-05-23 00:05:35 [Project-01] info : GET /user/login 304 4.020 ms - -

2023-05-23 00:05:67 [Project-01] info : GET /user/login 304 23.218 ms - -

2023-05-23 00:05:93 [Project-01] info : GET /user/login 304 2.967 ms - -

2023-05-23 00:05:77 [Project-01] info : GET /user/login 304 26.914 ms - -

2023-05-23 00:05:97 [Project-01] info : GET /user/login 304 3.861 ms - -

2023-05-23 00:05:06 [Project-01] info : GET /user/login 304 30.864 ms - -

2023-05-23 00:05:30 [Project-01] info : GET /user/login 304 4.518 ms - -

2023-05-23 00:05:01 [Project-01] info : GET /user/login 500 5.982 ms - 35

2023-05-23 00:05:10 [Project-01] info : GET /user/login 500 5.435 ms - 55

2023-05-23 00:05:48 [Project-01] info : GET /user/login 500 7.936 ms - -

2023-05-23 00:05:56 [Project-01] info : GET /user/login 500 12.471 ms - -

2023-05-23 00:05:29 [Project-01] info : GET /user/login 500 9.118 ms - 35

2023-05-23 00:05:34 [Project-01] info : GET /user/login 500 6.976 ms - 35

2023-05-23 00:05:65 [Project-01] info : GET /user/login 500 7.259 ms - 2

2023-05-23 00:05:59 [Project-01] info : GET /user/login 500 7.455 ms - 35

2023-05-23 00:05:67 [Project-01] info : GET /user/login 500 5.267 ms - 35

2023-05-23 00:05:02 [Project-01] info : GET /user/login 500 9.343 ms - 35

2023-05-23 00:05:27 [Project-01] info : GET /user/login 500 8.395 ms - 35

2023-05-23 00:05:21 [Project-01] info : GET /user/login 500 7.567 ms - 35

2023-05-23 00:05:99 [Project-01] info : GET /user/login 500 1.054 ms - 35

2023-05-23 01:05:100 [Project-01] info : GET /user/login 500 4.182 ms - 35

2023-05-23 01:05:54 [Project-01] info : GET /user/login 500 1.113 ms - 35

2023-05-23 01:05:47 [Project-01] info : GET /user/login 500 11.927 ms - 35

2023-05-23 01:05:78 [Project-01] info : GET /user/login 200 26.923 ms - 1368

2023-05-23 01:05:30 [Project-01] info : GET /user/login 200 5.354 ms - 1368

2023-05-23 01:05:21 [Project-01] info : POST /user/login 200 451.478 ms - 16

2023-05-23 01:05:26 [Project-01] info : GET /user/login 200 22.812 ms - 1368

2023-05-23 01:05:73 [Project-01] info : GET /user/login 304 7.085 ms - -

2023-05-23 01:05:37 [Project-01] info : POST /user/login 200 399.820 ms - 16

2023-05-23 01:05:74 [Project-01] info : GET /user/login - - ms - -

2023-05-23 01:05:36 [Project-01] info : GET /user/login - - ms - -

2023-05-23 01:05:40 [Project-01] info : GET /user/login 200 29.275 ms - 1368

2023-05-23 01:05:36 [Project-01] info : GET /user/login 304 26.590 ms - -

2023-05-23 01:05:78 [Project-01] info : GET /user/login 304 7.106 ms - -

2023-05-23 01:05:55 [Project-01] info : POST /user/login 200 404.939 ms - 16

2023-05-23 01:05:58 [Project-01] info : GET /user/login 200 13.056 ms - 1132

2023-05-23 01:05:97 [Project-01] info : GET /user/login 304 10.269 ms - -

2023-05-23 01:05:39 [Project-01] info : GET /user/logout 302 8.256 ms - 66

2023-05-23 01:05:40 [Project-01] info : GET /user/login 200 5.307 ms - 1368

2023-05-23 01:05:86 [Project-01] info : GET /user/login 304 4.842 ms - -

2023-05-23 01:05:56 [Project-01] info : GET /user/login 304 5.764 ms - -

2023-05-23 01:05:96 [Project-01] info : GET /user/login 304 3.054 ms - -

2023-05-23 01:05:16 [Project-01] info : GET /user/login 304 4.082 ms - -

2023-05-23 01:05:48 [Project-01] info : GET /user/login 304 3.640 ms - -

2023-05-23 01:05:63 [Project-01] info : POST /user/login 200 358.893 ms - 16

2023-05-23 01:05:68 [Project-01] info : GET /user/login 200 8.766 ms - 1132

2023-05-23 01:05:07 [Project-01] info : GET /user/login 304 8.699 ms - -

2023-05-23 01:05:94 [Project-01] info : GET /user/login - - ms - -

2023-05-23 01:05:38 [Project-01] info : GET /user/login - - ms - -

2023-05-23 01:05:30 [Project-01] info : GET /user/login - - ms - -

2023-05-23 01:05:19 [Project-01] info : GET /user/logout 302 6.599 ms - 66

2023-05-23 01:05:23 [Project-01] info : GET /user/login 200 28.681 ms - 1368

2023-05-23 01:05:61 [Project-01] info : GET /user/login 200 5.768 ms - 1368

2023-05-23 01:05:60 [Project-01] info : GET /user/login 304 28.887 ms - -

2023-05-23 01:05:97 [Project-01] info : GET /user/login 304 4.113 ms - -

2023-05-23 01:05:26 [Project-01] info : GET /user/login 304 35.043 ms - -

2023-05-23 01:05:66 [Project-01] info : GET /user/login 304 4.448 ms - -

2023-05-23 01:05:99 [Project-01] info : POST /user/login 200 380.738 ms - 16

2023-05-23 01:05:06 [Project-01] info : GET /user/login 200 14.999 ms - 1132

2023-05-23 01:05:45 [Project-01] info : GET /user/login 304 7.475 ms - -

2023-05-23 01:05:90 [Project-01] info : GET /user/login 200 26.251 ms - 1368

2023-05-23 01:05:32 [Project-01] info : GET /user/login 304 5.374 ms - -

2023-05-23 01:05:80 [Project-01] info : POST /user/login 200 396.611 ms - 16

2023-05-23 01:05:86 [Project-01] info : GET /user/login 200 12.916 ms - 1132

2023-05-23 01:05:18 [Project-01] info : GET /user/login 304 7.237 ms - -

2023-05-23 01:05:71 [Project-01] info : GET /user/login 304 4.799 ms - -

2023-05-23 01:05:07 [Project-01] info : GET /user/login 304 7.168 ms - -

2023-05-23 01:05:22 [Project-01] info : GET /user/login 200 205.245 ms - 1368

2023-05-23 01:05:79 [Project-01] info : GET /user/login 304 204.711 ms - -

2023-05-23 01:05:76 [Project-01] info : GET /user/login 304 29.191 ms - -

2023-05-23 01:05:20 [Project-01] info : GET /user/login 304 3.669 ms - -

2023-05-23 01:05:31 [Project-01] info : POST /user/login 200 394.812 ms - 16

2023-05-23 01:05:37 [Project-01] info : GET /user/login 200 13.812 ms - 1132

2023-05-23 01:05:77 [Project-01] info : GET /user/login 304 6.417 ms - -

2023-05-23 01:05:56 [Project-01] info : GET /user/login 200 204.086 ms - 1368

2023-05-23 01:05:09 [Project-01] info : GET /user/login 304 201.866 ms - -

2023-05-23 01:05:77 [Project-01] info : GET /user/login 304 204.265 ms - -

2023-05-23 01:05:35 [Project-01] info : GET /user/login 304 199.137 ms - -

2023-05-23 01:05:19 [Project-01] info : GET /user/login 304 228.140 ms - -

2023-05-23 01:05:80 [Project-01] info : GET /user/login 304 197.727 ms - -

2023-05-23 01:05:59 [Project-01] info : GET /user/login 304 244.389 ms - -

2023-05-23 01:05:22 [Project-01] info : GET /user/login 304 200.874 ms - -

2023-05-23 01:05:41 [Project-01] info : GET /user/login 302 207.343 ms - 66

2023-05-23 01:05:46 [Project-01] info : GET /user/login 200 32.544 ms - 1128

2023-05-23 01:05:88 [Project-01] info : GET /user/login 304 11.245 ms - -

2023-05-23 01:05:45 [Project-01] info : GET /user/login 302 212.763 ms - 66

2023-05-23 01:05:50 [Project-01] info : GET /user/login 200 36.053 ms - 1128

2023-05-23 01:05:90 [Project-01] info : GET /user/login 304 9.576 ms - -

2023-05-23 01:05:70 [Project-01] info : GET /user/login 302 221.295 ms - 66

2023-05-23 01:05:74 [Project-01] info : GET /user/login 200 32.701 ms - 1132

2023-05-23 01:05:18 [Project-01] info : GET /user/login 304 8.827 ms - -

2023-05-23 01:05:47 [Project-01] info : GET /user/login 302 214.562 ms - 66

2023-05-23 01:05:53 [Project-01] info : GET /user/login 200 39.757 ms - 1132

2023-05-23 01:05:89 [Project-01] info : GET /user/login 304 6.823 ms - -

2023-05-23 01:05:73 [Project-01] info : GET /user/logout 302 2.326 ms - 66

2023-05-23 01:05:74 [Project-01] info : GET /user/login 200 4.403 ms - 1368

2023-05-23 01:05:10 [Project-01] info : GET /user/login 304 3.273 ms - -

2023-05-23 01:05:05 [Project-01] info : GET /user/login 304 4.639 ms - -

2023-05-23 01:05:33 [Project-01] info : GET /user/login 304 4.192 ms - -

2023-05-23 01:05:19 [Project-01] info : GET /user/login 304 31.524 ms - -

2023-05-23 01:05:60 [Project-01] info : GET /user/login 304 4.484 ms - -

2023-05-23 01:05:72 [Project-01] info : POST /user/login 200 409.594 ms - 16

2023-05-23 01:05:76 [Project-01] info : GET /user/login 200 18.521 ms - 1132

2023-05-23 01:05:24 [Project-01] info : GET /user/login 304 8.245 ms - -

2023-05-23 01:05:27 [Project-01] info : GET /user/login 304 6.256 ms - -

2023-05-23 01:05:56 [Project-01] info : GET /user/login 304 6.963 ms - -

2023-05-23 01:05:68 [Project-01] info : GET /user/login 304 4.376 ms - -

2023-05-23 01:05:07 [Project-01] info : GET /user/login 304 4.827 ms - -

2023-05-23 01:05:04 [Project-01] info : GET /user/login 304 6.939 ms - -

2023-05-23 01:05:39 [Project-01] info : GET /user/login 304 7.241 ms - -

2023-05-23 01:05:46 [Project-01] info : GET /user/login 302 201.474 ms - 66

2023-05-23 01:05:47 [Project-01] info : GET /user/login 200 6.620 ms - 1132

2023-05-23 01:05:80 [Project-01] info : GET /user/login 304 7.144 ms - -

2023-05-23 01:05:40 [Project-01] info : GET /user/login 304 4.647 ms - -

2023-05-23 01:05:72 [Project-01] info : GET /user/login 304 5.838 ms - -

2023-05-23 01:05:83 [Project-01] info : GET /user/register 304 3.302 ms - -

2023-05-23 01:05:40 [Project-01] info : GET /user/register 304 2.757 ms - -

2023-05-23 01:05:08 [Project-01] info : GET /user/login 302 194.567 ms - 66

2023-05-23 01:05:09 [Project-01] info : GET /user/login 200 6.945 ms - 1132

2023-05-23 01:05:50 [Project-01] info : GET /user/login 304 8.088 ms - -

2023-05-23 01:05:100 [Project-01] info : GET /user/login 304 5.670 ms - -

2023-05-23 01:05:24 [Project-01] info : GET /user/login 304 6.261 ms - -

2023-05-23 01:05:62 [Project-01] info : GET /user/login - - ms - -

2023-05-23 23:05:52 [Project-01] info : GET /user/login 200 71.814 ms - 1368

2023-05-23 23:05:23 [Project-01] info : GET /user/login 304 4.521 ms - -

2023-05-23 23:05:41 [Project-01] info : GET /user/login 304 2.793 ms - -

2023-05-23 23:05:99 [Project-01] info : GET /user/login 304 4.907 ms - -

2023-05-23 23:05:29 [Project-01] info : GET /user/login 304 2.832 ms - -

2023-05-23 23:05:46 [Project-01] info : POST /user/login 200 705.247 ms - 16

2023-05-23 23:05:50 [Project-01] info : GET /user/login 200 8.986 ms - 1132

2023-05-23 23:05:67 [Project-01] info : GET /user/login 304 4.657 ms - -

2023-05-23 23:05:85 [Project-01] info : GET /user/login 304 8.000 ms - -

2023-05-23 23:05:22 [Project-01] info : GET /user/login 304 5.996 ms - -

2023-05-23 23:05:93 [Project-01] info : GET /user/login 304 5.498 ms - -

2023-05-23 23:05:24 [Project-01] info : GET /user/login 304 7.131 ms - -

2023-05-23 23:05:37 [Project-01] info : GET /user/login 304 3.569 ms - -

2023-05-23 23:05:80 [Project-01] info : GET /user/login 304 6.596 ms - -

2023-05-23 23:05:30 [Project-01] info : GET /user/logout 302 3.789 ms - 66

2023-05-23 23:05:31 [Project-01] info : GET /user/login 200 3.617 ms - 1368

2023-05-23 23:05:69 [Project-01] info : GET /user/login 304 2.629 ms - -

2023-05-23 23:05:70 [Project-01] info : GET /user/login 304 2.317 ms - -

2023-05-23 23:05:08 [Project-01] info : GET /user/login 304 3.809 ms - -

2023-05-23 23:05:32 [Project-01] info : POST /user/login 200 355.578 ms - 16

2023-05-23 23:05:35 [Project-01] info : GET /user/login 200 4.265 ms - 1132

2023-05-23 23:05:70 [Project-01] info : GET /user/login 304 6.487 ms - -

2023-05-23 23:05:38 [Project-01] info : GET /user/logout 302 2.315 ms - 66

2023-05-23 23:05:40 [Project-01] info : GET /user/login 200 3.393 ms - 1368

2023-05-23 23:05:77 [Project-01] info : GET /user/login 304 4.204 ms - -

2023-05-23 23:05:28 [Project-01] info : GET /user/login 304 19.665 ms - -

