2023-05-10 07:05:13 [Project-01] error : uncaughtException: write ECONNRESET
Error: write ECONNRESET
    at PromisePool.query (C:\workspace\project\Project_01\node_modules\mysql2\promise.js:351:22)
    at C:\workspace\project\Project_01\node_modules\express-mysql-session\index.js:384:30
    at new Promise (<anonymous>)
    at MySQLStore.query (C:\workspace\project\Project_01\node_modules\express-mysql-session\index.js:381:10)
    at C:\workspace\project\Project_01\node_modules\express-mysql-session\index.js:372:16
2023-05-10 10:05:33 [Project-01] error : uncaughtException: Cannot read properties of undefined (reading 'JWT_SECRET')
TypeError: Cannot read properties of undefined (reading 'JWT_SECRET')
    at file:///C:/workspace/project/Project_01/src/controllers/controller_user.js:42:23
    at C:\workspace\project\Project_01\node_modules\passport\lib\http\request.js:41:7
    at Immediate.<anonymous> (C:\workspace\project\Project_01\node_modules\passport\lib\sessionmanager.js:51:9)
    at process.processImmediate (node:internal/timers:471:21)
2023-05-10 10:05:77 [Project-01] error : uncaughtException: Cannot read properties of undefined (reading 'JWT_SECRET')
TypeError: Cannot read properties of undefined (reading 'JWT_SECRET')
    at file:///C:/workspace/project/Project_01/src/controllers/controller_user.js:41:23
    at C:\workspace\project\Project_01\node_modules\passport\lib\http\request.js:41:7
    at Immediate.<anonymous> (C:\workspace\project\Project_01\node_modules\passport\lib\sessionmanager.js:51:9)
    at process.processImmediate (node:internal/timers:471:21)
2023-05-10 10:05:59 [Project-01] error : uncaughtException: Cannot read properties of undefined (reading 'JWT_SECRET')
TypeError: Cannot read properties of undefined (reading 'JWT_SECRET')
    at file:///C:/workspace/project/Project_01/src/controllers/controller_user.js:41:23
    at C:\workspace\project\Project_01\node_modules\passport\lib\http\request.js:41:7
    at Immediate.<anonymous> (C:\workspace\project\Project_01\node_modules\passport\lib\sessionmanager.js:51:9)
    at process.processImmediate (node:internal/timers:471:21)
2023-05-10 10:05:95 [Project-01] error : uncaughtException: Cannot read properties of undefined (reading 'JWT_SECRET')
TypeError: Cannot read properties of undefined (reading 'JWT_SECRET')
    at file:///C:/workspace/project/Project_01/src/controllers/controller_user.js:41:23
    at C:\workspace\project\Project_01\node_modules\passport\lib\http\request.js:41:7
    at Immediate.<anonymous> (C:\workspace\project\Project_01\node_modules\passport\lib\sessionmanager.js:51:9)
    at process.processImmediate (node:internal/timers:471:21)
2023-05-10 15:05:04 [Project-01] error : uncaughtException: LocalStrategy is not defined
ReferenceError: LocalStrategy is not defined
    at default (file:///C:/workspace/project/Project_01/src/config/passport/jwtStrategy.js:11:9)
    at file:///C:/workspace/project/Project_01/app.js:31:1
    at process.processTicksAndRejections (node:internal/process/task_queues:95:5)
2023-05-10 15:05:08 [Project-01] error : uncaughtException: LocalStrategy is not defined
ReferenceError: LocalStrategy is not defined
    at default (file:///C:/workspace/project/Project_01/src/config/passport/jwtStrategy.js:11:9)
    at file:///C:/workspace/project/Project_01/app.js:31:1
    at process.processTicksAndRejections (node:internal/process/task_queues:95:5)
2023-05-10 15:05:98 [Project-01] error : uncaughtException: LocalStrategy is not defined
ReferenceError: LocalStrategy is not defined
    at default (file:///C:/workspace/project/Project_01/src/config/passport/jwtStrategy.js:11:9)
    at file:///C:/workspace/project/Project_01/app.js:31:1
    at process.processTicksAndRejections (node:internal/process/task_queues:95:5)
2023-05-10 15:05:13 [Project-01] error : uncaughtException: LocalStrategy is not defined
ReferenceError: LocalStrategy is not defined
    at default (file:///C:/workspace/project/Project_01/src/config/passport/jwtStrategy.js:11:9)
    at file:///C:/workspace/project/Project_01/app.js:34:1
    at process.processTicksAndRejections (node:internal/process/task_queues:95:5)
2023-05-10 15:05:78 [Project-01] error : uncaughtException: LocalStrategy is not defined
ReferenceError: LocalStrategy is not defined
    at default (file:///C:/workspace/project/Project_01/src/config/passport/jwtStrategy.js:11:9)
    at file:///C:/workspace/project/Project_01/app.js:34:1
    at process.processTicksAndRejections (node:internal/process/task_queues:95:5)
2023-05-10 15:05:46 [Project-01] error : uncaughtException: LocalStrategy is not defined
ReferenceError: LocalStrategy is not defined
    at default (file:///C:/workspace/project/Project_01/src/config/passport/jwtStrategy.js:11:9)
    at file:///C:/workspace/project/Project_01/app.js:34:1
    at process.processTicksAndRejections (node:internal/process/task_queues:95:5)
2023-05-10 15:05:38 [Project-01] error : uncaughtException: LocalStrategy is not defined
ReferenceError: LocalStrategy is not defined
    at default (file:///C:/workspace/project/Project_01/src/config/passport/jwtStrategy.js:11:9)
    at file:///C:/workspace/project/Project_01/app.js:34:1
    at process.processTicksAndRejections (node:internal/process/task_queues:95:5)
2023-05-10 16:05:88 [Project-01] error : uncaughtException: LocalStrategy is not defined
ReferenceError: LocalStrategy is not defined
    at default (file:///C:/workspace/project/Project_01/src/config/passport/jwtStrategy.js:11:9)
    at file:///C:/workspace/project/Project_01/app.js:34:1
    at process.processTicksAndRejections (node:internal/process/task_queues:95:5)
2023-05-10 16:05:91 [Project-01] error : uncaughtException: LocalStrategy is not defined
ReferenceError: LocalStrategy is not defined
    at default (file:///C:/workspace/project/Project_01/src/config/passport/jwtStrategy.js:11:9)
    at file:///C:/workspace/project/Project_01/app.js:34:1
    at process.processTicksAndRejections (node:internal/process/task_queues:95:5)
2023-05-10 16:05:69 [Project-01] error : uncaughtException: LocalStrategy is not defined
ReferenceError: LocalStrategy is not defined
    at default (file:///C:/workspace/project/Project_01/src/config/passport/jwtStrategy.js:11:9)
    at file:///C:/workspace/project/Project_01/app.js:34:1
    at process.processTicksAndRejections (node:internal/process/task_queues:95:5)
2023-05-10 16:05:25 [Project-01] error : uncaughtException: LocalStrategy is not defined
ReferenceError: LocalStrategy is not defined
    at default (file:///C:/workspace/project/Project_01/src/config/passport/jwtStrategy.js:11:9)
    at file:///C:/workspace/project/Project_01/app.js:34:1
    at process.processTicksAndRejections (node:internal/process/task_queues:95:5)
2023-05-10 16:05:02 [Project-01] error : uncaughtException: LocalStrategy is not defined
ReferenceError: LocalStrategy is not defined
    at default (file:///C:/workspace/project/Project_01/src/config/passport/jwtStrategy.js:11:9)
    at file:///C:/workspace/project/Project_01/app.js:34:1
    at process.processTicksAndRejections (node:internal/process/task_queues:95:5)
2023-05-10 16:05:83 [Project-01] error : uncaughtException: LocalStrategy is not defined
ReferenceError: LocalStrategy is not defined
    at default (file:///C:/workspace/project/Project_01/src/config/passport/jwtStrategy.js:11:9)
    at file:///C:/workspace/project/Project_01/app.js:34:1
    at process.processTicksAndRejections (node:internal/process/task_queues:95:5)
2023-05-10 16:05:78 [Project-01] error : uncaughtException: passportConfig is not defined
ReferenceError: passportConfig is not defined
    at file:///C:/workspace/project/Project_01/app.js:34:1
    at process.processTicksAndRejections (node:internal/process/task_queues:95:5)
2023-05-10 16:05:19 [Project-01] error : uncaughtException: passportConfig is not defined
ReferenceError: passportConfig is not defined
    at file:///C:/workspace/project/Project_01/app.js:31:1
    at process.processTicksAndRejections (node:internal/process/task_queues:95:5)
2023-05-10 16:05:24 [Project-01] error : uncaughtException: passportConfig is not defined
ReferenceError: passportConfig is not defined
    at file:///C:/workspace/project/Project_01/app.js:31:1
    at process.processTicksAndRejections (node:internal/process/task_queues:95:5)
2023-05-10 16:05:59 [Project-01] error : uncaughtException: LocalStrategy is not defined
ReferenceError: LocalStrategy is not defined
    at default (file:///C:/workspace/project/Project_01/src/config/passport/jwtStrategy.js:11:9)
    at file:///C:/workspace/project/Project_01/app.js:31:1
    at process.processTicksAndRejections (node:internal/process/task_queues:95:5)
2023-05-10 16:05:69 [Project-01] error : uncaughtException: LocalStrategy is not defined
ReferenceError: LocalStrategy is not defined
    at default (file:///C:/workspace/project/Project_01/src/config/passport/jwtStrategy.js:11:9)
    at file:///C:/workspace/project/Project_01/app.js:31:1
    at process.processTicksAndRejections (node:internal/process/task_queues:95:5)
2023-05-10 16:05:33 [Project-01] error : uncaughtException: LocalStrategy is not defined
ReferenceError: LocalStrategy is not defined
    at default (file:///C:/workspace/project/Project_01/src/config/passport/jwtStrategy.js:14:9)
    at file:///C:/workspace/project/Project_01/app.js:31:1
    at process.processTicksAndRejections (node:internal/process/task_queues:95:5)
2023-05-10 16:05:46 [Project-01] error : uncaughtException: LocalStrategy is not defined
ReferenceError: LocalStrategy is not defined
    at default (file:///C:/workspace/project/Project_01/src/config/passport/jwtStrategy.js:14:9)
    at file:///C:/workspace/project/Project_01/app.js:31:1
    at process.processTicksAndRejections (node:internal/process/task_queues:95:5)
2023-05-10 16:05:66 [Project-01] error : uncaughtException: LocalStrategy is not defined
ReferenceError: LocalStrategy is not defined
    at default (file:///C:/workspace/project/Project_01/src/config/passport/jwtStrategy.js:11:9)
    at file:///C:/workspace/project/Project_01/app.js:31:1
    at process.processTicksAndRejections (node:internal/process/task_queues:95:5)
2023-05-10 16:05:71 [Project-01] error : uncaughtException: Cannot read properties of undefined (reading 'JWT_SECRET')
TypeError: Cannot read properties of undefined (reading 'JWT_SECRET')
    at file:///C:/workspace/project/Project_01/src/controllers/controller_user.js:37:73
    at req.login.req.logIn (C:\workspace\project\Project_01\node_modules\passport\lib\http\request.js:44:13)
    at file:///C:/workspace/project/Project_01/src/controllers/controller_user.js:33:18
    at strategy.success (C:\workspace\project\Project_01\node_modules\passport\lib\middleware\authenticate.js:222:18)
    at verified (C:\workspace\project\Project_01\node_modules\passport-local\lib\strategy.js:83:10)
    at Strategy._verify (file:///C:/workspace/project/Project_01/src/config/passport/jwtStrategy.js:32:15)
    at process.processTicksAndRejections (node:internal/process/task_queues:95:5)
2023-05-10 16:05:82 [Project-01] error : uncaughtException: Cannot read properties of undefined (reading 'JWT_SECRET')
TypeError: Cannot read properties of undefined (reading 'JWT_SECRET')
    at file:///C:/workspace/project/Project_01/src/controllers/controller_user.js:37:73
    at req.login.req.logIn (C:\workspace\project\Project_01\node_modules\passport\lib\http\request.js:44:13)
    at file:///C:/workspace/project/Project_01/src/controllers/controller_user.js:33:18
    at strategy.success (C:\workspace\project\Project_01\node_modules\passport\lib\middleware\authenticate.js:222:18)
    at verified (C:\workspace\project\Project_01\node_modules\passport-local\lib\strategy.js:83:10)
    at Strategy._verify (file:///C:/workspace/project/Project_01/src/config/passport/jwtStrategy.js:32:15)
    at process.processTicksAndRejections (node:internal/process/task_queues:95:5)
2023-05-10 16:05:03 [Project-01] error : uncaughtException: Cannot access 'process' before initialization
ReferenceError: Cannot access 'process' before initialization
    at file:///C:/workspace/project/Project_01/src/controllers/controller_user.js:26:13
    at process.processTicksAndRejections (node:internal/process/task_queues:95:5)
2023-05-10 16:05:12 [Project-01] error : uncaughtException: Cannot access 'process' before initialization
ReferenceError: Cannot access 'process' before initialization
    at file:///C:/workspace/project/Project_01/src/controllers/controller_user.js:7:13
    at process.processTicksAndRejections (node:internal/process/task_queues:95:5)
