2023-05-10 10:05:51 [Project-01] info : GET /user/login 200 151.185 ms - 1368

2023-05-10 10:05:22 [Project-01] info : GET /user/login 200 12.514 ms - 1368

2023-05-10 11:05:67 [Project-01] info : GET /user/login 200 29.580 ms - 1368

2023-05-10 11:05:26 [Project-01] info : GET /user/login 200 5.523 ms - 1368

2023-05-10 11:05:98 [Project-01] info : GET /user/register 200 4.150 ms - 1499

2023-05-10 11:05:44 [Project-01] info : GET /user/register 304 2.934 ms - -

2023-05-10 11:05:18 [Project-01] info : GET /user/register 200 47.525 ms - 1499

2023-05-10 11:05:69 [Project-01] info : GET /user/register 200 8.095 ms - 1499

2023-05-10 11:05:31 [Project-01] info : POST /user/register 200 308.358 ms - 16

2023-05-10 11:05:38 [Project-01] info : GET /user/login 304 8.787 ms - -

2023-05-10 11:05:81 [Project-01] info : GET /user/login 304 4.389 ms - -

2023-05-10 11:05:30 [Project-01] info : POST /user/login 200 300.529 ms - 16

2023-05-10 11:05:43 [Project-01] info : GET /user/login 200 88.438 ms - 1133

2023-05-10 11:05:90 [Project-01] info : GET /user/login 304 36.239 ms - -

2023-05-10 11:05:87 [Project-01] info : GET /user/logout 302 51.106 ms - 66

2023-05-10 11:05:88 [Project-01] info : GET /user/login 200 3.590 ms - 1368

2023-05-10 11:05:28 [Project-01] info : GET /user/login 304 4.573 ms - -

2023-05-10 12:05:36 [Project-01] info : POST /user/login 200 214.261 ms - 16

2023-05-10 12:05:45 [Project-01] info : GET /user/login 200 44.275 ms - 1133

2023-05-10 12:05:88 [Project-01] info : GET /user/login 304 32.998 ms - -

2023-05-10 12:05:48 [Project-01] info : GET /user/login 304 35.988 ms - -

2023-05-10 12:05:90 [Project-01] info : GET / 404 35.105 ms - 139

2023-05-10 12:05:98 [Project-01] info : GET / 404 62.456 ms - 139

2023-05-10 12:05:35 [Project-01] info : GET /user/login 304 35.960 ms - -

2023-05-10 12:05:79 [Project-01] info : GET /user/login 304 56.737 ms - -

2023-05-10 12:05:22 [Project-01] info : GET /user/login 304 33.612 ms - -

2023-05-10 12:05:65 [Project-01] info : GET /user/login 304 32.967 ms - -

2023-05-10 12:05:81 [Project-01] info : GET /user/login 304 37.360 ms - -

2023-05-10 12:05:98 [Project-01] info : GET /user/login 304 34.483 ms - -

2023-05-10 12:05:80 [Project-01] info : GET /user/login 304 35.759 ms - -

2023-05-10 12:05:96 [Project-01] info : GET /user/login 304 32.359 ms - -

2023-05-10 16:05:99 [Project-01] info : GET /user/login 200 47.834 ms - 1368

2023-05-10 16:05:79 [Project-01] info : GET /user/login 200 4.986 ms - 1368

2023-05-10 16:05:52 [Project-01] info : POST /user/login 500 90.923 ms - 35

2023-05-10 16:05:53 [Project-01] info : POST /user/login 500 11.319 ms - 35

2023-05-10 16:05:82 [Project-01] info : GET /user/login 200 49.515 ms - 1368

2023-05-10 16:05:60 [Project-01] info : GET /user/login 200 11.130 ms - 1368

2023-05-10 16:05:06 [Project-01] info : GET /user/register 200 9.119 ms - 1499

2023-05-10 16:05:92 [Project-01] info : GET /user/register 304 3.972 ms - -

2023-05-10 16:05:29 [Project-01] info : GET /user/login 304 4.647 ms - -

2023-05-10 16:05:34 [Project-01] info : GET /user/login 304 4.633 ms - -

2023-05-10 16:05:37 [Project-01] info : POST /user/login 200 97.602 ms - 2

2023-05-10 16:05:25 [Project-01] info : POST /user/login 200 111.799 ms - 2

2023-05-10 16:05:31 [Project-01] info : GET /user/login 200 22.243 ms - 1368

2023-05-10 16:05:97 [Project-01] info : GET /user/login 200 5.409 ms - 1368

2023-05-10 16:05:22 [Project-01] info : POST /user/login 200 9.777 ms - 2

2023-05-10 16:05:73 [Project-01] info : GET /user/login 200 74.214 ms - 1368

2023-05-10 16:05:84 [Project-01] info : GET /user/login 200 11.644 ms - 1368

2023-05-10 16:05:01 [Project-01] info : POST /user/login 500 334.683 ms - 35

2023-05-10 16:05:51 [Project-01] info : POST /user/login 500 341.188 ms - 35

2023-05-10 16:05:80 [Project-01] info : POST /user/login 500 342.245 ms - 35

2023-05-10 16:05:75 [Project-01] info : POST /user/login 500 333.030 ms - 35

2023-05-10 16:05:30 [Project-01] info : GET /user/login 200 41.848 ms - 1368

2023-05-10 16:05:00 [Project-01] info : GET /user/login 200 7.007 ms - 1368

2023-05-10 16:05:14 [Project-01] info : POST /user/login 500 217.307 ms - 35

2023-05-10 16:05:12 [Project-01] info : GET /user/login 200 45.320 ms - 1368

2023-05-10 16:05:02 [Project-01] info : GET /user/login 200 9.372 ms - 1368

2023-05-10 16:05:95 [Project-01] info : POST /user/login 500 339.240 ms - 35

2023-05-10 16:05:92 [Project-01] info : GET /user/login 200 80.401 ms - 1368

2023-05-10 16:05:40 [Project-01] info : GET /user/login 200 12.248 ms - 1368

2023-05-10 16:05:80 [Project-01] info : POST /user/login 500 352.948 ms - 35

2023-05-10 16:05:68 [Project-01] info : GET /user/login 200 46.588 ms - 1368

2023-05-10 16:05:69 [Project-01] info : GET /user/login 200 16.873 ms - 1368

2023-05-10 16:05:17 [Project-01] info : POST /user/login 500 365.825 ms - 987

2023-05-10 16:05:98 [Project-01] info : GET /user/login 200 55.858 ms - 1368

2023-05-10 16:05:24 [Project-01] info : GET /user/login 200 12.914 ms - 1368

2023-05-10 16:05:08 [Project-01] info : POST /user/login 200 452.859 ms - 139

2023-05-10 16:05:52 [Project-01] info : POST /user/login 200 373.096 ms - 139

2023-05-10 16:05:96 [Project-01] info : GET /user/login 200 49.678 ms - 1368

2023-05-10 16:05:64 [Project-01] info : GET /user/login 200 12.454 ms - 1368

2023-05-10 16:05:58 [Project-01] info : POST /user/login 200 95.755 ms - 2

2023-05-10 16:05:24 [Project-01] info : POST /user/login 200 14.640 ms - 2

2023-05-10 16:05:34 [Project-01] info : GET /user/login 200 2.322 ms - 1368

2023-05-10 16:05:02 [Project-01] info : GET /user/login 200 2.277 ms - 1368

2023-05-10 16:05:32 [Project-01] info : POST /user/login 200 4.589 ms - 2

2023-05-10 16:05:59 [Project-01] info : GET /user/login 200 22.124 ms - 1368

2023-05-10 16:05:13 [Project-01] info : GET /user/login 200 3.596 ms - 1368

2023-05-10 16:05:21 [Project-01] info : POST /user/login 500 255.085 ms - 987

2023-05-10 16:05:12 [Project-01] info : POST /user/login 500 253.898 ms - 987

2023-05-10 16:05:48 [Project-01] info : POST /user/login 500 290.934 ms - 987

2023-05-10 16:05:64 [Project-01] info : GET /user/login 200 24.540 ms - 1368

2023-05-10 16:05:10 [Project-01] info : GET /user/login 200 6.546 ms - 1368

2023-05-10 16:05:79 [Project-01] info : POST /user/login 500 243.406 ms - 987

2023-05-10 16:05:46 [Project-01] info : GET /user/login 200 2.537 ms - 1368

2023-05-10 16:05:87 [Project-01] info : GET /user/login 200 3.360 ms - 1368

2023-05-10 16:05:20 [Project-01] info : POST /user/login 500 196.808 ms - 987

2023-05-10 16:05:73 [Project-01] info : GET /user/login 200 24.725 ms - 1368

2023-05-10 16:05:37 [Project-01] info : GET /user/login 200 3.832 ms - 1368

2023-05-10 16:05:02 [Project-01] info : POST /user/login 500 269.604 ms - 987

2023-05-10 16:05:20 [Project-01] info : GET /user/login 200 33.247 ms - 1368

2023-05-10 16:05:71 [Project-01] info : GET /user/login 200 2.729 ms - 1368

2023-05-10 16:05:65 [Project-01] info : POST /user/login 200 33.947 ms - 2

2023-05-10 16:05:17 [Project-01] info : POST /user/login 200 8.588 ms - 2

2023-05-10 16:05:88 [Project-01] info : POST /user/login 200 3.199 ms - 2

2023-05-10 16:05:96 [Project-01] info : POST /user/login 200 60.353 ms - 2

2023-05-10 16:05:60 [Project-01] info : POST /user/login 200 42.099 ms - 2

2023-05-10 16:05:46 [Project-01] info : POST /user/login 200 11.507 ms - 2

2023-05-10 16:05:15 [Project-01] info : POST /user/login 200 11.939 ms - 2

2023-05-10 16:05:34 [Project-01] info : POST /user/login 200 42.155 ms - 2

2023-05-10 16:05:75 [Project-01] info : POST /user/login 200 127.139 ms - 2

2023-05-10 16:05:76 [Project-01] info : POST /user/login 200 6.570 ms - 2

2023-05-10 16:05:26 [Project-01] info : GET /user/login 200 16.005 ms - 1368

2023-05-10 16:05:74 [Project-01] info : GET /user/login 200 5.175 ms - 1368

2023-05-10 16:05:32 [Project-01] info : POST /user/login 500 218.748 ms - 987

2023-05-10 16:05:61 [Project-01] info : POST /user/login 500 291.229 ms - 987

2023-05-10 16:05:78 [Project-01] info : GET /user/login 200 25.008 ms - 1368

2023-05-10 16:05:47 [Project-01] info : GET /user/login 200 4.953 ms - 1368

2023-05-10 16:05:64 [Project-01] info : POST /user/login 200 212.397 ms - 187

2023-05-10 16:05:93 [Project-01] info : POST /user/login 200 287.196 ms - 187

2023-05-10 17:05:51 [Project-01] info : GET /user/login 200 32.111 ms - 1368

2023-05-10 17:05:05 [Project-01] info : GET /user/login 200 2.335 ms - 1368

2023-05-10 17:05:17 [Project-01] info : POST /user/login 200 244.564 ms - 16

2023-05-10 17:05:20 [Project-01] info : GET /user/login 200 3.499 ms - 1368

2023-05-10 17:05:55 [Project-01] info : GET /user/login 304 4.031 ms - -

2023-05-10 17:05:98 [Project-01] info : GET /user/auth 404 9.640 ms - 148

2023-05-10 17:05:59 [Project-01] info : GET /user/auth - - ms - -

2023-05-10 17:05:24 [Project-01] info : GET /user/register 304 23.369 ms - -

2023-05-10 17:05:41 [Project-01] info : GET /user/login 304 2.450 ms - -

