2023-05-22 18:05:01 [Project-01] error : uncaughtException: req is not defined
ReferenceError: req is not defined
    at file:///C:/workspace/project/Project_01/app.js:50:13
    at process.processTicksAndRejections (node:internal/process/task_queues:95:5)
2023-05-22 18:05:21 [Project-01] error : uncaughtException: req is not defined
ReferenceError: req is not defined
    at file:///C:/workspace/project/Project_01/app.js:50:13
    at process.processTicksAndRejections (node:internal/process/task_queues:95:5)
2023-05-22 18:05:04 [Project-01] error : uncaughtException: req is not defined
ReferenceError: req is not defined
    at file:///C:/workspace/project/Project_01/app.js:50:13
    at process.processTicksAndRejections (node:internal/process/task_queues:95:5)
2023-05-22 18:05:70 [Project-01] error : uncaughtException: req is not defined
ReferenceError: req is not defined
    at file:///C:/workspace/project/Project_01/app.js:50:13
    at process.processTicksAndRejections (node:internal/process/task_queues:95:5)
2023-05-22 18:05:37 [Project-01] error : uncaughtException: req is not defined
ReferenceError: req is not defined
    at file:///C:/workspace/project/Project_01/app.js:50:13
    at process.processTicksAndRejections (node:internal/process/task_queues:95:5)
2023-05-22 18:05:89 [Project-01] error : uncaughtException: req is not defined
ReferenceError: req is not defined
    at file:///C:/workspace/project/Project_01/app.js:50:13
    at process.processTicksAndRejections (node:internal/process/task_queues:95:5)
2023-05-22 18:05:43 [Project-01] error : uncaughtException: req is not defined
ReferenceError: req is not defined
    at file:///C:/workspace/project/Project_01/app.js:50:13
    at process.processTicksAndRejections (node:internal/process/task_queues:95:5)
2023-05-22 20:05:60 [Project-01] error : uncaughtException: req is not defined
ReferenceError: req is not defined
    at file:///C:/workspace/project/Project_01/app.js:50:13
    at process.processTicksAndRejections (node:internal/process/task_queues:95:5)
2023-05-22 20:05:34 [Project-01] error : uncaughtException: req is not defined
ReferenceError: req is not defined
    at file:///C:/workspace/project/Project_01/app.js:50:13
    at process.processTicksAndRejections (node:internal/process/task_queues:95:5)
2023-05-22 20:05:30 [Project-01] error : uncaughtException: req is not defined
ReferenceError: req is not defined
    at file:///C:/workspace/project/Project_01/app.js:50:13
    at process.processTicksAndRejections (node:internal/process/task_queues:95:5)
2023-05-22 20:05:67 [Project-01] error : uncaughtException: req is not defined
ReferenceError: req is not defined
    at file:///C:/workspace/project/Project_01/app.js:50:13
    at process.processTicksAndRejections (node:internal/process/task_queues:95:5)
2023-05-22 20:05:13 [Project-01] error : uncaughtException: req is not defined
ReferenceError: req is not defined
    at file:///C:/workspace/project/Project_01/app.js:50:13
    at process.processTicksAndRejections (node:internal/process/task_queues:95:5)
2023-05-22 20:05:05 [Project-01] error : uncaughtException: req is not defined
ReferenceError: req is not defined
    at file:///C:/workspace/project/Project_01/app.js:50:13
    at process.processTicksAndRejections (node:internal/process/task_queues:95:5)
2023-05-22 20:05:87 [Project-01] error : uncaughtException: req is not defined
ReferenceError: req is not defined
    at file:///C:/workspace/project/Project_01/app.js:50:13
    at process.processTicksAndRejections (node:internal/process/task_queues:95:5)
2023-05-22 20:05:71 [Project-01] error : uncaughtException: req is not defined
ReferenceError: req is not defined
    at file:///C:/workspace/project/Project_01/app.js:50:13
    at process.processTicksAndRejections (node:internal/process/task_queues:95:5)
2023-05-22 20:05:94 [Project-01] error : uncaughtException: req is not defined
ReferenceError: req is not defined
    at file:///C:/workspace/project/Project_01/app.js:50:13
    at process.processTicksAndRejections (node:internal/process/task_queues:95:5)
2023-05-22 20:05:88 [Project-01] error : uncaughtException: req is not defined
ReferenceError: req is not defined
    at file:///C:/workspace/project/Project_01/app.js:50:13
    at process.processTicksAndRejections (node:internal/process/task_queues:95:5)
2023-05-22 20:05:74 [Project-01] error : uncaughtException: req is not defined
ReferenceError: req is not defined
    at file:///C:/workspace/project/Project_01/app.js:50:13
    at process.processTicksAndRejections (node:internal/process/task_queues:95:5)
2023-05-22 20:05:95 [Project-01] error : uncaughtException: req is not defined
ReferenceError: req is not defined
    at file:///C:/workspace/project/Project_01/app.js:50:13
    at process.processTicksAndRejections (node:internal/process/task_queues:95:5)
2023-05-22 20:05:02 [Project-01] error : uncaughtException: req is not defined
ReferenceError: req is not defined
    at file:///C:/workspace/project/Project_01/app.js:50:13
    at process.processTicksAndRejections (node:internal/process/task_queues:95:5)
2023-05-22 20:05:84 [Project-01] error : uncaughtException: req is not defined
ReferenceError: req is not defined
    at file:///C:/workspace/project/Project_01/app.js:50:13
    at process.processTicksAndRejections (node:internal/process/task_queues:95:5)
2023-05-22 20:05:61 [Project-01] error : uncaughtException: req is not defined
ReferenceError: req is not defined
    at file:///C:/workspace/project/Project_01/app.js:50:13
    at process.processTicksAndRejections (node:internal/process/task_queues:95:5)
2023-05-22 20:05:65 [Project-01] error : uncaughtException: req is not defined
ReferenceError: req is not defined
    at file:///C:/workspace/project/Project_01/app.js:54:13
    at process.processTicksAndRejections (node:internal/process/task_queues:95:5)
2023-05-22 22:05:80 [Project-01] error : uncaughtException: req is not defined
ReferenceError: req is not defined
    at file:///C:/workspace/project/Project_01/src/routes/route_middleware/jwt_auth.js:31:4
    at process.processTicksAndRejections (node:internal/process/task_queues:95:5)
2023-05-22 23:05:18 [Project-01] error : uncaughtException: Invalid argument type
TypeError: Invalid argument type
    at encodeCommand (C:\workspace\project\Project_01\node_modules\@redis\client\dist\lib\client\RESP2\encoder.js:17:19)
    at RedisCommandsQueue.getCommandToSend (C:\workspace\project\Project_01\node_modules\@redis\client\dist\lib\client\commands-queue.js:138:45)
    at Commander._RedisClient_tick (C:\workspace\project\Project_01\node_modules\@redis\client\dist\lib\client\index.js:515:76)
    at Commander._RedisClient_sendCommand (C:\workspace\project\Project_01\node_modules\@redis\client\dist\lib\client\index.js:502:82)
    at Commander.commandsExecutor (C:\workspace\project\Project_01\node_modules\@redis\client\dist\lib\client\index.js:188:154)
    at BaseClass.<computed> [as get] (C:\workspace\project\Project_01\node_modules\@redis\client\dist\lib\commander.js:8:29)
    at Object.refreshVerify (file:///C:/workspace/project/Project_01/src/middleware/jwt.util.js:53:38)
    at process.processTicksAndRejections (node:internal/process/task_queues:95:5)
2023-05-22 23:05:15 [Project-01] error : uncaughtException: jwt must be provided
JsonWebTokenError: jwt must be provided
    at module.exports [as verify] (C:\workspace\project\Project_01\node_modules\jsonwebtoken\verify.js:60:17)
    at Object.refreshVerify (file:///C:/workspace/project/Project_01/src/middleware/jwt.util.js:51:30)
    at authJwt (file:///C:/workspace/project/Project_01/src/routes/route_middleware/jwt_auth.js:30:28)
    at Layer.handle [as handle_request] (C:\workspace\project\Project_01\node_modules\express\lib\router\layer.js:95:5)
    at next (C:\workspace\project\Project_01\node_modules\express\lib\router\route.js:144:13)
    at Route.dispatch (C:\workspace\project\Project_01\node_modules\express\lib\router\route.js:114:3)
    at Layer.handle [as handle_request] (C:\workspace\project\Project_01\node_modules\express\lib\router\layer.js:95:5)
    at C:\workspace\project\Project_01\node_modules\express\lib\router\index.js:284:15
    at Function.process_params (C:\workspace\project\Project_01\node_modules\express\lib\router\index.js:346:12)
    at next (C:\workspace\project\Project_01\node_modules\express\lib\router\index.js:280:10)
2023-05-22 23:05:62 [Project-01] error : uncaughtException: Cannot set headers after they are sent to the client
Error [ERR_HTTP_HEADERS_SENT]: Cannot set headers after they are sent to the client
    at new NodeError (node:internal/errors:393:5)
    at ServerResponse.setHeader (node:_http_outgoing:644:11)
    at ServerResponse.header (C:\workspace\project\Project_01\node_modules\express\lib\response.js:794:10)
    at ServerResponse.append (C:\workspace\project\Project_01\node_modules\express\lib\response.js:755:15)
    at res.cookie (C:\workspace\project\Project_01\node_modules\express\lib\response.js:884:8)
    at ServerResponse.clearCookie (C:\workspace\project\Project_01\node_modules\express\lib\response.js:827:15)
    at authJwt (file:///C:/workspace/project/Project_01/src/routes/route_middleware/jwt_auth.js:19:9)
    at Layer.handle [as handle_request] (C:\workspace\project\Project_01\node_modules\express\lib\router\layer.js:95:5)
    at next (C:\workspace\project\Project_01\node_modules\express\lib\router\route.js:144:13)
    at Route.dispatch (C:\workspace\project\Project_01\node_modules\express\lib\router\route.js:114:3)
2023-05-22 23:05:85 [Project-01] error : uncaughtException: Cannot set headers after they are sent to the client
Error [ERR_HTTP_HEADERS_SENT]: Cannot set headers after they are sent to the client
    at new NodeError (node:internal/errors:393:5)
    at ServerResponse.setHeader (node:_http_outgoing:644:11)
    at ServerResponse.header (C:\workspace\project\Project_01\node_modules\express\lib\response.js:794:10)
    at ServerResponse.append (C:\workspace\project\Project_01\node_modules\express\lib\response.js:755:15)
    at res.cookie (C:\workspace\project\Project_01\node_modules\express\lib\response.js:884:8)
    at ServerResponse.clearCookie (C:\workspace\project\Project_01\node_modules\express\lib\response.js:827:15)
    at authJwt (file:///C:/workspace/project/Project_01/src/routes/route_middleware/jwt_auth.js:19:9)
    at Layer.handle [as handle_request] (C:\workspace\project\Project_01\node_modules\express\lib\router\layer.js:95:5)
    at next (C:\workspace\project\Project_01\node_modules\express\lib\router\route.js:144:13)
    at Route.dispatch (C:\workspace\project\Project_01\node_modules\express\lib\router\route.js:114:3)
2023-05-22 23:05:10 [Project-01] error : uncaughtException: Cannot set headers after they are sent to the client
Error [ERR_HTTP_HEADERS_SENT]: Cannot set headers after they are sent to the client
    at new NodeError (node:internal/errors:393:5)
    at ServerResponse.setHeader (node:_http_outgoing:644:11)
    at ServerResponse.header (C:\workspace\project\Project_01\node_modules\express\lib\response.js:794:10)
    at ServerResponse.append (C:\workspace\project\Project_01\node_modules\express\lib\response.js:755:15)
    at res.cookie (C:\workspace\project\Project_01\node_modules\express\lib\response.js:884:8)
    at ServerResponse.clearCookie (C:\workspace\project\Project_01\node_modules\express\lib\response.js:827:15)
    at authJwt (file:///C:/workspace/project/Project_01/src/routes/route_middleware/jwt_auth.js:19:9)
    at Layer.handle [as handle_request] (C:\workspace\project\Project_01\node_modules\express\lib\router\layer.js:95:5)
    at next (C:\workspace\project\Project_01\node_modules\express\lib\router\route.js:144:13)
    at Route.dispatch (C:\workspace\project\Project_01\node_modules\express\lib\router\route.js:114:3)
2023-05-22 23:05:16 [Project-01] error : uncaughtException: Cannot set headers after they are sent to the client
Error [ERR_HTTP_HEADERS_SENT]: Cannot set headers after they are sent to the client
    at new NodeError (node:internal/errors:393:5)
    at ServerResponse.setHeader (node:_http_outgoing:644:11)
    at ServerResponse.header (C:\workspace\project\Project_01\node_modules\express\lib\response.js:794:10)
    at ServerResponse.append (C:\workspace\project\Project_01\node_modules\express\lib\response.js:755:15)
    at res.cookie (C:\workspace\project\Project_01\node_modules\express\lib\response.js:884:8)
    at ServerResponse.clearCookie (C:\workspace\project\Project_01\node_modules\express\lib\response.js:827:15)
    at authJwt (file:///C:/workspace/project/Project_01/src/routes/route_middleware/jwt_auth.js:19:9)
    at Layer.handle [as handle_request] (C:\workspace\project\Project_01\node_modules\express\lib\router\layer.js:95:5)
    at next (C:\workspace\project\Project_01\node_modules\express\lib\router\route.js:144:13)
    at Route.dispatch (C:\workspace\project\Project_01\node_modules\express\lib\router\route.js:114:3)
2023-05-22 23:05:76 [Project-01] error : uncaughtException: decoded is not defined
ReferenceError: decoded is not defined
    at Object.refreshVerify (file:///C:/workspace/project/Project_01/src/middleware/jwt.util.js:58:15)
    at process.processTicksAndRejections (node:internal/process/task_queues:95:5)
2023-05-22 23:05:58 [Project-01] error : uncaughtException: jwt expired
TokenExpiredError: jwt expired
    at C:\workspace\project\Project_01\node_modules\jsonwebtoken\verify.js:190:21
    at getSecret (C:\workspace\project\Project_01\node_modules\jsonwebtoken\verify.js:97:14)
    at module.exports [as verify] (C:\workspace\project\Project_01\node_modules\jsonwebtoken\verify.js:101:10)
    at Object.verify (file:///C:/workspace/project/Project_01/src/middleware/jwt.util.js:24:33)
    at authJwt (file:///C:/workspace/project/Project_01/src/routes/route_middleware/jwt_auth.js:13:26)
    at Layer.handle [as handle_request] (C:\workspace\project\Project_01\node_modules\express\lib\router\layer.js:95:5)
    at next (C:\workspace\project\Project_01\node_modules\express\lib\router\route.js:144:13)
    at Route.dispatch (C:\workspace\project\Project_01\node_modules\express\lib\router\route.js:114:3)
    at Layer.handle [as handle_request] (C:\workspace\project\Project_01\node_modules\express\lib\router\layer.js:95:5)
    at C:\workspace\project\Project_01\node_modules\express\lib\router\index.js:284:15
2023-05-22 23:05:66 [Project-01] error : uncaughtException: jwt expired
TokenExpiredError: jwt expired
    at C:\workspace\project\Project_01\node_modules\jsonwebtoken\verify.js:190:21
    at getSecret (C:\workspace\project\Project_01\node_modules\jsonwebtoken\verify.js:97:14)
    at module.exports [as verify] (C:\workspace\project\Project_01\node_modules\jsonwebtoken\verify.js:101:10)
    at Object.verify (file:///C:/workspace/project/Project_01/src/middleware/jwt.util.js:24:33)
    at authJwt (file:///C:/workspace/project/Project_01/src/routes/route_middleware/jwt_auth.js:13:26)
    at Layer.handle [as handle_request] (C:\workspace\project\Project_01\node_modules\express\lib\router\layer.js:95:5)
    at next (C:\workspace\project\Project_01\node_modules\express\lib\router\route.js:144:13)
    at Route.dispatch (C:\workspace\project\Project_01\node_modules\express\lib\router\route.js:114:3)
    at Layer.handle [as handle_request] (C:\workspace\project\Project_01\node_modules\express\lib\router\layer.js:95:5)
    at C:\workspace\project\Project_01\node_modules\express\lib\router\index.js:284:15
2023-05-22 23:05:48 [Project-01] error : uncaughtException: jwt must be provided
JsonWebTokenError: jwt must be provided
    at module.exports [as verify] (C:\workspace\project\Project_01\node_modules\jsonwebtoken\verify.js:60:17)
    at Object.verify (file:///C:/workspace/project/Project_01/src/middleware/jwt.util.js:24:33)
    at authJwt (file:///C:/workspace/project/Project_01/src/routes/route_middleware/jwt_auth.js:13:26)
    at Layer.handle [as handle_request] (C:\workspace\project\Project_01\node_modules\express\lib\router\layer.js:95:5)
    at next (C:\workspace\project\Project_01\node_modules\express\lib\router\route.js:144:13)
    at Route.dispatch (C:\workspace\project\Project_01\node_modules\express\lib\router\route.js:114:3)
    at Layer.handle [as handle_request] (C:\workspace\project\Project_01\node_modules\express\lib\router\layer.js:95:5)
    at C:\workspace\project\Project_01\node_modules\express\lib\router\index.js:284:15
    at Function.process_params (C:\workspace\project\Project_01\node_modules\express\lib\router\index.js:346:12)
    at next (C:\workspace\project\Project_01\node_modules\express\lib\router\index.js:280:10)
2023-05-22 23:05:80 [Project-01] error : uncaughtException: jwt must be provided
JsonWebTokenError: jwt must be provided
    at module.exports [as verify] (C:\workspace\project\Project_01\node_modules\jsonwebtoken\verify.js:60:17)
    at Object.verify (file:///C:/workspace/project/Project_01/src/middleware/jwt.util.js:24:33)
    at authJwt (file:///C:/workspace/project/Project_01/src/routes/route_middleware/jwt_auth.js:13:26)
    at Layer.handle [as handle_request] (C:\workspace\project\Project_01\node_modules\express\lib\router\layer.js:95:5)
    at next (C:\workspace\project\Project_01\node_modules\express\lib\router\route.js:144:13)
    at Route.dispatch (C:\workspace\project\Project_01\node_modules\express\lib\router\route.js:114:3)
    at Layer.handle [as handle_request] (C:\workspace\project\Project_01\node_modules\express\lib\router\layer.js:95:5)
    at C:\workspace\project\Project_01\node_modules\express\lib\router\index.js:284:15
    at Function.process_params (C:\workspace\project\Project_01\node_modules\express\lib\router\index.js:346:12)
    at next (C:\workspace\project\Project_01\node_modules\express\lib\router\index.js:280:10)
