2023-05-07 16:05:15 [Project-01] info : 로그인 요청
2023-05-07 16:05:26 [Project-01] info : GET /user/login 200 100.615 ms - 1347

2023-05-07 16:05:01 [Project-01] info : 로그인 요청
2023-05-07 16:05:02 [Project-01] info : GET /user/login 200 7.241 ms - 1347

2023-05-07 16:05:87 [Project-01] info : POST /user/login 200 10.109 ms - 123

2023-05-07 16:05:08 [Project-01] info : POST /user/login 200 206.542 ms - 58

2023-05-07 16:05:42 [Project-01] info : POST /user/login 200 166.942 ms - 16

2023-05-07 16:05:45 [Project-01] info : 로그인 요청
2023-05-07 16:05:47 [Project-01] info : GET /user/login 200 21.666 ms - 1132

2023-05-07 16:05:88 [Project-01] info : 로그인 요청
2023-05-07 16:05:90 [Project-01] info : GET /user/login 304 15.432 ms - -

2023-05-07 16:05:14 [Project-01] info : 로그인 요청
2023-05-07 16:05:16 [Project-01] info : GET /user/login 304 21.809 ms - -

2023-05-07 16:05:65 [Project-01] info : 로그인 요청
2023-05-07 16:05:68 [Project-01] info : GET /user/login 304 20.148 ms - -

2023-05-07 16:05:62 [Project-01] info : 로그인 요청
2023-05-07 16:05:67 [Project-01] info : GET /user/login 200 55.176 ms - 1132

2023-05-07 16:05:32 [Project-01] info : 로그인 요청
2023-05-07 16:05:34 [Project-01] info : GET /user/login 200 20.395 ms - 1132

2023-05-07 16:05:79 [Project-01] info : GET /user/logout 403 9.276 ms - 16

2023-05-07 16:05:27 [Project-01] info : GET /favicon.ico 404 11.827 ms - 150

2023-05-07 16:05:07 [Project-01] info : GET / 404 11.847 ms - 139

2023-05-07 16:05:52 [Project-01] info : GET /login 404 10.513 ms - 144

2023-05-07 16:05:59 [Project-01] info : GET /login 404 11.414 ms - 144

2023-05-07 16:05:86 [Project-01] info : 로그인 요청
2023-05-07 16:05:88 [Project-01] info : GET /user/login 304 15.399 ms - -

2023-05-07 16:05:92 [Project-01] info : 로그인 요청
2023-05-07 16:05:94 [Project-01] info : GET /user/login 304 12.533 ms - -

2023-05-07 16:05:39 [Project-01] info : 로그인 요청
2023-05-07 16:05:41 [Project-01] info : GET /user/login 304 15.561 ms - -

2023-05-07 16:05:29 [Project-01] info : GET /user/logout 403 10.339 ms - 16

2023-05-07 16:05:73 [Project-01] info : 로그인 요청
2023-05-07 16:05:76 [Project-01] info : GET /user/login 304 16.265 ms - -

2023-05-07 16:05:74 [Project-01] info : 로그인 요청
2023-05-07 16:05:75 [Project-01] info : GET /user/login 200 7.322 ms - 1347

2023-05-07 16:05:13 [Project-01] info : 로그인 요청
2023-05-07 16:05:14 [Project-01] info : GET /user/login 304 6.987 ms - -

2023-05-07 16:05:40 [Project-01] info : POST /user/login 200 8.321 ms - 75

2023-05-07 16:05:31 [Project-01] info : 로그인 요청
2023-05-07 16:05:35 [Project-01] info : GET /user/login 200 40.743 ms - 1347

2023-05-07 16:05:86 [Project-01] info : 로그인 요청
2023-05-07 16:05:86 [Project-01] info : GET /user/login 200 6.997 ms - 1347

2023-05-07 16:05:71 [Project-01] info : 로그인 요청
2023-05-07 16:05:78 [Project-01] info : GET /user/login 200 65.999 ms - 1347

2023-05-07 16:05:72 [Project-01] info : 로그인 요청
2023-05-07 16:05:73 [Project-01] info : GET /user/login 200 13.862 ms - 1347

2023-05-07 16:05:13 [Project-01] info : GET /user/register 200 133.373 ms - 1499

2023-05-07 16:05:02 [Project-01] info : GET /user/register 304 10.186 ms - -

2023-05-07 16:05:52 [Project-01] info : POST /user/register 302 298.571 ms - 28

2023-05-07 16:05:53 [Project-01] info : GET /login 404 5.739 ms - 144

2023-05-07 16:05:58 [Project-01] info : 로그인 요청
2023-05-07 16:05:59 [Project-01] info : GET /user/login 304 10.660 ms - -

2023-05-07 16:05:80 [Project-01] info : 로그인 요청
2023-05-07 16:05:81 [Project-01] info : GET /user/login 304 11.580 ms - -

2023-05-07 16:05:12 [Project-01] info : 로그인 요청
2023-05-07 16:05:20 [Project-01] info : GET /user/login 200 71.147 ms - 1347

2023-05-07 16:05:05 [Project-01] info : 로그인 요청
2023-05-07 16:05:07 [Project-01] info : GET /user/login 200 11.774 ms - 1347

2023-05-07 16:05:46 [Project-01] info : POST /user/login 500 38.764 ms - 722

2023-05-07 16:05:19 [Project-01] info : 로그인 요청
2023-05-07 16:05:26 [Project-01] info : GET /user/login 200 62.781 ms - 1347

2023-05-07 16:05:42 [Project-01] info : 로그인 요청
2023-05-07 16:05:44 [Project-01] info : GET /user/login 200 14.464 ms - 1347

2023-05-07 16:05:65 [Project-01] info : POST /user/login 500 19.338 ms - 722

2023-05-07 16:05:86 [Project-01] info : 로그인 요청
2023-05-07 16:05:93 [Project-01] info : GET /user/login 200 57.169 ms - 1347

2023-05-07 16:05:96 [Project-01] info : POST /user/login - - ms - -

2023-05-07 16:05:91 [Project-01] info : 로그인 요청
2023-05-07 16:05:92 [Project-01] info : GET /user/login 200 5.096 ms - 1347

2023-05-07 16:05:82 [Project-01] info : 로그인 요청
2023-05-07 16:05:84 [Project-01] info : GET /user/login 200 11.933 ms - 1347

2023-05-07 16:05:89 [Project-01] info : POST /user/login - - ms - -

2023-05-07 16:05:84 [Project-01] info : 로그인 요청
2023-05-07 16:05:85 [Project-01] info : GET /user/login 200 10.625 ms - 1347

2023-05-07 16:05:00 [Project-01] info : 로그인 요청
2023-05-07 16:05:21 [Project-01] info : GET /user/login 200 203.686 ms - 1347

2023-05-07 16:05:70 [Project-01] info : 로그인 요청
2023-05-07 16:05:72 [Project-01] info : GET /user/login 200 13.290 ms - 1347

2023-05-07 16:05:17 [Project-01] info : POST /user/login 500 11.361 ms - 707

2023-05-07 16:05:91 [Project-01] info : 로그인 요청
2023-05-07 16:05:95 [Project-01] info : GET /user/login 200 35.050 ms - 1347

2023-05-07 16:05:38 [Project-01] info : 로그인 요청
2023-05-07 16:05:39 [Project-01] info : GET /user/login 200 6.312 ms - 1347

2023-05-07 16:05:05 [Project-01] info : POST /user/login 200 9.925 ms - 72

2023-05-07 16:05:22 [Project-01] info : POST /user/login 302 239.060 ms - 23

2023-05-07 16:05:29 [Project-01] info : GET / 404 72.777 ms - 139

2023-05-07 16:05:05 [Project-01] info : POST /user/login 302 38.337 ms - 115

2023-05-07 16:05:10 [Project-01] info : GET /?error=%EB%A1%9C%EA%B7%B8%EC%9D%B8%ED%95%9C%20%EC%83%81%ED%83%9C%EC%9E%85%EB%8B%88%EB%8B%A4. 404 33.020 ms - 139

2023-05-07 16:05:57 [Project-01] info : POST /user/login 302 29.916 ms - 115

2023-05-07 16:05:66 [Project-01] info : GET /?error=%EB%A1%9C%EA%B7%B8%EC%9D%B8%ED%95%9C%20%EC%83%81%ED%83%9C%EC%9E%85%EB%8B%88%EB%8B%A4. 404 75.255 ms - 139

2023-05-07 16:05:00 [Project-01] info : 로그인 요청
2023-05-07 16:05:04 [Project-01] info : GET /user/login 200 49.985 ms - 1347

2023-05-07 16:05:49 [Project-01] info : 로그인 요청
2023-05-07 16:05:51 [Project-01] info : GET /user/login 200 30.850 ms - 1347

2023-05-07 16:05:59 [Project-01] info : POST /user/login 302 28.449 ms - 115

2023-05-07 16:05:63 [Project-01] info : GET /?error=%EB%A1%9C%EA%B7%B8%EC%9D%B8%ED%95%9C%20%EC%83%81%ED%83%9C%EC%9E%85%EB%8B%88%EB%8B%A4. 404 27.261 ms - 139

2023-05-07 16:05:05 [Project-01] info : POST /user/login 302 40.313 ms - 115

2023-05-07 16:05:11 [Project-01] info : GET /?error=%EB%A1%9C%EA%B7%B8%EC%9D%B8%ED%95%9C%20%EC%83%81%ED%83%9C%EC%9E%85%EB%8B%88%EB%8B%A4. 404 57.174 ms - 139

2023-05-07 16:05:01 [Project-01] info : 로그인 요청
2023-05-07 16:05:05 [Project-01] info : GET /user/login 200 51.481 ms - 1347

2023-05-07 16:05:56 [Project-01] info : 로그인 요청
2023-05-07 16:05:58 [Project-01] info : GET /user/login 200 32.979 ms - 1347

2023-05-07 16:05:56 [Project-01] info : POST /user/login 302 29.476 ms - 115

2023-05-07 16:05:61 [Project-01] info : GET /?error=%EB%A1%9C%EA%B7%B8%EC%9D%B8%ED%95%9C%20%EC%83%81%ED%83%9C%EC%9E%85%EB%8B%88%EB%8B%A4. 404 35.031 ms - 139

2023-05-07 16:05:87 [Project-01] info : 로그인 요청
2023-05-07 16:05:89 [Project-01] info : GET /user/login 200 35.922 ms - 1347

2023-05-07 16:05:33 [Project-01] info : 로그인 요청
2023-05-07 16:05:34 [Project-01] info : GET /user/login 304 36.164 ms - -

2023-05-07 16:05:90 [Project-01] info : GET /user/register 302 29.742 ms - 230

2023-05-07 16:05:95 [Project-01] info : GET /?error=%EB%A1%9C%EA%B7%B8%EC%9D%B8%ED%95%9C%20%EC%83%81%ED%83%9C%EC%9E%85%EB%8B%88%EB%8B%A4. 404 29.491 ms - 139

2023-05-07 16:05:10 [Project-01] info : 로그인 요청
2023-05-07 16:05:12 [Project-01] info : GET /user/login 304 33.649 ms - -

2023-05-07 16:05:46 [Project-01] info : 로그인 요청
2023-05-07 16:05:48 [Project-01] info : GET /user/login 200 33.000 ms - 1347

2023-05-07 16:05:99 [Project-01] info : 로그인 요청
2023-05-07 16:05:00 [Project-01] info : GET /user/login 200 69.425 ms - 1347

2023-05-07 16:05:98 [Project-01] info : POST /user/login 302 148.512 ms - 115

2023-05-07 16:05:02 [Project-01] info : GET /?error=%EB%A1%9C%EA%B7%B8%EC%9D%B8%ED%95%9C%20%EC%83%81%ED%83%9C%EC%9E%85%EB%8B%88%EB%8B%A4. 404 33.018 ms - 139

2023-05-07 16:05:57 [Project-01] info : POST /user/login 302 227.991 ms - 23

2023-05-07 16:05:61 [Project-01] info : GET / 404 30.898 ms - 139

2023-05-07 16:05:39 [Project-01] info : 로그인 요청
2023-05-07 16:05:42 [Project-01] info : GET /user/login 200 35.210 ms - 1347

2023-05-07 16:05:94 [Project-01] info : 로그인 요청
2023-05-07 16:05:94 [Project-01] info : GET /user/login 200 6.293 ms - 1347

2023-05-07 16:05:28 [Project-01] info : POST /user/login 302 234.077 ms - 33

2023-05-07 16:05:35 [Project-01] info : 로그인 요청
2023-05-07 16:05:36 [Project-01] info : GET /user/login 200 75.351 ms - 1347

2023-05-07 16:05:62 [Project-01] info : POST /user/login 302 290.897 ms - 33

2023-05-07 16:05:68 [Project-01] info : 로그인 요청
2023-05-07 16:05:72 [Project-01] info : GET /user/login 200 97.280 ms - 1347

2023-05-07 16:05:65 [Project-01] info : POST /user/login 302 32.317 ms - 115

2023-05-07 16:05:70 [Project-01] info : GET /?error=%EB%A1%9C%EA%B7%B8%EC%9D%B8%ED%95%9C%20%EC%83%81%ED%83%9C%EC%9E%85%EB%8B%88%EB%8B%A4. 404 34.828 ms - 139

2023-05-07 16:05:64 [Project-01] info : POST /user/login 302 241.831 ms - 33

2023-05-07 16:05:68 [Project-01] info : 로그인 요청
2023-05-07 16:05:69 [Project-01] info : GET /user/login 200 38.179 ms - 1347

2023-05-07 16:05:37 [Project-01] info : 로그인 요청
2023-05-07 16:05:42 [Project-01] info : GET /user/login 200 67.120 ms - 1347

2023-05-07 16:05:04 [Project-01] info : 로그인 요청
2023-05-07 16:05:06 [Project-01] info : GET /user/login 200 32.761 ms - 1347

2023-05-07 16:05:55 [Project-01] info : POST /user/login 302 229.608 ms - 33

2023-05-07 16:05:61 [Project-01] info : 로그인 요청
2023-05-07 16:05:63 [Project-01] info : GET /user/login 200 67.416 ms - 1347

2023-05-07 16:05:21 [Project-01] info : 로그인 요청
2023-05-07 16:05:26 [Project-01] info : GET /user/login 200 73.466 ms - 1347

2023-05-07 16:05:74 [Project-01] info : 로그인 요청
2023-05-07 16:05:76 [Project-01] info : GET /user/login 200 35.346 ms - 1347

2023-05-07 16:05:42 [Project-01] info : POST /user/login 302 237.749 ms - 33

2023-05-07 16:05:48 [Project-01] info : 로그인 요청
2023-05-07 16:05:50 [Project-01] info : GET /user/login 200 72.956 ms - 1347

2023-05-07 16:05:18 [Project-01] info : POST /user/login 302 257.965 ms - 33

2023-05-07 16:05:23 [Project-01] info : 로그인 요청
2023-05-07 16:05:28 [Project-01] info : GET /user/login 200 73.589 ms - 1347

2023-05-07 16:05:88 [Project-01] info : POST /user/login 302 363.401 ms - 33

2023-05-07 16:05:94 [Project-01] info : 로그인 요청
2023-05-07 16:05:00 [Project-01] info : GET /user/login 200 97.397 ms - 1347

2023-05-07 16:05:31 [Project-01] info : POST /user/login 302 312.040 ms - 23

2023-05-07 16:05:40 [Project-01] info : GET / 404 49.377 ms - 139

2023-05-07 16:05:83 [Project-01] info : 로그인 요청
2023-05-07 16:05:87 [Project-01] info : GET /user/login 200 67.275 ms - 1347

2023-05-07 16:05:66 [Project-01] info : 로그인 요청
2023-05-07 16:05:68 [Project-01] info : GET /user/login 200 37.944 ms - 1347

2023-05-07 16:05:66 [Project-01] info : POST /user/login 302 31.286 ms - 115

2023-05-07 16:05:72 [Project-01] info : GET /?error=%EB%A1%9C%EA%B7%B8%EC%9D%B8%ED%95%9C%20%EC%83%81%ED%83%9C%EC%9E%85%EB%8B%88%EB%8B%A4. 404 35.801 ms - 139

2023-05-07 16:05:45 [Project-01] info : POST /user/login 302 320.093 ms - 23

2023-05-07 16:05:51 [Project-01] info : GET / 404 34.830 ms - 139

2023-05-07 16:05:57 [Project-01] info : 로그인 요청
2023-05-07 16:05:69 [Project-01] info : GET /user/login 200 125.313 ms - 1347

2023-05-07 16:05:58 [Project-01] info : 로그인 요청
2023-05-07 16:05:61 [Project-01] info : GET /user/login 200 51.975 ms - 1347

2023-05-07 16:05:81 [Project-01] info : POST /user/login 302 33.106 ms - 115

2023-05-07 16:05:90 [Project-01] info : GET /?error=%EB%A1%9C%EA%B7%B8%EC%9D%B8%ED%95%9C%20%EC%83%81%ED%83%9C%EC%9E%85%EB%8B%88%EB%8B%A4. 404 79.925 ms - 139

2023-05-07 16:05:04 [Project-01] info : POST /user/login 302 31.192 ms - 115

2023-05-07 16:05:09 [Project-01] info : GET /?error=%EB%A1%9C%EA%B7%B8%EC%9D%B8%ED%95%9C%20%EC%83%81%ED%83%9C%EC%9E%85%EB%8B%88%EB%8B%A4. 404 32.203 ms - 139

2023-05-07 16:05:06 [Project-01] info : POST /user/login 403 57.344 ms - 16

2023-05-07 16:05:89 [Project-01] info : POST /user/login 403 32.760 ms - 16

2023-05-07 16:05:47 [Project-01] info : GET /user/register 403 36.497 ms - 16

2023-05-07 16:05:06 [Project-01] info : GET /favicon.ico 404 46.679 ms - 150

2023-05-07 16:05:17 [Project-01] info : 로그인 요청
2023-05-07 16:05:24 [Project-01] info : GET /user/login 200 82.615 ms - 1347

2023-05-07 16:05:31 [Project-01] info : 로그인 요청
2023-05-07 16:05:34 [Project-01] info : GET /user/login 200 39.833 ms - 1347

2023-05-07 16:05:60 [Project-01] info : 로그인 요청
2023-05-07 16:05:63 [Project-01] info : GET /user/login 200 47.599 ms - 1347

2023-05-07 16:05:65 [Project-01] info : POST /user/login 403 31.221 ms - 16

2023-05-07 16:05:69 [Project-01] info : POST /user/login 403 36.654 ms - 16

2023-05-07 16:05:19 [Project-01] info : POST /user/login 403 66.764 ms - 16

2023-05-07 16:05:78 [Project-01] info : 로그인 요청
2023-05-07 16:05:83 [Project-01] info : GET /user/login 200 76.323 ms - 1347

2023-05-07 16:05:69 [Project-01] info : 로그인 요청
2023-05-07 16:05:72 [Project-01] info : GET /user/login 200 47.109 ms - 1347

2023-05-07 16:05:84 [Project-01] info : POST /user/login 403 37.924 ms - 16

2023-05-07 16:05:81 [Project-01] info : POST /user/login 302 351.021 ms - 23

2023-05-07 16:05:87 [Project-01] info : GET / 404 42.142 ms - 139

2023-05-07 16:05:75 [Project-01] info : POST /user/login 200 385.527 ms - 16

2023-05-07 16:05:84 [Project-01] info : 로그인 요청
2023-05-07 16:05:92 [Project-01] info : GET /user/login 200 101.294 ms - 1347

2023-05-07 16:05:72 [Project-01] info : 로그인 요청
2023-05-07 16:05:74 [Project-01] info : GET /user/login 304 48.636 ms - -

2023-05-07 17:05:93 [Project-01] info : 로그인 요청
2023-05-07 17:05:96 [Project-01] info : GET /user/login 200 24.364 ms - 1347

2023-05-07 17:05:50 [Project-01] info : 로그인 요청
2023-05-07 17:05:51 [Project-01] info : GET /user/login 200 7.622 ms - 1347

2023-05-07 17:05:67 [Project-01] info : GET /user/register 200 3.651 ms - 1499

2023-05-07 17:05:01 [Project-01] info : GET /user/register 304 5.295 ms - -

2023-05-07 17:05:49 [Project-01] info : GET /user/register 200 55.066 ms - 1499

2023-05-07 17:05:53 [Project-01] info : GET /user/register 200 10.052 ms - 1499

2023-05-07 17:05:83 [Project-01] info : POST /user/register 500 26.067 ms - 711

2023-05-07 17:05:50 [Project-01] info : 로그인 요청
2023-05-07 17:05:54 [Project-01] info : GET /user/login 304 37.690 ms - -

2023-05-07 17:05:94 [Project-01] info : 로그인 요청
2023-05-07 17:05:94 [Project-01] info : GET /user/login 304 8.336 ms - -

2023-05-07 17:05:21 [Project-01] info : 로그인 요청
2023-05-07 17:05:22 [Project-01] info : GET /user/login 200 4.311 ms - 1347

2023-05-07 17:05:66 [Project-01] info : 로그인 요청
2023-05-07 17:05:67 [Project-01] info : GET /user/login 200 4.826 ms - 1347

2023-05-07 17:05:26 [Project-01] info : 로그인 요청
2023-05-07 17:05:26 [Project-01] info : GET /user/login 200 4.235 ms - 1347

2023-05-07 17:05:77 [Project-01] info : 로그인 요청
2023-05-07 17:05:77 [Project-01] info : GET /user/login 200 3.279 ms - 1347

2023-05-07 17:05:18 [Project-01] info : POST /user/login 200 7.330 ms - 72

2023-05-07 17:05:13 [Project-01] info : POST /user/login 500 4.433 ms - 725

2023-05-07 17:05:32 [Project-01] info : 로그인 요청
2023-05-07 17:05:36 [Project-01] info : GET /user/login 200 36.893 ms - 1347

2023-05-07 17:05:95 [Project-01] info : 로그인 요청
2023-05-07 17:05:96 [Project-01] info : GET /user/login 200 7.704 ms - 1347

2023-05-07 17:05:78 [Project-01] info : POST /user/login 500 48.634 ms - 760

2023-05-07 17:05:34 [Project-01] info : POST /user/login 500 44.392 ms - 760

2023-05-07 17:05:23 [Project-01] info : GET /user/register 304 29.438 ms - -

2023-05-07 17:05:66 [Project-01] info : GET /user/register 304 5.458 ms - -

2023-05-07 17:05:60 [Project-01] info : POST /user/register 302 218.904 ms - 28

2023-05-07 17:05:61 [Project-01] info : GET /login 404 3.318 ms - 144

2023-05-07 18:05:51 [Project-01] info : GET /user/register 200 152.395 ms - 1499

2023-05-07 18:05:59 [Project-01] info : GET /user/register 200 49.113 ms - 1499

2023-05-07 18:05:14 [Project-01] info : GET /user/register 200 7.317 ms - 1499

2023-05-07 18:05:07 [Project-01] info : GET /user/register 200 3.448 ms - 1499

2023-05-07 18:05:21 [Project-01] info : POST /user/register 200 308.742 ms - 16

2023-05-07 18:05:28 [Project-01] info : 로그인 요청
2023-05-07 18:05:29 [Project-01] info : GET /user/login 304 13.786 ms - -

2023-05-07 18:05:13 [Project-01] info : 로그인 요청
2023-05-07 18:05:14 [Project-01] info : GET /user/login 304 13.747 ms - -

2023-05-07 18:05:20 [Project-01] info : POST /user/login 200 7.025 ms - 75

2023-05-07 18:05:93 [Project-01] info : POST /user/login 200 2.305 ms - 75

2023-05-07 18:05:62 [Project-01] info : GET /user/register 200 2.643 ms - 1499

2023-05-07 18:05:37 [Project-01] info : GET /user/register 304 7.864 ms - -

2023-05-07 18:05:92 [Project-01] info : POST /user/register 200 383.700 ms - 16

2023-05-07 18:05:03 [Project-01] info : 로그인 요청
2023-05-07 18:05:09 [Project-01] info : GET /user/login 200 58.702 ms - 1347

2023-05-07 18:05:14 [Project-01] info : 로그인 요청
2023-05-07 18:05:15 [Project-01] info : GET /user/login 304 15.255 ms - -

2023-05-07 18:05:12 [Project-01] info : GET /user/register 200 44.257 ms - 1499

2023-05-07 18:05:26 [Project-01] info : GET /user/register 304 7.973 ms - -

2023-05-07 18:05:45 [Project-01] info : POST /user/register 200 292.283 ms - 16

2023-05-07 18:05:54 [Project-01] info : 로그인 요청
2023-05-07 18:05:55 [Project-01] info : GET /user/login 304 11.755 ms - -

2023-05-07 18:05:16 [Project-01] info : 로그인 요청
2023-05-07 18:05:17 [Project-01] info : GET /user/login 304 14.409 ms - -

2023-05-07 18:05:91 [Project-01] info : GET /user/register 200 47.692 ms - 1499

2023-05-07 18:05:99 [Project-01] info : GET /user/register 304 9.592 ms - -

2023-05-07 18:05:10 [Project-01] info : GET /user/register 200 3.896 ms - 1499

2023-05-07 18:05:16 [Project-01] info : GET /user/register 200 2.651 ms - 1499

2023-05-07 18:05:36 [Project-01] info : POST /user/register 200 479.998 ms - 16

2023-05-07 18:05:49 [Project-01] info : 로그인 요청
2023-05-07 18:05:51 [Project-01] info : GET /user/login 304 13.574 ms - -

2023-05-07 18:05:44 [Project-01] info : 로그인 요청
2023-05-07 18:05:46 [Project-01] info : GET /user/login 304 14.027 ms - -

2023-05-07 18:05:95 [Project-01] info : POST /user/login 200 286.837 ms - 16

2023-05-07 18:05:03 [Project-01] info : 로그인 요청
2023-05-07 18:05:03 [Project-01] info : GET /user/login 200 35.880 ms - 1347

2023-05-07 18:05:78 [Project-01] info : 로그인 요청
2023-05-07 18:05:79 [Project-01] info : GET /user/login 304 38.766 ms - -

2023-05-07 18:05:07 [Project-01] info : POST /user/login 200 176.375 ms - 16

2023-05-07 18:05:12 [Project-01] info : 로그인 요청
2023-05-07 18:05:16 [Project-01] info : GET /user/login 200 54.830 ms - 1347

2023-05-07 18:05:54 [Project-01] info : 로그인 요청
2023-05-07 18:05:54 [Project-01] info : GET /user/login 304 25.939 ms - -

2023-05-07 18:05:53 [Project-01] info : POST /user/login 200 12.074 ms - 75

2023-05-07 18:05:74 [Project-01] info : POST /user/login 200 251.936 ms - 16

2023-05-07 18:05:83 [Project-01] info : 로그인 요청
2023-05-07 18:05:85 [Project-01] info : GET /user/login 200 53.432 ms - 1347

2023-05-07 18:05:24 [Project-01] info : 로그인 요청
2023-05-07 18:05:25 [Project-01] info : GET /user/login 304 36.149 ms - -

2023-05-07 18:05:61 [Project-01] info : 로그인 요청
2023-05-07 18:05:62 [Project-01] info : GET /user/login 200 35.601 ms - 1347

2023-05-07 18:05:14 [Project-01] info : 로그인 요청
2023-05-07 18:05:14 [Project-01] info : GET /user/login 200 33.348 ms - 1347

2023-05-07 18:05:54 [Project-01] info : POST /user/login 200 219.132 ms - 16

2023-05-07 18:05:71 [Project-01] info : 로그인 요청
2023-05-07 18:05:73 [Project-01] info : GET /user/login 200 141.872 ms - 1347

2023-05-07 18:05:43 [Project-01] info : 로그인 요청
2023-05-07 18:05:44 [Project-01] info : GET /user/login 304 363.515 ms - -

2023-05-07 18:05:64 [Project-01] info : GET /user/register 403 29.433 ms - 16

2023-05-07 18:05:100 [Project-01] info : GET /favicon.ico 404 28.162 ms - 150

2023-05-07 18:05:05 [Project-01] info : GET /user/register 200 2.447 ms - 1499

2023-05-07 18:05:36 [Project-01] info : GET /user/register 304 3.328 ms - -

2023-05-07 18:05:26 [Project-01] info : POST /user/register 200 214.171 ms - 16

2023-05-07 18:05:30 [Project-01] info : 로그인 요청
2023-05-07 18:05:30 [Project-01] info : GET /user/login 304 6.269 ms - -

2023-05-07 18:05:68 [Project-01] info : 로그인 요청
2023-05-07 18:05:69 [Project-01] info : GET /user/login 304 7.873 ms - -

2023-05-07 18:05:02 [Project-01] info : POST /user/login 200 195.321 ms - 16

2023-05-07 18:05:07 [Project-01] info : GET /user/login 500 25.461 ms - 589

2023-05-07 18:05:34 [Project-01] info : 로그인 요청
2023-05-07 18:05:37 [Project-01] info : GET /user/login 200 39.104 ms - 1347

2023-05-07 18:05:86 [Project-01] info : 로그인 요청
2023-05-07 18:05:87 [Project-01] info : GET /user/login 200 4.876 ms - 1347

2023-05-07 18:05:71 [Project-01] info : POST /user/login 200 192.254 ms - 16

2023-05-07 18:05:75 [Project-01] info : 로그인 요청
2023-05-07 18:05:76 [Project-01] info : GET /user/login 200 31.005 ms - 1347

2023-05-07 18:05:10 [Project-01] info : 로그인 요청
2023-05-07 18:05:10 [Project-01] info : GET /user/login 304 25.586 ms - -

2023-05-07 18:05:05 [Project-01] info : 로그인 요청
2023-05-07 18:05:10 [Project-01] info : GET /user/login 200 49.357 ms - 1347

2023-05-07 18:05:62 [Project-01] info : 로그인 요청
2023-05-07 18:05:63 [Project-01] info : GET /user/login 200 11.609 ms - 1347

2023-05-07 18:05:11 [Project-01] info : POST /user/login 200 180.742 ms - 16

2023-05-07 18:05:17 [Project-01] info : 로그인 요청
2023-05-07 18:05:18 [Project-01] info : GET /user/login 200 43.913 ms - 1347

2023-05-07 18:05:56 [Project-01] info : 로그인 요청
2023-05-07 18:05:57 [Project-01] info : GET /user/login 304 31.956 ms - -

2023-05-07 18:05:72 [Project-01] info : 로그인 요청
2023-05-07 18:05:83 [Project-01] info : GET /user/login 304 119.208 ms - -

2023-05-07 18:05:74 [Project-01] info : 로그인 요청
2023-05-07 18:05:76 [Project-01] info : GET /user/login 304 18.304 ms - -

2023-05-07 18:05:26 [Project-01] info : 로그인 요청
2023-05-07 18:05:27 [Project-01] info : GET /user/login 304 11.265 ms - -

2023-05-07 18:05:37 [Project-01] info : 로그인 요청
2023-05-07 18:05:39 [Project-01] info : GET /user/login 304 16.799 ms - -

2023-05-07 18:05:15 [Project-01] info : 로그인 요청
2023-05-07 18:05:25 [Project-01] info : GET /user/login 200 98.503 ms - 1347

2023-05-07 18:05:32 [Project-01] info : 로그인 요청
2023-05-07 18:05:33 [Project-01] info : GET /user/login 200 16.331 ms - 1347

2023-05-07 18:05:83 [Project-01] info : 로그인 요청
2023-05-07 18:05:84 [Project-01] info : GET /user/login 200 7.219 ms - 1347

2023-05-07 18:05:52 [Project-01] info : 로그인 요청
2023-05-07 18:05:53 [Project-01] info : GET /user/login 200 13.275 ms - 1347

2023-05-07 18:05:80 [Project-01] info : 로그인 요청
2023-05-07 18:05:82 [Project-01] info : GET /user/login 200 12.664 ms - 1347

2023-05-07 18:05:81 [Project-01] info : 로그인 요청
2023-05-07 18:05:82 [Project-01] info : GET /user/login 200 13.139 ms - 1347

2023-05-07 18:05:07 [Project-01] info : 로그인 요청
2023-05-07 18:05:14 [Project-01] info : GET /user/login 304 54.631 ms - -

2023-05-07 18:05:67 [Project-01] info : 로그인 요청
2023-05-07 18:05:68 [Project-01] info : GET /user/login 304 8.140 ms - -

2023-05-07 18:05:67 [Project-01] info : 로그인 요청
2023-05-07 18:05:75 [Project-01] info : GET /user/login 200 74.713 ms - 1347

2023-05-07 18:05:54 [Project-01] info : 로그인 요청
2023-05-07 18:05:55 [Project-01] info : GET /user/login 200 11.274 ms - 1347

2023-05-07 18:05:37 [Project-01] info : 로그인 요청
2023-05-07 18:05:38 [Project-01] info : GET /user/login 304 12.325 ms - -

2023-05-07 18:05:91 [Project-01] info : 로그인 요청
2023-05-07 18:05:92 [Project-01] info : GET /user/login 304 7.699 ms - -

2023-05-07 18:05:71 [Project-01] info : 로그인 요청
2023-05-07 18:05:72 [Project-01] info : GET /user/login 304 8.497 ms - -

2023-05-07 18:05:41 [Project-01] info : 로그인 요청
2023-05-07 18:05:42 [Project-01] info : GET /user/login 304 9.298 ms - -

2023-05-07 18:05:70 [Project-01] info : GET /user/register 200 9.650 ms - 1499

2023-05-07 18:05:43 [Project-01] info : GET /user/register 304 7.472 ms - -

2023-05-07 18:05:41 [Project-01] info : 로그인 요청
2023-05-07 18:05:42 [Project-01] info : GET /user/login 304 7.806 ms - -

2023-05-07 18:05:04 [Project-01] info : 로그인 요청
2023-05-07 18:05:05 [Project-01] info : GET /user/login 304 11.052 ms - -

2023-05-07 18:05:38 [Project-01] info : 로그인 요청
2023-05-07 18:05:39 [Project-01] info : GET /user/login 304 9.106 ms - -

2023-05-07 18:05:04 [Project-01] info : 로그인 요청
2023-05-07 18:05:06 [Project-01] info : GET /user/login 304 13.044 ms - -

2023-05-07 18:05:20 [Project-01] info : POST /user/login 200 11.215 ms - 75

2023-05-07 18:05:59 [Project-01] info : 로그인 요청
2023-05-07 18:05:60 [Project-01] info : GET /user/login 200 8.560 ms - 1347

2023-05-07 18:05:00 [Project-01] info : 로그인 요청
2023-05-07 18:05:01 [Project-01] info : GET /user/login 304 10.457 ms - -

2023-05-07 18:05:46 [Project-01] info : 로그인 요청
2023-05-07 18:05:50 [Project-01] info : GET /user/login 200 47.872 ms - 1347

2023-05-07 18:05:10 [Project-01] info : 로그인 요청
2023-05-07 18:05:11 [Project-01] info : GET /user/login 200 9.181 ms - 1347

2023-05-07 18:05:31 [Project-01] info : POST /user/login 302 210.493 ms - 33

2023-05-07 18:05:35 [Project-01] info : 로그인 요청
2023-05-07 18:05:36 [Project-01] info : GET /user/login 200 37.539 ms - 1347

2023-05-07 18:05:47 [Project-01] info : 로그인 요청
2023-05-07 18:05:48 [Project-01] info : GET /user/login 200 43.266 ms - 1347

2023-05-07 18:05:94 [Project-01] info : 로그인 요청
2023-05-07 18:05:95 [Project-01] info : GET /user/login 200 30.629 ms - 1347

2023-05-07 18:05:48 [Project-01] info : 로그인 요청
2023-05-07 18:05:49 [Project-01] info : GET /user/login 200 32.765 ms - 1347

2023-05-07 18:05:98 [Project-01] info : 로그인 요청
2023-05-07 18:05:98 [Project-01] info : GET /user/login 200 30.506 ms - 1347

2023-05-07 18:05:83 [Project-01] info : 로그인 요청
2023-05-07 18:05:87 [Project-01] info : GET /user/login 200 43.372 ms - 1347

2023-05-07 18:05:34 [Project-01] info : 로그인 요청
2023-05-07 18:05:35 [Project-01] info : GET /user/login 200 16.295 ms - 1347

2023-05-07 18:05:46 [Project-01] info : 로그인 요청
2023-05-07 18:05:51 [Project-01] info : GET /user/login 200 44.480 ms - 1347

2023-05-07 18:05:98 [Project-01] info : 로그인 요청
2023-05-07 18:05:98 [Project-01] info : GET /user/login 200 8.471 ms - 1347

2023-05-07 18:05:90 [Project-01] info : POST /user/login 200 7.512 ms - 75

2023-05-07 18:05:44 [Project-01] info : POST /user/login 200 3.592 ms - 99

2023-05-07 18:05:15 [Project-01] info : POST /user/login 302 176.041 ms - 33

2023-05-07 18:05:18 [Project-01] info : 로그인 요청
2023-05-07 18:05:19 [Project-01] info : GET /user/login 200 33.813 ms - 1347

2023-05-07 18:05:37 [Project-01] info : POST /user/login 403 29.072 ms - 16

2023-05-07 18:05:09 [Project-01] info : POST /user/login 403 27.754 ms - 16

2023-05-07 18:05:90 [Project-01] info : 로그인 요청
2023-05-07 18:05:91 [Project-01] info : GET /user/login 200 35.873 ms - 1347

2023-05-07 18:05:37 [Project-01] info : 로그인 요청
2023-05-07 18:05:38 [Project-01] info : GET /user/login 200 36.420 ms - 1347

2023-05-07 18:05:38 [Project-01] info : POST /user/login 200 26.752 ms - 75

2023-05-07 18:05:07 [Project-01] info : POST /user/login 200 24.827 ms - 75

2023-05-07 18:05:76 [Project-01] info : POST /user/login 200 26.299 ms - 75

2023-05-07 18:05:08 [Project-01] info : POST /user/login 200 26.533 ms - 75

2023-05-07 18:05:62 [Project-01] info : POST /user/login 200 25.956 ms - 75

2023-05-07 18:05:11 [Project-01] info : 로그인 요청
2023-05-07 18:05:17 [Project-01] info : GET /user/login 200 60.441 ms - 1347

2023-05-07 18:05:71 [Project-01] info : 로그인 요청
2023-05-07 18:05:72 [Project-01] info : GET /user/login 200 8.178 ms - 1347

2023-05-07 18:05:17 [Project-01] info : 로그인 요청
2023-05-07 18:05:17 [Project-01] info : GET /user/login 200 6.902 ms - 1347

2023-05-07 18:05:58 [Project-01] info : 로그인 요청
2023-05-07 18:05:59 [Project-01] info : GET /user/login 200 8.322 ms - 1347

2023-05-07 18:05:24 [Project-01] info : 로그인 요청
2023-05-07 18:05:29 [Project-01] info : GET /user/login 200 44.210 ms - 1347

2023-05-07 18:05:72 [Project-01] info : 로그인 요청
2023-05-07 18:05:73 [Project-01] info : GET /user/login 200 11.728 ms - 1347

2023-05-07 18:05:45 [Project-01] info : 로그인 요청
2023-05-07 18:05:54 [Project-01] info : GET /user/login 200 83.687 ms - 1347

2023-05-07 18:05:42 [Project-01] info : 로그인 요청
2023-05-07 18:05:44 [Project-01] info : GET /user/login 200 18.746 ms - 1347

2023-05-07 18:05:86 [Project-01] info : 로그인 요청
2023-05-07 18:05:87 [Project-01] info : GET /user/login 304 12.152 ms - -

2023-05-07 18:05:45 [Project-01] info : 로그인 요청
2023-05-07 18:05:46 [Project-01] info : GET /user/login 304 11.173 ms - -

2023-05-07 18:05:74 [Project-01] info : POST /user/login 200 19.569 ms - 75

2023-05-07 18:05:79 [Project-01] info : 로그인 요청
2023-05-07 18:05:86 [Project-01] info : GET /user/login 200 65.598 ms - 1347

2023-05-07 18:05:44 [Project-01] info : 로그인 요청
2023-05-07 18:05:46 [Project-01] info : GET /user/login 304 14.393 ms - -

2023-05-07 18:05:71 [Project-01] info : GET /user/login 200 107.781 ms - 1347

2023-05-07 18:05:75 [Project-01] info : GET /user/login 304 18.224 ms - -

2023-05-07 18:05:67 [Project-01] info : GET /user/login 200 11.342 ms - 1347

2023-05-07 18:05:19 [Project-01] info : GET /user/login 304 12.023 ms - -

2023-05-07 18:05:88 [Project-01] info : GET /user/login 304 25.249 ms - -

2023-05-07 18:05:88 [Project-01] info : GET /user/login 304 88.609 ms - -

2023-05-07 18:05:61 [Project-01] info : GET /user/login 304 16.411 ms - -

2023-05-07 18:05:45 [Project-01] info : GET /user/login 500 104.238 ms - 1993

2023-05-07 18:05:82 [Project-01] info : GET /user/register 304 52.247 ms - -

2023-05-07 18:05:29 [Project-01] info : GET /user/login 200 20.171 ms - 1347

2023-05-07 18:05:01 [Project-01] info : GET /user/login 304 15.136 ms - -

2023-05-07 18:05:68 [Project-01] info : GET /user/login 304 83.590 ms - -

2023-05-07 18:05:48 [Project-01] info : GET /user/login 304 20.811 ms - -

